{"G:\\Work\\Apps\\oi-gamez-room-api\\lambda\\packages\\communication\\src\\client\\client.ts": {"path":"G:\\Work\\Apps\\oi-gamez-room-api\\lambda\\packages\\communication\\src\\client\\client.ts","statementMap":{"0":{"start":{"line":1,"column":0},"end":{"line":1,"column":88}},"1":{"start":{"line":3,"column":0},"end":{"line":3,"column":66}},"2":{"start":{"line":5,"column":13},"end":{"line":7,"column":3}}},"fnMap":{},"branchMap":{},"s":{"0":1,"1":1,"2":1},"f":{},"b":{}}
,"G:\\Work\\Apps\\oi-gamez-room-api\\lambda\\packages\\communication\\src\\client\\index.ts": {"path":"G:\\Work\\Apps\\oi-gamez-room-api\\lambda\\packages\\communication\\src\\client\\index.ts","statementMap":{"0":{"start":{"line":1,"column":0},"end":{"line":1,"column":25}}},"fnMap":{},"branchMap":{},"s":{"0":1},"f":{},"b":{}}
,"G:\\Work\\Apps\\oi-gamez-room-api\\lambda\\packages\\communication\\src\\communication-service\\communication-service.ts": {"path":"G:\\Work\\Apps\\oi-gamez-room-api\\lambda\\packages\\communication\\src\\communication-service\\communication-service.ts","statementMap":{"0":{"start":{"line":1,"column":0},"end":{"line":1,"column":null}},"1":{"start":{"line":8,"column":0},"end":{"line":8,"column":35}},"2":{"start":{"line":10,"column":31},"end":{"line":29,"column":1}},"3":{"start":{"line":14,"column":2},"end":{"line":28,"column":null}},"4":{"start":{"line":15,"column":4},"end":{"line":27,"column":null}},"5":{"start":{"line":16,"column":22},"end":{"line":19,"column":8}},"6":{"start":{"line":21,"column":6},"end":{"line":21,"column":33}},"7":{"start":{"line":23,"column":6},"end":{"line":26,"column":8}},"8":{"start":{"line":31,"column":25},"end":{"line":40,"column":1}},"9":{"start":{"line":35,"column":24},"end":{"line":36,"column":null}},"10":{"start":{"line":36,"column":4},"end":{"line":36,"column":51}},"11":{"start":{"line":39,"column":2},"end":{"line":39,"column":35}},"12":{"start":{"line":31,"column":13},"end":{"line":31,"column":25}},"13":{"start":{"line":42,"column":31},"end":{"line":54,"column":1}},"14":{"start":{"line":43,"column":2},"end":{"line":53,"column":null}},"15":{"start":{"line":44,"column":4},"end":{"line":52,"column":null}},"16":{"start":{"line":45,"column":22},"end":{"line":47,"column":8}},"17":{"start":{"line":49,"column":6},"end":{"line":49,"column":33}},"18":{"start":{"line":51,"column":6},"end":{"line":51,"column":64}},"19":{"start":{"line":42,"column":13},"end":{"line":42,"column":31}}},"fnMap":{"0":{"name":"(anonymous_0)","decl":{"start":{"line":10,"column":31},"end":{"line":10,"column":36}},"loc":{"start":{"line":13,"column":19},"end":{"line":29,"column":1}}},"1":{"name":"(anonymous_1)","decl":{"start":{"line":31,"column":25},"end":{"line":31,"column":30}},"loc":{"start":{"line":34,"column":19},"end":{"line":40,"column":1}}},"2":{"name":"(anonymous_2)","decl":{"start":{"line":35,"column":40},"end":{"line":35,"column":41}},"loc":{"start":{"line":36,"column":4},"end":{"line":36,"column":51}}},"3":{"name":"(anonymous_3)","decl":{"start":{"line":42,"column":31},"end":{"line":42,"column":36}},"loc":{"start":{"line":42,"column":77},"end":{"line":54,"column":1}}}},"branchMap":{"0":{"loc":{"start":{"line":14,"column":2},"end":{"line":28,"column":null}},"type":"if","locations":[{"start":{"line":14,"column":2},"end":{"line":28,"column":null}}]},"1":{"loc":{"start":{"line":14,"column":6},"end":{"line":14,"column":47}},"type":"binary-expr","locations":[{"start":{"line":14,"column":6},"end":{"line":14,"column":18}},{"start":{"line":14,"column":22},"end":{"line":14,"column":47}}]},"2":{"loc":{"start":{"line":43,"column":2},"end":{"line":53,"column":null}},"type":"if","locations":[{"start":{"line":43,"column":2},"end":{"line":53,"column":null}}]}},"s":{"0":1,"1":1,"2":1,"3":9,"4":5,"5":5,"6":5,"7":1,"8":1,"9":3,"10":9,"11":3,"12":1,"13":1,"14":3,"15":2,"16":2,"17":2,"18":1,"19":1},"f":{"0":9,"1":3,"2":9,"3":3},"b":{"0":[5],"1":[9,8],"2":[2]}}
,"G:\\Work\\Apps\\oi-gamez-room-api\\lambda\\packages\\communication\\src\\events\\change-host-communication-event.ts": {"path":"G:\\Work\\Apps\\oi-gamez-room-api\\lambda\\packages\\communication\\src\\events\\change-host-communication-event.ts","statementMap":{"0":{"start":{"line":1,"column":0},"end":{"line":1,"column":72}},"1":{"start":{"line":2,"column":0},"end":{"line":2,"column":59}},"2":{"start":{"line":6,"column":4},"end":{"line":6,"column":47}},"3":{"start":{"line":5,"column":21},"end":{"line":5,"column":40}},"4":{"start":{"line":5,"column":49},"end":{"line":5,"column":68}},"5":{"start":{"line":4,"column":0},"end":{"line":4,"column":13}}},"fnMap":{"0":{"name":"(anonymous_0)","decl":{"start":{"line":5,"column":2},"end":{"line":5,"column":21}},"loc":{"start":{"line":5,"column":68},"end":{"line":7,"column":3}}}},"branchMap":{},"s":{"0":1,"1":1,"2":1,"3":1,"4":1,"5":1},"f":{"0":1},"b":{}}
,"G:\\Work\\Apps\\oi-gamez-room-api\\lambda\\packages\\communication\\src\\events\\communication-event.ts": {"path":"G:\\Work\\Apps\\oi-gamez-room-api\\lambda\\packages\\communication\\src\\events\\communication-event.ts","statementMap":{"0":{"start":{"line":4,"column":21},"end":{"line":4,"column":62}},"1":{"start":{"line":3,"column":0},"end":{"line":3,"column":22}}},"fnMap":{"0":{"name":"(anonymous_0)","decl":{"start":{"line":4,"column":2},"end":{"line":4,"column":21}},"loc":{"start":{"line":4,"column":62},"end":{"line":4,"column":66}}}},"branchMap":{},"s":{"0":10,"1":10},"f":{"0":10},"b":{}}
,"G:\\Work\\Apps\\oi-gamez-room-api\\lambda\\packages\\communication\\src\\events\\disable-game-start-communication-event.ts": {"path":"G:\\Work\\Apps\\oi-gamez-room-api\\lambda\\packages\\communication\\src\\events\\disable-game-start-communication-event.ts","statementMap":{"0":{"start":{"line":1,"column":0},"end":{"line":1,"column":72}},"1":{"start":{"line":2,"column":0},"end":{"line":2,"column":59}},"2":{"start":{"line":6,"column":4},"end":{"line":6,"column":53}},"3":{"start":{"line":4,"column":0},"end":{"line":4,"column":13}}},"fnMap":{"0":{"name":"(anonymous_0)","decl":{"start":{"line":5,"column":2},"end":{"line":5,"column":null}},"loc":{"start":{"line":5,"column":2},"end":{"line":7,"column":3}}}},"branchMap":{},"s":{"0":1,"1":1,"2":1,"3":1},"f":{"0":1},"b":{}}
,"G:\\Work\\Apps\\oi-gamez-room-api\\lambda\\packages\\communication\\src\\events\\enable-game-start-communication-event.ts": {"path":"G:\\Work\\Apps\\oi-gamez-room-api\\lambda\\packages\\communication\\src\\events\\enable-game-start-communication-event.ts","statementMap":{"0":{"start":{"line":1,"column":0},"end":{"line":1,"column":72}},"1":{"start":{"line":2,"column":0},"end":{"line":2,"column":59}},"2":{"start":{"line":6,"column":4},"end":{"line":6,"column":52}},"3":{"start":{"line":4,"column":0},"end":{"line":4,"column":13}}},"fnMap":{"0":{"name":"(anonymous_0)","decl":{"start":{"line":5,"column":2},"end":{"line":5,"column":null}},"loc":{"start":{"line":5,"column":2},"end":{"line":7,"column":3}}}},"branchMap":{},"s":{"0":1,"1":1,"2":1,"3":1},"f":{"0":1},"b":{}}
,"G:\\Work\\Apps\\oi-gamez-room-api\\lambda\\packages\\communication\\src\\events\\game-completed-communication-event.ts": {"path":"G:\\Work\\Apps\\oi-gamez-room-api\\lambda\\packages\\communication\\src\\events\\game-completed-communication-event.ts","statementMap":{"0":{"start":{"line":1,"column":0},"end":{"line":1,"column":72}},"1":{"start":{"line":2,"column":0},"end":{"line":2,"column":59}},"2":{"start":{"line":6,"column":4},"end":{"line":6,"column":50}},"3":{"start":{"line":4,"column":0},"end":{"line":4,"column":13}}},"fnMap":{"0":{"name":"(anonymous_0)","decl":{"start":{"line":5,"column":2},"end":{"line":5,"column":null}},"loc":{"start":{"line":5,"column":2},"end":{"line":7,"column":3}}}},"branchMap":{},"s":{"0":1,"1":1,"2":1,"3":1},"f":{"0":1},"b":{}}
,"G:\\Work\\Apps\\oi-gamez-room-api\\lambda\\packages\\communication\\src\\events\\game-initialized-communication-event.ts": {"path":"G:\\Work\\Apps\\oi-gamez-room-api\\lambda\\packages\\communication\\src\\events\\game-initialized-communication-event.ts","statementMap":{"0":{"start":{"line":1,"column":0},"end":{"line":1,"column":72}},"1":{"start":{"line":2,"column":0},"end":{"line":2,"column":59}},"2":{"start":{"line":6,"column":4},"end":{"line":6,"column":52}},"3":{"start":{"line":4,"column":0},"end":{"line":4,"column":13}}},"fnMap":{"0":{"name":"(anonymous_0)","decl":{"start":{"line":5,"column":2},"end":{"line":5,"column":null}},"loc":{"start":{"line":5,"column":2},"end":{"line":7,"column":3}}}},"branchMap":{},"s":{"0":1,"1":1,"2":1,"3":1},"f":{"0":1},"b":{}}
,"G:\\Work\\Apps\\oi-gamez-room-api\\lambda\\packages\\communication\\src\\events\\game-started-communication-event.ts": {"path":"G:\\Work\\Apps\\oi-gamez-room-api\\lambda\\packages\\communication\\src\\events\\game-started-communication-event.ts","statementMap":{"0":{"start":{"line":1,"column":0},"end":{"line":1,"column":72}},"1":{"start":{"line":2,"column":0},"end":{"line":2,"column":59}},"2":{"start":{"line":6,"column":4},"end":{"line":6,"column":48}},"3":{"start":{"line":4,"column":0},"end":{"line":4,"column":13}}},"fnMap":{"0":{"name":"(anonymous_0)","decl":{"start":{"line":5,"column":2},"end":{"line":5,"column":null}},"loc":{"start":{"line":5,"column":2},"end":{"line":7,"column":3}}}},"branchMap":{},"s":{"0":1,"1":1,"2":1,"3":1},"f":{"0":1},"b":{}}
,"G:\\Work\\Apps\\oi-gamez-room-api\\lambda\\packages\\communication\\src\\events\\generic-communication-event.ts": {"path":"G:\\Work\\Apps\\oi-gamez-room-api\\lambda\\packages\\communication\\src\\events\\generic-communication-event.ts","statementMap":{"0":{"start":{"line":1,"column":0},"end":{"line":1,"column":59}},"1":{"start":{"line":5,"column":4},"end":{"line":5,"column":18}},"2":{"start":{"line":4,"column":37},"end":{"line":4,"column":53}},"3":{"start":{"line":3,"column":0},"end":{"line":3,"column":13}}},"fnMap":{"0":{"name":"(anonymous_0)","decl":{"start":{"line":4,"column":2},"end":{"line":4,"column":14}},"loc":{"start":{"line":4,"column":53},"end":{"line":6,"column":3}}}},"branchMap":{},"s":{"0":1,"1":1,"2":1,"3":1},"f":{"0":1},"b":{}}
,"G:\\Work\\Apps\\oi-gamez-room-api\\lambda\\packages\\communication\\src\\events\\host-transfer-communication-event.ts": {"path":"G:\\Work\\Apps\\oi-gamez-room-api\\lambda\\packages\\communication\\src\\events\\host-transfer-communication-event.ts","statementMap":{"0":{"start":{"line":1,"column":0},"end":{"line":1,"column":72}},"1":{"start":{"line":2,"column":0},"end":{"line":2,"column":59}},"2":{"start":{"line":6,"column":4},"end":{"line":6,"column":49}},"3":{"start":{"line":4,"column":0},"end":{"line":4,"column":13}}},"fnMap":{"0":{"name":"(anonymous_0)","decl":{"start":{"line":5,"column":2},"end":{"line":5,"column":null}},"loc":{"start":{"line":5,"column":2},"end":{"line":7,"column":3}}}},"branchMap":{},"s":{"0":1,"1":1,"2":1,"3":1},"f":{"0":1},"b":{}}
,"G:\\Work\\Apps\\oi-gamez-room-api\\lambda\\packages\\communication\\src\\events\\user-joined-communication-event.ts": {"path":"G:\\Work\\Apps\\oi-gamez-room-api\\lambda\\packages\\communication\\src\\events\\user-joined-communication-event.ts","statementMap":{"0":{"start":{"line":1,"column":0},"end":{"line":1,"column":72}},"1":{"start":{"line":2,"column":0},"end":{"line":2,"column":59}},"2":{"start":{"line":6,"column":4},"end":{"line":6,"column":47}},"3":{"start":{"line":5,"column":21},"end":{"line":5,"column":37}},"4":{"start":{"line":4,"column":0},"end":{"line":4,"column":13}}},"fnMap":{"0":{"name":"(anonymous_0)","decl":{"start":{"line":5,"column":2},"end":{"line":5,"column":21}},"loc":{"start":{"line":5,"column":37},"end":{"line":7,"column":3}}}},"branchMap":{},"s":{"0":1,"1":1,"2":1,"3":1,"4":1},"f":{"0":1},"b":{}}
,"G:\\Work\\Apps\\oi-gamez-room-api\\lambda\\packages\\communication\\src\\events\\user-left-communication-event.ts": {"path":"G:\\Work\\Apps\\oi-gamez-room-api\\lambda\\packages\\communication\\src\\events\\user-left-communication-event.ts","statementMap":{"0":{"start":{"line":1,"column":0},"end":{"line":1,"column":72}},"1":{"start":{"line":2,"column":0},"end":{"line":2,"column":59}},"2":{"start":{"line":6,"column":4},"end":{"line":6,"column":45}},"3":{"start":{"line":5,"column":21},"end":{"line":5,"column":37}},"4":{"start":{"line":4,"column":0},"end":{"line":4,"column":13}}},"fnMap":{"0":{"name":"(anonymous_0)","decl":{"start":{"line":5,"column":2},"end":{"line":5,"column":21}},"loc":{"start":{"line":5,"column":37},"end":{"line":7,"column":3}}}},"branchMap":{},"s":{"0":1,"1":1,"2":1,"3":1,"4":1},"f":{"0":1},"b":{}}
,"G:\\Work\\Apps\\oi-gamez-room-api\\lambda\\packages\\communication\\src\\events\\communication-action-types\\communication-action-types.ts": {"path":"G:\\Work\\Apps\\oi-gamez-room-api\\lambda\\packages\\communication\\src\\events\\communication-action-types\\communication-action-types.ts","statementMap":{"0":{"start":{"line":1,"column":0},"end":{"line":1,"column":null}},"1":{"start":{"line":2,"column":2},"end":{"line":2,"column":null}},"2":{"start":{"line":3,"column":2},"end":{"line":3,"column":null}},"3":{"start":{"line":4,"column":2},"end":{"line":4,"column":null}},"4":{"start":{"line":5,"column":2},"end":{"line":5,"column":null}},"5":{"start":{"line":6,"column":2},"end":{"line":6,"column":null}},"6":{"start":{"line":7,"column":2},"end":{"line":7,"column":null}},"7":{"start":{"line":8,"column":2},"end":{"line":8,"column":null}},"8":{"start":{"line":9,"column":2},"end":{"line":9,"column":null}},"9":{"start":{"line":10,"column":2},"end":{"line":10,"column":null}},"10":{"start":{"line":11,"column":2},"end":{"line":11,"column":null}}},"fnMap":{"0":{"name":"(anonymous_0)","decl":{"start":{"line":1,"column":0},"end":{"line":1,"column":12}},"loc":{"start":{"line":1,"column":36},"end":{"line":12,"column":1}}}},"branchMap":{"0":{"loc":{"start":{"line":1,"column":12},"end":{"line":1,"column":null}},"type":"binary-expr","locations":[{"start":{"line":1,"column":12},"end":{"line":1,"column":36}},{"start":{"line":1,"column":36},"end":{"line":1,"column":null}}]}},"s":{"0":10,"1":10,"2":10,"3":10,"4":10,"5":10,"6":10,"7":10,"8":10,"9":10,"10":10},"f":{"0":10},"b":{"0":[10,10]}}
,"G:\\Work\\Apps\\oi-gamez-room-api\\lambda\\packages\\communication\\src\\events\\communication-action-types\\index.ts": {"path":"G:\\Work\\Apps\\oi-gamez-room-api\\lambda\\packages\\communication\\src\\events\\communication-action-types\\index.ts","statementMap":{"0":{"start":{"line":1,"column":0},"end":{"line":1,"column":45}}},"fnMap":{},"branchMap":{},"s":{"0":9},"f":{},"b":{}}
,"G:\\Work\\Apps\\oi-gamez-room-api\\lambda\\packages\\configuration\\src\\index.ts": {"path":"G:\\Work\\Apps\\oi-gamez-room-api\\lambda\\packages\\configuration\\src\\index.ts","statementMap":{"0":{"start":{"line":1,"column":0},"end":{"line":1,"column":44}},"1":{"start":{"line":2,"column":0},"end":{"line":2,"column":38}},"2":{"start":{"line":3,"column":0},"end":{"line":3,"column":36}},"3":{"start":{"line":4,"column":0},"end":{"line":4,"column":47}},"4":{"start":{"line":5,"column":0},"end":{"line":5,"column":54}},"5":{"start":{"line":6,"column":0},"end":{"line":6,"column":47}},"6":{"start":{"line":7,"column":0},"end":{"line":7,"column":38}},"7":{"start":{"line":8,"column":0},"end":{"line":8,"column":48}},"8":{"start":{"line":9,"column":0},"end":{"line":9,"column":38}},"9":{"start":{"line":10,"column":0},"end":{"line":10,"column":48}},"10":{"start":{"line":11,"column":0},"end":{"line":11,"column":58}},"11":{"start":{"line":12,"column":0},"end":{"line":12,"column":39}},"12":{"start":{"line":13,"column":0},"end":{"line":13,"column":43}},"13":{"start":{"line":14,"column":0},"end":{"line":14,"column":43}},"14":{"start":{"line":15,"column":0},"end":{"line":15,"column":41}},"15":{"start":{"line":16,"column":0},"end":{"line":16,"column":42}}},"fnMap":{},"branchMap":{},"s":{"0":5,"1":5,"2":5,"3":5,"4":5,"5":5,"6":5,"7":5,"8":5,"9":5,"10":5,"11":5,"12":5,"13":5,"14":5,"15":5},"f":{},"b":{}}
,"G:\\Work\\Apps\\oi-gamez-room-api\\lambda\\packages\\configuration\\src\\connect-window-in-seconds\\connection-window-in-seconds.ts": {"path":"G:\\Work\\Apps\\oi-gamez-room-api\\lambda\\packages\\configuration\\src\\connect-window-in-seconds\\connection-window-in-seconds.ts","statementMap":{"0":{"start":{"line":1,"column":13},"end":{"line":4,"column":2}}},"fnMap":{},"branchMap":{"0":{"loc":{"start":{"line":2,"column":2},"end":{"line":2,"column":45}},"type":"binary-expr","locations":[{"start":{"line":2,"column":2},"end":{"line":2,"column":39}},{"start":{"line":2,"column":43},"end":{"line":2,"column":45}}]}},"s":{"0":8},"f":{},"b":{"0":[8,7]}}
,"G:\\Work\\Apps\\oi-gamez-room-api\\lambda\\packages\\configuration\\src\\connect-window-in-seconds\\index.ts": {"path":"G:\\Work\\Apps\\oi-gamez-room-api\\lambda\\packages\\configuration\\src\\connect-window-in-seconds\\index.ts","statementMap":{"0":{"start":{"line":1,"column":0},"end":{"line":1,"column":47}},"1":{"start":{"line":2,"column":0},"end":{"line":2,"column":54}}},"fnMap":{},"branchMap":{},"s":{"0":5,"1":5},"f":{},"b":{}}
,"G:\\Work\\Apps\\oi-gamez-room-api\\lambda\\packages\\configuration\\src\\connect-window-in-seconds\\verify-connection-window-in-seconds.ts": {"path":"G:\\Work\\Apps\\oi-gamez-room-api\\lambda\\packages\\configuration\\src\\connect-window-in-seconds\\verify-connection-window-in-seconds.ts","statementMap":{"0":{"start":{"line":1,"column":0},"end":{"line":1,"column":75}},"1":{"start":{"line":3,"column":47},"end":{"line":8,"column":1}},"2":{"start":{"line":4,"column":2},"end":{"line":7,"column":null}},"3":{"start":{"line":5,"column":4},"end":{"line":6,"column":78}},"4":{"start":{"line":3,"column":13},"end":{"line":3,"column":47}}},"fnMap":{"0":{"name":"(anonymous_0)","decl":{"start":{"line":3,"column":47},"end":{"line":3,"column":56}},"loc":{"start":{"line":3,"column":58},"end":{"line":8,"column":1}}}},"branchMap":{"0":{"loc":{"start":{"line":4,"column":2},"end":{"line":7,"column":null}},"type":"if","locations":[{"start":{"line":4,"column":2},"end":{"line":7,"column":null}}]}},"s":{"0":8,"1":8,"2":3,"3":2,"4":8},"f":{"0":3},"b":{"0":[2]}}
,"G:\\Work\\Apps\\oi-gamez-room-api\\lambda\\packages\\configuration\\src\\cors-allowed-origin\\cors-allowed-origin.ts": {"path":"G:\\Work\\Apps\\oi-gamez-room-api\\lambda\\packages\\configuration\\src\\cors-allowed-origin\\cors-allowed-origin.ts","statementMap":{"0":{"start":{"line":1,"column":13},"end":{"line":1,"column":75}}},"fnMap":{},"branchMap":{"0":{"loc":{"start":{"line":1,"column":36},"end":{"line":1,"column":74}},"type":"binary-expr","locations":[{"start":{"line":1,"column":36},"end":{"line":1,"column":68}},{"start":{"line":1,"column":72},"end":{"line":1,"column":74}}]}},"s":{"0":8},"f":{},"b":{"0":[8,7]}}
,"G:\\Work\\Apps\\oi-gamez-room-api\\lambda\\packages\\configuration\\src\\cors-allowed-origin\\index.ts": {"path":"G:\\Work\\Apps\\oi-gamez-room-api\\lambda\\packages\\configuration\\src\\cors-allowed-origin\\index.ts","statementMap":{"0":{"start":{"line":1,"column":0},"end":{"line":1,"column":38}},"1":{"start":{"line":2,"column":0},"end":{"line":2,"column":45}}},"fnMap":{},"branchMap":{},"s":{"0":5,"1":5},"f":{},"b":{}}
,"G:\\Work\\Apps\\oi-gamez-room-api\\lambda\\packages\\configuration\\src\\cors-allowed-origin\\verify-cors-allowed-origin.ts": {"path":"G:\\Work\\Apps\\oi-gamez-room-api\\lambda\\packages\\configuration\\src\\cors-allowed-origin\\verify-cors-allowed-origin.ts","statementMap":{"0":{"start":{"line":1,"column":0},"end":{"line":1,"column":61}},"1":{"start":{"line":3,"column":39},"end":{"line":7,"column":1}},"2":{"start":{"line":4,"column":2},"end":{"line":6,"column":null}},"3":{"start":{"line":5,"column":4},"end":{"line":5,"column":76}},"4":{"start":{"line":3,"column":13},"end":{"line":3,"column":39}}},"fnMap":{"0":{"name":"(anonymous_0)","decl":{"start":{"line":3,"column":39},"end":{"line":3,"column":48}},"loc":{"start":{"line":3,"column":50},"end":{"line":7,"column":1}}}},"branchMap":{"0":{"loc":{"start":{"line":4,"column":2},"end":{"line":6,"column":null}},"type":"if","locations":[{"start":{"line":4,"column":2},"end":{"line":6,"column":null}}]}},"s":{"0":7,"1":7,"2":2,"3":1,"4":7},"f":{"0":2},"b":{"0":[1]}}
,"G:\\Work\\Apps\\oi-gamez-room-api\\lambda\\packages\\configuration\\src\\dynamo-connection-index-name\\dynamo-connection-index-name.ts": {"path":"G:\\Work\\Apps\\oi-gamez-room-api\\lambda\\packages\\configuration\\src\\dynamo-connection-index-name\\dynamo-connection-index-name.ts","statementMap":{"0":{"start":{"line":1,"column":13},"end":{"line":2,"column":49}}},"fnMap":{},"branchMap":{"0":{"loc":{"start":{"line":2,"column":2},"end":{"line":2,"column":48}},"type":"binary-expr","locations":[{"start":{"line":2,"column":2},"end":{"line":2,"column":42}},{"start":{"line":2,"column":46},"end":{"line":2,"column":48}}]}},"s":{"0":8},"f":{},"b":{"0":[8,7]}}
,"G:\\Work\\Apps\\oi-gamez-room-api\\lambda\\packages\\configuration\\src\\dynamo-connection-index-name\\index.ts": {"path":"G:\\Work\\Apps\\oi-gamez-room-api\\lambda\\packages\\configuration\\src\\dynamo-connection-index-name\\index.ts","statementMap":{"0":{"start":{"line":1,"column":0},"end":{"line":1,"column":47}},"1":{"start":{"line":2,"column":0},"end":{"line":2,"column":54}}},"fnMap":{},"branchMap":{},"s":{"0":5,"1":5},"f":{},"b":{}}
,"G:\\Work\\Apps\\oi-gamez-room-api\\lambda\\packages\\configuration\\src\\dynamo-connection-index-name\\verify-dynamo-connection-index-name.ts": {"path":"G:\\Work\\Apps\\oi-gamez-room-api\\lambda\\packages\\configuration\\src\\dynamo-connection-index-name\\verify-dynamo-connection-index-name.ts","statementMap":{"0":{"start":{"line":1,"column":0},"end":{"line":1,"column":78}},"1":{"start":{"line":3,"column":47},"end":{"line":9,"column":1}},"2":{"start":{"line":4,"column":2},"end":{"line":8,"column":null}},"3":{"start":{"line":5,"column":4},"end":{"line":7,"column":6}},"4":{"start":{"line":3,"column":13},"end":{"line":3,"column":47}}},"fnMap":{"0":{"name":"(anonymous_0)","decl":{"start":{"line":3,"column":47},"end":{"line":3,"column":56}},"loc":{"start":{"line":3,"column":58},"end":{"line":9,"column":1}}}},"branchMap":{"0":{"loc":{"start":{"line":4,"column":2},"end":{"line":8,"column":null}},"type":"if","locations":[{"start":{"line":4,"column":2},"end":{"line":8,"column":null}}]}},"s":{"0":7,"1":7,"2":2,"3":1,"4":7},"f":{"0":2},"b":{"0":[1]}}
,"G:\\Work\\Apps\\oi-gamez-room-api\\lambda\\packages\\configuration\\src\\dynamo-connection-table-name\\dynamo-connection-table-name.ts": {"path":"G:\\Work\\Apps\\oi-gamez-room-api\\lambda\\packages\\configuration\\src\\dynamo-connection-table-name\\dynamo-connection-table-name.ts","statementMap":{"0":{"start":{"line":1,"column":13},"end":{"line":2,"column":49}}},"fnMap":{},"branchMap":{"0":{"loc":{"start":{"line":2,"column":2},"end":{"line":2,"column":48}},"type":"binary-expr","locations":[{"start":{"line":2,"column":2},"end":{"line":2,"column":42}},{"start":{"line":2,"column":46},"end":{"line":2,"column":48}}]}},"s":{"0":8},"f":{},"b":{"0":[8,7]}}
,"G:\\Work\\Apps\\oi-gamez-room-api\\lambda\\packages\\configuration\\src\\dynamo-connection-table-name\\index.ts": {"path":"G:\\Work\\Apps\\oi-gamez-room-api\\lambda\\packages\\configuration\\src\\dynamo-connection-table-name\\index.ts","statementMap":{"0":{"start":{"line":1,"column":0},"end":{"line":1,"column":47}},"1":{"start":{"line":2,"column":0},"end":{"line":2,"column":54}}},"fnMap":{},"branchMap":{},"s":{"0":5,"1":5},"f":{},"b":{}}
,"G:\\Work\\Apps\\oi-gamez-room-api\\lambda\\packages\\configuration\\src\\dynamo-connection-table-name\\verify-dynamo-connection-table-name.ts": {"path":"G:\\Work\\Apps\\oi-gamez-room-api\\lambda\\packages\\configuration\\src\\dynamo-connection-table-name\\verify-dynamo-connection-table-name.ts","statementMap":{"0":{"start":{"line":1,"column":0},"end":{"line":1,"column":78}},"1":{"start":{"line":3,"column":47},"end":{"line":9,"column":1}},"2":{"start":{"line":4,"column":2},"end":{"line":8,"column":null}},"3":{"start":{"line":5,"column":4},"end":{"line":7,"column":6}},"4":{"start":{"line":3,"column":13},"end":{"line":3,"column":47}}},"fnMap":{"0":{"name":"(anonymous_0)","decl":{"start":{"line":3,"column":47},"end":{"line":3,"column":56}},"loc":{"start":{"line":3,"column":58},"end":{"line":9,"column":1}}}},"branchMap":{"0":{"loc":{"start":{"line":4,"column":2},"end":{"line":8,"column":null}},"type":"if","locations":[{"start":{"line":4,"column":2},"end":{"line":8,"column":null}}]}},"s":{"0":7,"1":7,"2":2,"3":1,"4":7},"f":{"0":2},"b":{"0":[1]}}
,"G:\\Work\\Apps\\oi-gamez-room-api\\lambda\\packages\\configuration\\src\\dynamo-last-disconnected-index-name\\dynamo-last-disconnected-index-name.ts": {"path":"G:\\Work\\Apps\\oi-gamez-room-api\\lambda\\packages\\configuration\\src\\dynamo-last-disconnected-index-name\\dynamo-last-disconnected-index-name.ts","statementMap":{"0":{"start":{"line":1,"column":13},"end":{"line":2,"column":67}}},"fnMap":{},"branchMap":{"0":{"loc":{"start":{"line":2,"column":2},"end":{"line":2,"column":66}},"type":"binary-expr","locations":[{"start":{"line":2,"column":2},"end":{"line":2,"column":60}},{"start":{"line":2,"column":64},"end":{"line":2,"column":66}}]}},"s":{"0":8},"f":{},"b":{"0":[8,7]}}
,"G:\\Work\\Apps\\oi-gamez-room-api\\lambda\\packages\\configuration\\src\\dynamo-last-disconnected-index-name\\index.ts": {"path":"G:\\Work\\Apps\\oi-gamez-room-api\\lambda\\packages\\configuration\\src\\dynamo-last-disconnected-index-name\\index.ts","statementMap":{"0":{"start":{"line":1,"column":0},"end":{"line":1,"column":54}},"1":{"start":{"line":2,"column":0},"end":{"line":2,"column":61}}},"fnMap":{},"branchMap":{},"s":{"0":5,"1":5},"f":{},"b":{}}
,"G:\\Work\\Apps\\oi-gamez-room-api\\lambda\\packages\\configuration\\src\\dynamo-last-disconnected-index-name\\verify-dynamo-last-disconnected-index-name.ts": {"path":"G:\\Work\\Apps\\oi-gamez-room-api\\lambda\\packages\\configuration\\src\\dynamo-last-disconnected-index-name\\verify-dynamo-last-disconnected-index-name.ts","statementMap":{"0":{"start":{"line":1,"column":0},"end":{"line":1,"column":103}},"1":{"start":{"line":3,"column":53},"end":{"line":9,"column":1}},"2":{"start":{"line":4,"column":2},"end":{"line":8,"column":null}},"3":{"start":{"line":5,"column":4},"end":{"line":7,"column":6}},"4":{"start":{"line":3,"column":13},"end":{"line":3,"column":53}}},"fnMap":{"0":{"name":"(anonymous_0)","decl":{"start":{"line":3,"column":53},"end":{"line":3,"column":62}},"loc":{"start":{"line":3,"column":64},"end":{"line":9,"column":1}}}},"branchMap":{"0":{"loc":{"start":{"line":4,"column":2},"end":{"line":8,"column":null}},"type":"if","locations":[{"start":{"line":4,"column":2},"end":{"line":8,"column":null}}]}},"s":{"0":7,"1":7,"2":2,"3":1,"4":7},"f":{"0":2},"b":{"0":[1]}}
,"G:\\Work\\Apps\\oi-gamez-room-api\\lambda\\packages\\configuration\\src\\dynamo-table-name\\dynamo-table-name.ts": {"path":"G:\\Work\\Apps\\oi-gamez-room-api\\lambda\\packages\\configuration\\src\\dynamo-table-name\\dynamo-table-name.ts","statementMap":{"0":{"start":{"line":1,"column":13},"end":{"line":1,"column":69}}},"fnMap":{},"branchMap":{"0":{"loc":{"start":{"line":1,"column":33},"end":{"line":1,"column":68}},"type":"binary-expr","locations":[{"start":{"line":1,"column":33},"end":{"line":1,"column":62}},{"start":{"line":1,"column":66},"end":{"line":1,"column":68}}]}},"s":{"0":8},"f":{},"b":{"0":[8,7]}}
,"G:\\Work\\Apps\\oi-gamez-room-api\\lambda\\packages\\configuration\\src\\dynamo-table-name\\index.ts": {"path":"G:\\Work\\Apps\\oi-gamez-room-api\\lambda\\packages\\configuration\\src\\dynamo-table-name\\index.ts","statementMap":{"0":{"start":{"line":1,"column":0},"end":{"line":1,"column":36}},"1":{"start":{"line":2,"column":0},"end":{"line":2,"column":43}}},"fnMap":{},"branchMap":{},"s":{"0":5,"1":5},"f":{},"b":{}}
,"G:\\Work\\Apps\\oi-gamez-room-api\\lambda\\packages\\configuration\\src\\dynamo-table-name\\verify-dynamo-table-name.ts": {"path":"G:\\Work\\Apps\\oi-gamez-room-api\\lambda\\packages\\configuration\\src\\dynamo-table-name\\verify-dynamo-table-name.ts","statementMap":{"0":{"start":{"line":1,"column":0},"end":{"line":1,"column":56}},"1":{"start":{"line":3,"column":37},"end":{"line":7,"column":1}},"2":{"start":{"line":4,"column":2},"end":{"line":6,"column":null}},"3":{"start":{"line":5,"column":4},"end":{"line":5,"column":73}},"4":{"start":{"line":3,"column":13},"end":{"line":3,"column":37}}},"fnMap":{"0":{"name":"(anonymous_0)","decl":{"start":{"line":3,"column":37},"end":{"line":3,"column":46}},"loc":{"start":{"line":3,"column":48},"end":{"line":7,"column":1}}}},"branchMap":{"0":{"loc":{"start":{"line":4,"column":2},"end":{"line":6,"column":null}},"type":"if","locations":[{"start":{"line":4,"column":2},"end":{"line":6,"column":null}}]}},"s":{"0":7,"1":7,"2":2,"3":1,"4":7},"f":{"0":2},"b":{"0":[1]}}
,"G:\\Work\\Apps\\oi-gamez-room-api\\lambda\\packages\\configuration\\src\\eb-external-eb-name\\eb-external-eb-name.ts": {"path":"G:\\Work\\Apps\\oi-gamez-room-api\\lambda\\packages\\configuration\\src\\eb-external-eb-name\\eb-external-eb-name.ts","statementMap":{"0":{"start":{"line":1,"column":13},"end":{"line":1,"column":73}}},"fnMap":{},"branchMap":{"0":{"loc":{"start":{"line":1,"column":35},"end":{"line":1,"column":72}},"type":"binary-expr","locations":[{"start":{"line":1,"column":35},"end":{"line":1,"column":66}},{"start":{"line":1,"column":70},"end":{"line":1,"column":72}}]}},"s":{"0":8},"f":{},"b":{"0":[8,7]}}
,"G:\\Work\\Apps\\oi-gamez-room-api\\lambda\\packages\\configuration\\src\\eb-external-eb-name\\index.ts": {"path":"G:\\Work\\Apps\\oi-gamez-room-api\\lambda\\packages\\configuration\\src\\eb-external-eb-name\\index.ts","statementMap":{"0":{"start":{"line":1,"column":0},"end":{"line":1,"column":38}},"1":{"start":{"line":2,"column":0},"end":{"line":2,"column":45}}},"fnMap":{},"branchMap":{},"s":{"0":5,"1":5},"f":{},"b":{}}
,"G:\\Work\\Apps\\oi-gamez-room-api\\lambda\\packages\\configuration\\src\\eb-external-eb-name\\verify-eb-external-eb-name.ts": {"path":"G:\\Work\\Apps\\oi-gamez-room-api\\lambda\\packages\\configuration\\src\\eb-external-eb-name\\verify-eb-external-eb-name.ts","statementMap":{"0":{"start":{"line":1,"column":0},"end":{"line":1,"column":60}},"1":{"start":{"line":3,"column":36},"end":{"line":7,"column":1}},"2":{"start":{"line":4,"column":2},"end":{"line":6,"column":null}},"3":{"start":{"line":5,"column":4},"end":{"line":5,"column":75}},"4":{"start":{"line":3,"column":13},"end":{"line":3,"column":36}}},"fnMap":{"0":{"name":"(anonymous_0)","decl":{"start":{"line":3,"column":36},"end":{"line":3,"column":45}},"loc":{"start":{"line":3,"column":47},"end":{"line":7,"column":1}}}},"branchMap":{"0":{"loc":{"start":{"line":4,"column":2},"end":{"line":6,"column":null}},"type":"if","locations":[{"start":{"line":4,"column":2},"end":{"line":6,"column":null}}]}},"s":{"0":7,"1":7,"2":2,"3":1,"4":7},"f":{"0":2},"b":{"0":[1]}}
,"G:\\Work\\Apps\\oi-gamez-room-api\\lambda\\packages\\configuration\\src\\eb-external-event-source-name\\eb-external-event-source-name.ts": {"path":"G:\\Work\\Apps\\oi-gamez-room-api\\lambda\\packages\\configuration\\src\\eb-external-event-source-name\\eb-external-event-source-name.ts","statementMap":{"0":{"start":{"line":1,"column":13},"end":{"line":2,"column":50}}},"fnMap":{},"branchMap":{"0":{"loc":{"start":{"line":2,"column":2},"end":{"line":2,"column":49}},"type":"binary-expr","locations":[{"start":{"line":2,"column":2},"end":{"line":2,"column":43}},{"start":{"line":2,"column":47},"end":{"line":2,"column":49}}]}},"s":{"0":8},"f":{},"b":{"0":[8,7]}}
,"G:\\Work\\Apps\\oi-gamez-room-api\\lambda\\packages\\configuration\\src\\eb-external-event-source-name\\index.ts": {"path":"G:\\Work\\Apps\\oi-gamez-room-api\\lambda\\packages\\configuration\\src\\eb-external-event-source-name\\index.ts","statementMap":{"0":{"start":{"line":1,"column":0},"end":{"line":1,"column":48}},"1":{"start":{"line":2,"column":0},"end":{"line":2,"column":55}}},"fnMap":{},"branchMap":{},"s":{"0":5,"1":5},"f":{},"b":{}}
,"G:\\Work\\Apps\\oi-gamez-room-api\\lambda\\packages\\configuration\\src\\eb-external-event-source-name\\verify-eb-external-event-source-name.ts": {"path":"G:\\Work\\Apps\\oi-gamez-room-api\\lambda\\packages\\configuration\\src\\eb-external-event-source-name\\verify-eb-external-event-source-name.ts","statementMap":{"0":{"start":{"line":1,"column":0},"end":{"line":1,"column":80}},"1":{"start":{"line":3,"column":47},"end":{"line":9,"column":1}},"2":{"start":{"line":4,"column":2},"end":{"line":8,"column":null}},"3":{"start":{"line":5,"column":4},"end":{"line":7,"column":6}},"4":{"start":{"line":3,"column":13},"end":{"line":3,"column":47}}},"fnMap":{"0":{"name":"(anonymous_0)","decl":{"start":{"line":3,"column":47},"end":{"line":3,"column":56}},"loc":{"start":{"line":3,"column":58},"end":{"line":9,"column":1}}}},"branchMap":{"0":{"loc":{"start":{"line":4,"column":2},"end":{"line":8,"column":null}},"type":"if","locations":[{"start":{"line":4,"column":2},"end":{"line":8,"column":null}}]}},"s":{"0":7,"1":7,"2":2,"3":1,"4":7},"f":{"0":2},"b":{"0":[1]}}
,"G:\\Work\\Apps\\oi-gamez-room-api\\lambda\\packages\\configuration\\src\\eb-internal-eb-name\\eb-internal-eb-name.ts": {"path":"G:\\Work\\Apps\\oi-gamez-room-api\\lambda\\packages\\configuration\\src\\eb-internal-eb-name\\eb-internal-eb-name.ts","statementMap":{"0":{"start":{"line":1,"column":13},"end":{"line":1,"column":73}}},"fnMap":{},"branchMap":{"0":{"loc":{"start":{"line":1,"column":35},"end":{"line":1,"column":72}},"type":"binary-expr","locations":[{"start":{"line":1,"column":35},"end":{"line":1,"column":66}},{"start":{"line":1,"column":70},"end":{"line":1,"column":72}}]}},"s":{"0":8},"f":{},"b":{"0":[8,7]}}
,"G:\\Work\\Apps\\oi-gamez-room-api\\lambda\\packages\\configuration\\src\\eb-internal-eb-name\\index.ts": {"path":"G:\\Work\\Apps\\oi-gamez-room-api\\lambda\\packages\\configuration\\src\\eb-internal-eb-name\\index.ts","statementMap":{"0":{"start":{"line":1,"column":0},"end":{"line":1,"column":38}},"1":{"start":{"line":2,"column":0},"end":{"line":2,"column":45}}},"fnMap":{},"branchMap":{},"s":{"0":5,"1":5},"f":{},"b":{}}
,"G:\\Work\\Apps\\oi-gamez-room-api\\lambda\\packages\\configuration\\src\\eb-internal-eb-name\\verify-eb-internal-eb-name.ts": {"path":"G:\\Work\\Apps\\oi-gamez-room-api\\lambda\\packages\\configuration\\src\\eb-internal-eb-name\\verify-eb-internal-eb-name.ts","statementMap":{"0":{"start":{"line":1,"column":0},"end":{"line":1,"column":60}},"1":{"start":{"line":3,"column":28},"end":{"line":7,"column":1}},"2":{"start":{"line":4,"column":2},"end":{"line":6,"column":null}},"3":{"start":{"line":5,"column":4},"end":{"line":5,"column":75}},"4":{"start":{"line":3,"column":13},"end":{"line":3,"column":28}}},"fnMap":{"0":{"name":"(anonymous_0)","decl":{"start":{"line":3,"column":28},"end":{"line":3,"column":37}},"loc":{"start":{"line":3,"column":39},"end":{"line":7,"column":1}}}},"branchMap":{"0":{"loc":{"start":{"line":4,"column":2},"end":{"line":6,"column":null}},"type":"if","locations":[{"start":{"line":4,"column":2},"end":{"line":6,"column":null}}]}},"s":{"0":7,"1":7,"2":2,"3":1,"4":7},"f":{"0":2},"b":{"0":[1]}}
,"G:\\Work\\Apps\\oi-gamez-room-api\\lambda\\packages\\configuration\\src\\eb-internal-event-source-name\\eb-internal-event-source-name.ts": {"path":"G:\\Work\\Apps\\oi-gamez-room-api\\lambda\\packages\\configuration\\src\\eb-internal-event-source-name\\eb-internal-event-source-name.ts","statementMap":{"0":{"start":{"line":1,"column":13},"end":{"line":2,"column":50}}},"fnMap":{},"branchMap":{"0":{"loc":{"start":{"line":2,"column":2},"end":{"line":2,"column":49}},"type":"binary-expr","locations":[{"start":{"line":2,"column":2},"end":{"line":2,"column":43}},{"start":{"line":2,"column":47},"end":{"line":2,"column":49}}]}},"s":{"0":8},"f":{},"b":{"0":[8,7]}}
,"G:\\Work\\Apps\\oi-gamez-room-api\\lambda\\packages\\configuration\\src\\eb-internal-event-source-name\\index.ts": {"path":"G:\\Work\\Apps\\oi-gamez-room-api\\lambda\\packages\\configuration\\src\\eb-internal-event-source-name\\index.ts","statementMap":{"0":{"start":{"line":1,"column":0},"end":{"line":1,"column":48}},"1":{"start":{"line":2,"column":0},"end":{"line":2,"column":55}}},"fnMap":{},"branchMap":{},"s":{"0":5,"1":5},"f":{},"b":{}}
,"G:\\Work\\Apps\\oi-gamez-room-api\\lambda\\packages\\configuration\\src\\eb-internal-event-source-name\\verify-eb-internal-event-source-name.ts": {"path":"G:\\Work\\Apps\\oi-gamez-room-api\\lambda\\packages\\configuration\\src\\eb-internal-event-source-name\\verify-eb-internal-event-source-name.ts","statementMap":{"0":{"start":{"line":1,"column":0},"end":{"line":1,"column":80}},"1":{"start":{"line":3,"column":47},"end":{"line":9,"column":1}},"2":{"start":{"line":4,"column":2},"end":{"line":8,"column":null}},"3":{"start":{"line":5,"column":4},"end":{"line":7,"column":6}},"4":{"start":{"line":3,"column":13},"end":{"line":3,"column":47}}},"fnMap":{"0":{"name":"(anonymous_0)","decl":{"start":{"line":3,"column":47},"end":{"line":3,"column":56}},"loc":{"start":{"line":3,"column":58},"end":{"line":9,"column":1}}}},"branchMap":{"0":{"loc":{"start":{"line":4,"column":2},"end":{"line":8,"column":null}},"type":"if","locations":[{"start":{"line":4,"column":2},"end":{"line":8,"column":null}}]}},"s":{"0":7,"1":7,"2":2,"3":1,"4":7},"f":{"0":2},"b":{"0":[1]}}
,"G:\\Work\\Apps\\oi-gamez-room-api\\lambda\\packages\\configuration\\src\\expired-disconnection-window-in-seconds\\expired-disconnection-window-in-seconds.ts": {"path":"G:\\Work\\Apps\\oi-gamez-room-api\\lambda\\packages\\configuration\\src\\expired-disconnection-window-in-seconds\\expired-disconnection-window-in-seconds.ts","statementMap":{"0":{"start":{"line":1,"column":13},"end":{"line":4,"column":2}}},"fnMap":{},"branchMap":{"0":{"loc":{"start":{"line":2,"column":2},"end":{"line":2,"column":59}},"type":"binary-expr","locations":[{"start":{"line":2,"column":2},"end":{"line":2,"column":53}},{"start":{"line":2,"column":57},"end":{"line":2,"column":59}}]}},"s":{"0":8},"f":{},"b":{"0":[8,7]}}
,"G:\\Work\\Apps\\oi-gamez-room-api\\lambda\\packages\\configuration\\src\\expired-disconnection-window-in-seconds\\index.ts": {"path":"G:\\Work\\Apps\\oi-gamez-room-api\\lambda\\packages\\configuration\\src\\expired-disconnection-window-in-seconds\\index.ts","statementMap":{"0":{"start":{"line":1,"column":0},"end":{"line":1,"column":58}},"1":{"start":{"line":2,"column":0},"end":{"line":2,"column":65}}},"fnMap":{},"branchMap":{},"s":{"0":5,"1":5},"f":{},"b":{}}
,"G:\\Work\\Apps\\oi-gamez-room-api\\lambda\\packages\\configuration\\src\\expired-disconnection-window-in-seconds\\verify-expired-disconnection-window-in-seconds.ts": {"path":"G:\\Work\\Apps\\oi-gamez-room-api\\lambda\\packages\\configuration\\src\\expired-disconnection-window-in-seconds\\verify-expired-disconnection-window-in-seconds.ts","statementMap":{"0":{"start":{"line":1,"column":0},"end":{"line":1,"column":100}},"1":{"start":{"line":3,"column":57},"end":{"line":8,"column":1}},"2":{"start":{"line":4,"column":2},"end":{"line":7,"column":null}},"3":{"start":{"line":5,"column":4},"end":{"line":6,"column":78}},"4":{"start":{"line":3,"column":13},"end":{"line":3,"column":57}}},"fnMap":{"0":{"name":"(anonymous_0)","decl":{"start":{"line":3,"column":57},"end":{"line":3,"column":66}},"loc":{"start":{"line":3,"column":68},"end":{"line":8,"column":1}}}},"branchMap":{"0":{"loc":{"start":{"line":4,"column":2},"end":{"line":7,"column":null}},"type":"if","locations":[{"start":{"line":4,"column":2},"end":{"line":7,"column":null}}]}},"s":{"0":8,"1":8,"2":3,"3":2,"4":8},"f":{"0":3},"b":{"0":[2]}}
,"G:\\Work\\Apps\\oi-gamez-room-api\\lambda\\packages\\configuration\\src\\host-room-index-name\\host-room-index-name.ts": {"path":"G:\\Work\\Apps\\oi-gamez-room-api\\lambda\\packages\\configuration\\src\\host-room-index-name\\host-room-index-name.ts","statementMap":{"0":{"start":{"line":1,"column":13},"end":{"line":1,"column":75}}},"fnMap":{},"branchMap":{"0":{"loc":{"start":{"line":1,"column":36},"end":{"line":1,"column":74}},"type":"binary-expr","locations":[{"start":{"line":1,"column":36},"end":{"line":1,"column":68}},{"start":{"line":1,"column":72},"end":{"line":1,"column":74}}]}},"s":{"0":8},"f":{},"b":{"0":[8,7]}}
,"G:\\Work\\Apps\\oi-gamez-room-api\\lambda\\packages\\configuration\\src\\host-room-index-name\\index.ts": {"path":"G:\\Work\\Apps\\oi-gamez-room-api\\lambda\\packages\\configuration\\src\\host-room-index-name\\index.ts","statementMap":{"0":{"start":{"line":1,"column":0},"end":{"line":1,"column":39}},"1":{"start":{"line":2,"column":0},"end":{"line":2,"column":53}}},"fnMap":{},"branchMap":{},"s":{"0":5,"1":5},"f":{},"b":{}}
,"G:\\Work\\Apps\\oi-gamez-room-api\\lambda\\packages\\configuration\\src\\host-room-index-name\\verify-dynamo-host-room-index-name.ts": {"path":"G:\\Work\\Apps\\oi-gamez-room-api\\lambda\\packages\\configuration\\src\\host-room-index-name\\verify-dynamo-host-room-index-name.ts","statementMap":{"0":{"start":{"line":1,"column":0},"end":{"line":1,"column":62}},"1":{"start":{"line":3,"column":45},"end":{"line":7,"column":1}},"2":{"start":{"line":4,"column":2},"end":{"line":6,"column":null}},"3":{"start":{"line":5,"column":4},"end":{"line":5,"column":76}},"4":{"start":{"line":3,"column":13},"end":{"line":3,"column":45}}},"fnMap":{"0":{"name":"(anonymous_0)","decl":{"start":{"line":3,"column":45},"end":{"line":3,"column":54}},"loc":{"start":{"line":3,"column":56},"end":{"line":7,"column":1}}}},"branchMap":{"0":{"loc":{"start":{"line":4,"column":2},"end":{"line":6,"column":null}},"type":"if","locations":[{"start":{"line":4,"column":2},"end":{"line":6,"column":null}}]}},"s":{"0":7,"1":7,"2":2,"3":1,"4":7},"f":{"0":2},"b":{"0":[1]}}
,"G:\\Work\\Apps\\oi-gamez-room-api\\lambda\\packages\\configuration\\src\\public-rooms-to-retrieve\\index.ts": {"path":"G:\\Work\\Apps\\oi-gamez-room-api\\lambda\\packages\\configuration\\src\\public-rooms-to-retrieve\\index.ts","statementMap":{"0":{"start":{"line":1,"column":0},"end":{"line":1,"column":43}},"1":{"start":{"line":2,"column":0},"end":{"line":2,"column":50}}},"fnMap":{},"branchMap":{},"s":{"0":5,"1":5},"f":{},"b":{}}
,"G:\\Work\\Apps\\oi-gamez-room-api\\lambda\\packages\\configuration\\src\\public-rooms-to-retrieve\\public-rooms-to-retrieve.ts": {"path":"G:\\Work\\Apps\\oi-gamez-room-api\\lambda\\packages\\configuration\\src\\public-rooms-to-retrieve\\public-rooms-to-retrieve.ts","statementMap":{"0":{"start":{"line":1,"column":13},"end":{"line":4,"column":2}}},"fnMap":{},"branchMap":{"0":{"loc":{"start":{"line":2,"column":2},"end":{"line":2,"column":44}},"type":"binary-expr","locations":[{"start":{"line":2,"column":2},"end":{"line":2,"column":38}},{"start":{"line":2,"column":42},"end":{"line":2,"column":44}}]}},"s":{"0":8},"f":{},"b":{"0":[8,7]}}
,"G:\\Work\\Apps\\oi-gamez-room-api\\lambda\\packages\\configuration\\src\\public-rooms-to-retrieve\\verify-public-rooms-to-retrieve.ts": {"path":"G:\\Work\\Apps\\oi-gamez-room-api\\lambda\\packages\\configuration\\src\\public-rooms-to-retrieve\\verify-public-rooms-to-retrieve.ts","statementMap":{"0":{"start":{"line":1,"column":0},"end":{"line":1,"column":70}},"1":{"start":{"line":3,"column":43},"end":{"line":7,"column":1}},"2":{"start":{"line":4,"column":2},"end":{"line":6,"column":null}},"3":{"start":{"line":5,"column":4},"end":{"line":5,"column":80}},"4":{"start":{"line":3,"column":13},"end":{"line":3,"column":43}}},"fnMap":{"0":{"name":"(anonymous_0)","decl":{"start":{"line":3,"column":43},"end":{"line":3,"column":52}},"loc":{"start":{"line":3,"column":54},"end":{"line":7,"column":1}}}},"branchMap":{"0":{"loc":{"start":{"line":4,"column":2},"end":{"line":6,"column":null}},"type":"if","locations":[{"start":{"line":4,"column":2},"end":{"line":6,"column":null}}]}},"s":{"0":8,"1":8,"2":3,"3":2,"4":8},"f":{"0":3},"b":{"0":[2]}}
,"G:\\Work\\Apps\\oi-gamez-room-api\\lambda\\packages\\configuration\\src\\room-socket-api-endpoint\\index.ts": {"path":"G:\\Work\\Apps\\oi-gamez-room-api\\lambda\\packages\\configuration\\src\\room-socket-api-endpoint\\index.ts","statementMap":{"0":{"start":{"line":1,"column":0},"end":{"line":1,"column":43}},"1":{"start":{"line":2,"column":0},"end":{"line":2,"column":50}}},"fnMap":{},"branchMap":{},"s":{"0":5,"1":5},"f":{},"b":{}}
,"G:\\Work\\Apps\\oi-gamez-room-api\\lambda\\packages\\configuration\\src\\room-socket-api-endpoint\\room-socket-api-endpoint.ts": {"path":"G:\\Work\\Apps\\oi-gamez-room-api\\lambda\\packages\\configuration\\src\\room-socket-api-endpoint\\room-socket-api-endpoint.ts","statementMap":{"0":{"start":{"line":1,"column":13},"end":{"line":2,"column":45}}},"fnMap":{},"branchMap":{"0":{"loc":{"start":{"line":2,"column":2},"end":{"line":2,"column":44}},"type":"binary-expr","locations":[{"start":{"line":2,"column":2},"end":{"line":2,"column":38}},{"start":{"line":2,"column":42},"end":{"line":2,"column":44}}]}},"s":{"0":8},"f":{},"b":{"0":[8,7]}}
,"G:\\Work\\Apps\\oi-gamez-room-api\\lambda\\packages\\configuration\\src\\room-socket-api-endpoint\\verify-room-socket-api-endpoint.ts": {"path":"G:\\Work\\Apps\\oi-gamez-room-api\\lambda\\packages\\configuration\\src\\room-socket-api-endpoint\\verify-room-socket-api-endpoint.ts","statementMap":{"0":{"start":{"line":1,"column":0},"end":{"line":1,"column":70}},"1":{"start":{"line":3,"column":43},"end":{"line":7,"column":1}},"2":{"start":{"line":4,"column":2},"end":{"line":6,"column":null}},"3":{"start":{"line":5,"column":4},"end":{"line":5,"column":80}},"4":{"start":{"line":3,"column":13},"end":{"line":3,"column":43}}},"fnMap":{"0":{"name":"(anonymous_0)","decl":{"start":{"line":3,"column":43},"end":{"line":3,"column":52}},"loc":{"start":{"line":3,"column":54},"end":{"line":7,"column":1}}}},"branchMap":{"0":{"loc":{"start":{"line":4,"column":2},"end":{"line":6,"column":null}},"type":"if","locations":[{"start":{"line":4,"column":2},"end":{"line":6,"column":null}}]}},"s":{"0":7,"1":7,"2":2,"3":1,"4":7},"f":{"0":2},"b":{"0":[1]}}
,"G:\\Work\\Apps\\oi-gamez-room-api\\lambda\\packages\\configuration\\src\\updated-connect-window\\index.ts": {"path":"G:\\Work\\Apps\\oi-gamez-room-api\\lambda\\packages\\configuration\\src\\updated-connect-window\\index.ts","statementMap":{"0":{"start":{"line":1,"column":0},"end":{"line":1,"column":41}},"1":{"start":{"line":2,"column":0},"end":{"line":2,"column":48}}},"fnMap":{},"branchMap":{},"s":{"0":5,"1":5},"f":{},"b":{}}
,"G:\\Work\\Apps\\oi-gamez-room-api\\lambda\\packages\\configuration\\src\\updated-connect-window\\updated-connect-window.ts": {"path":"G:\\Work\\Apps\\oi-gamez-room-api\\lambda\\packages\\configuration\\src\\updated-connect-window\\updated-connect-window.ts","statementMap":{"0":{"start":{"line":1,"column":13},"end":{"line":4,"column":2}}},"fnMap":{},"branchMap":{"0":{"loc":{"start":{"line":2,"column":2},"end":{"line":2,"column":53}},"type":"binary-expr","locations":[{"start":{"line":2,"column":2},"end":{"line":2,"column":47}},{"start":{"line":2,"column":51},"end":{"line":2,"column":53}}]}},"s":{"0":8},"f":{},"b":{"0":[8,7]}}
,"G:\\Work\\Apps\\oi-gamez-room-api\\lambda\\packages\\configuration\\src\\updated-connect-window\\verify-updated-connect-window.ts": {"path":"G:\\Work\\Apps\\oi-gamez-room-api\\lambda\\packages\\configuration\\src\\updated-connect-window\\verify-updated-connect-window.ts","statementMap":{"0":{"start":{"line":1,"column":0},"end":{"line":1,"column":77}},"1":{"start":{"line":3,"column":51},"end":{"line":10,"column":1}},"2":{"start":{"line":4,"column":2},"end":{"line":9,"column":null}},"3":{"start":{"line":5,"column":4},"end":{"line":8,"column":6}},"4":{"start":{"line":3,"column":13},"end":{"line":3,"column":51}}},"fnMap":{"0":{"name":"(anonymous_0)","decl":{"start":{"line":3,"column":51},"end":{"line":3,"column":60}},"loc":{"start":{"line":3,"column":62},"end":{"line":10,"column":1}}}},"branchMap":{"0":{"loc":{"start":{"line":4,"column":2},"end":{"line":9,"column":null}},"type":"if","locations":[{"start":{"line":4,"column":2},"end":{"line":9,"column":null}}]}},"s":{"0":8,"1":8,"2":3,"3":2,"4":8},"f":{"0":3},"b":{"0":[2]}}
,"G:\\Work\\Apps\\oi-gamez-room-api\\lambda\\packages\\configuration\\src\\visible-room-index-name\\index.ts": {"path":"G:\\Work\\Apps\\oi-gamez-room-api\\lambda\\packages\\configuration\\src\\visible-room-index-name\\index.ts","statementMap":{"0":{"start":{"line":1,"column":0},"end":{"line":1,"column":42}},"1":{"start":{"line":2,"column":0},"end":{"line":2,"column":56}}},"fnMap":{},"branchMap":{},"s":{"0":5,"1":5},"f":{},"b":{}}
,"G:\\Work\\Apps\\oi-gamez-room-api\\lambda\\packages\\configuration\\src\\visible-room-index-name\\verify-dynamo-visible-room-index-name.ts": {"path":"G:\\Work\\Apps\\oi-gamez-room-api\\lambda\\packages\\configuration\\src\\visible-room-index-name\\verify-dynamo-visible-room-index-name.ts","statementMap":{"0":{"start":{"line":1,"column":0},"end":{"line":1,"column":68}},"1":{"start":{"line":3,"column":48},"end":{"line":7,"column":1}},"2":{"start":{"line":4,"column":2},"end":{"line":6,"column":null}},"3":{"start":{"line":5,"column":4},"end":{"line":5,"column":79}},"4":{"start":{"line":3,"column":13},"end":{"line":3,"column":48}}},"fnMap":{"0":{"name":"(anonymous_0)","decl":{"start":{"line":3,"column":48},"end":{"line":3,"column":57}},"loc":{"start":{"line":3,"column":59},"end":{"line":7,"column":1}}}},"branchMap":{"0":{"loc":{"start":{"line":4,"column":2},"end":{"line":6,"column":null}},"type":"if","locations":[{"start":{"line":4,"column":2},"end":{"line":6,"column":null}}]}},"s":{"0":7,"1":7,"2":2,"3":1,"4":7},"f":{"0":2},"b":{"0":[1]}}
,"G:\\Work\\Apps\\oi-gamez-room-api\\lambda\\packages\\configuration\\src\\visible-room-index-name\\visible-room-index-name.ts": {"path":"G:\\Work\\Apps\\oi-gamez-room-api\\lambda\\packages\\configuration\\src\\visible-room-index-name\\visible-room-index-name.ts","statementMap":{"0":{"start":{"line":1,"column":13},"end":{"line":2,"column":44}}},"fnMap":{},"branchMap":{"0":{"loc":{"start":{"line":2,"column":2},"end":{"line":2,"column":43}},"type":"binary-expr","locations":[{"start":{"line":2,"column":2},"end":{"line":2,"column":37}},{"start":{"line":2,"column":41},"end":{"line":2,"column":43}}]}},"s":{"0":8},"f":{},"b":{"0":[8,7]}}
,"G:\\Work\\Apps\\oi-gamez-room-api\\lambda\\packages\\dynamodb\\src\\index.ts": {"path":"G:\\Work\\Apps\\oi-gamez-room-api\\lambda\\packages\\dynamodb\\src\\index.ts","statementMap":{"0":{"start":{"line":1,"column":0},"end":{"line":1,"column":25}},"1":{"start":{"line":2,"column":0},"end":{"line":2,"column":26}},"2":{"start":{"line":3,"column":0},"end":{"line":3,"column":29}}},"fnMap":{},"branchMap":{},"s":{"0":22,"1":22,"2":22},"f":{},"b":{}}
,"G:\\Work\\Apps\\oi-gamez-room-api\\lambda\\packages\\dynamodb\\src\\client\\client.ts": {"path":"G:\\Work\\Apps\\oi-gamez-room-api\\lambda\\packages\\dynamodb\\src\\client\\client.ts","statementMap":{"0":{"start":{"line":1,"column":0},"end":{"line":1,"column":58}},"1":{"start":{"line":3,"column":13},"end":{"line":3,"column":45}}},"fnMap":{},"branchMap":{},"s":{"0":22,"1":22},"f":{},"b":{}}
,"G:\\Work\\Apps\\oi-gamez-room-api\\lambda\\packages\\dynamodb\\src\\client\\index.ts": {"path":"G:\\Work\\Apps\\oi-gamez-room-api\\lambda\\packages\\dynamodb\\src\\client\\index.ts","statementMap":{"0":{"start":{"line":1,"column":0},"end":{"line":1,"column":25}}},"fnMap":{},"branchMap":{},"s":{"0":22},"f":{},"b":{}}
,"G:\\Work\\Apps\\oi-gamez-room-api\\lambda\\packages\\dynamodb\\src\\helpers\\field-helpers.ts": {"path":"G:\\Work\\Apps\\oi-gamez-room-api\\lambda\\packages\\dynamodb\\src\\helpers\\field-helpers.ts","statementMap":{"0":{"start":{"line":3,"column":0},"end":{"line":3,"column":null}},"1":{"start":{"line":11,"column":24},"end":{"line":13,"column":2}},"2":{"start":{"line":11,"column":74},"end":{"line":13,"column":2}},"3":{"start":{"line":15,"column":27},"end":{"line":19,"column":2}},"4":{"start":{"line":17,"column":31},"end":{"line":19,"column":2}},"5":{"start":{"line":21,"column":25},"end":{"line":23,"column":2}},"6":{"start":{"line":21,"column":77},"end":{"line":23,"column":2}},"7":{"start":{"line":25,"column":24},"end":{"line":27,"column":2}},"8":{"start":{"line":25,"column":74},"end":{"line":27,"column":2}},"9":{"start":{"line":29,"column":31},"end":{"line":34,"column":1}},"10":{"start":{"line":33,"column":2},"end":{"line":33,"column":38}},"11":{"start":{"line":29,"column":13},"end":{"line":29,"column":31}},"12":{"start":{"line":36,"column":28},"end":{"line":41,"column":1}},"13":{"start":{"line":40,"column":2},"end":{"line":40,"column":65}},"14":{"start":{"line":36,"column":13},"end":{"line":36,"column":28}},"15":{"start":{"line":43,"column":36},"end":{"line":47,"column":1}},"16":{"start":{"line":46,"column":2},"end":{"line":46,"column":62}},"17":{"start":{"line":43,"column":13},"end":{"line":43,"column":36}},"18":{"start":{"line":49,"column":32},"end":{"line":54,"column":1}},"19":{"start":{"line":53,"column":2},"end":{"line":53,"column":43}},"20":{"start":{"line":49,"column":13},"end":{"line":49,"column":32}},"21":{"start":{"line":56,"column":13},"end":{"line":93,"column":2}},"22":{"start":{"line":95,"column":13},"end":{"line":143,"column":2}},"23":{"start":{"line":97,"column":26},"end":{"line":97,"column":46}},"24":{"start":{"line":100,"column":30},"end":{"line":100,"column":65}},"25":{"start":{"line":101,"column":30},"end":{"line":101,"column":66}},"26":{"start":{"line":102,"column":36},"end":{"line":102,"column":61}},"27":{"start":{"line":103,"column":44},"end":{"line":103,"column":73}},"28":{"start":{"line":104,"column":36},"end":{"line":104,"column":61}},"29":{"start":{"line":106,"column":6},"end":{"line":106,"column":39}},"30":{"start":{"line":107,"column":26},"end":{"line":107,"column":46}},"31":{"start":{"line":111,"column":32},"end":{"line":111,"column":65}},"32":{"start":{"line":117,"column":6},"end":{"line":117,"column":53}},"33":{"start":{"line":122,"column":6},"end":{"line":122,"column":62}},"34":{"start":{"line":123,"column":31},"end":{"line":123,"column":73}},"35":{"start":{"line":124,"column":38},"end":{"line":124,"column":66}},"36":{"start":{"line":128,"column":26},"end":{"line":128,"column":57}},"37":{"start":{"line":130,"column":28},"end":{"line":130,"column":49}},"38":{"start":{"line":131,"column":38},"end":{"line":131,"column":64}},"39":{"start":{"line":132,"column":44},"end":{"line":132,"column":73}},"40":{"start":{"line":133,"column":46},"end":{"line":133,"column":76}},"41":{"start":{"line":134,"column":46},"end":{"line":134,"column":76}},"42":{"start":{"line":135,"column":46},"end":{"line":135,"column":76}},"43":{"start":{"line":136,"column":32},"end":{"line":136,"column":55}},"44":{"start":{"line":137,"column":40},"end":{"line":137,"column":67}},"45":{"start":{"line":138,"column":30},"end":{"line":138,"column":52}},"46":{"start":{"line":139,"column":37},"end":{"line":139,"column":63}},"47":{"start":{"line":140,"column":48},"end":{"line":140,"column":79}},"48":{"start":{"line":145,"column":13},"end":{"line":150,"column":2}},"49":{"start":{"line":152,"column":13},"end":{"line":173,"column":2}},"50":{"start":{"line":153,"column":39},"end":{"line":156,"column":4}},"51":{"start":{"line":157,"column":29},"end":{"line":160,"column":4}},"52":{"start":{"line":161,"column":23},"end":{"line":164,"column":4}},"53":{"start":{"line":165,"column":64},"end":{"line":168,"column":4}},"54":{"start":{"line":169,"column":59},"end":{"line":172,"column":4}}},"fnMap":{"0":{"name":"(anonymous_0)","decl":{"start":{"line":11,"column":24},"end":{"line":11,"column":25}},"loc":{"start":{"line":11,"column":74},"end":{"line":13,"column":2}}},"1":{"name":"(anonymous_1)","decl":{"start":{"line":15,"column":27},"end":{"line":15,"column":null}},"loc":{"start":{"line":17,"column":31},"end":{"line":19,"column":2}}},"2":{"name":"(anonymous_2)","decl":{"start":{"line":21,"column":25},"end":{"line":21,"column":26}},"loc":{"start":{"line":21,"column":77},"end":{"line":23,"column":2}}},"3":{"name":"(anonymous_3)","decl":{"start":{"line":25,"column":24},"end":{"line":25,"column":25}},"loc":{"start":{"line":25,"column":74},"end":{"line":27,"column":2}}},"4":{"name":"(anonymous_4)","decl":{"start":{"line":29,"column":31},"end":{"line":29,"column":null}},"loc":{"start":{"line":32,"column":12},"end":{"line":34,"column":1}}},"5":{"name":"(anonymous_5)","decl":{"start":{"line":36,"column":28},"end":{"line":36,"column":null}},"loc":{"start":{"line":39,"column":12},"end":{"line":41,"column":1}}},"6":{"name":"(anonymous_6)","decl":{"start":{"line":43,"column":36},"end":{"line":43,"column":null}},"loc":{"start":{"line":45,"column":24},"end":{"line":47,"column":1}}},"7":{"name":"(anonymous_7)","decl":{"start":{"line":49,"column":32},"end":{"line":49,"column":null}},"loc":{"start":{"line":52,"column":13},"end":{"line":54,"column":1}}},"8":{"name":"(anonymous_8)","decl":{"start":{"line":97,"column":9},"end":{"line":97,"column":10}},"loc":{"start":{"line":97,"column":26},"end":{"line":97,"column":46}}},"9":{"name":"(anonymous_9)","decl":{"start":{"line":100,"column":8},"end":{"line":100,"column":9}},"loc":{"start":{"line":100,"column":30},"end":{"line":100,"column":65}}},"10":{"name":"(anonymous_10)","decl":{"start":{"line":101,"column":8},"end":{"line":101,"column":9}},"loc":{"start":{"line":101,"column":30},"end":{"line":101,"column":66}}},"11":{"name":"(anonymous_11)","decl":{"start":{"line":102,"column":14},"end":{"line":102,"column":15}},"loc":{"start":{"line":102,"column":36},"end":{"line":102,"column":61}}},"12":{"name":"(anonymous_12)","decl":{"start":{"line":103,"column":18},"end":{"line":103,"column":19}},"loc":{"start":{"line":103,"column":44},"end":{"line":103,"column":73}}},"13":{"name":"(anonymous_13)","decl":{"start":{"line":104,"column":14},"end":{"line":104,"column":15}},"loc":{"start":{"line":104,"column":36},"end":{"line":104,"column":61}}},"14":{"name":"(anonymous_14)","decl":{"start":{"line":105,"column":22},"end":{"line":105,"column":23}},"loc":{"start":{"line":106,"column":6},"end":{"line":106,"column":39}}},"15":{"name":"(anonymous_15)","decl":{"start":{"line":107,"column":9},"end":{"line":107,"column":10}},"loc":{"start":{"line":107,"column":26},"end":{"line":107,"column":46}}},"16":{"name":"(anonymous_16)","decl":{"start":{"line":111,"column":8},"end":{"line":111,"column":9}},"loc":{"start":{"line":111,"column":32},"end":{"line":111,"column":65}}},"17":{"name":"(anonymous_17)","decl":{"start":{"line":116,"column":8},"end":{"line":116,"column":9}},"loc":{"start":{"line":117,"column":6},"end":{"line":117,"column":53}}},"18":{"name":"(anonymous_18)","decl":{"start":{"line":121,"column":8},"end":{"line":121,"column":9}},"loc":{"start":{"line":122,"column":6},"end":{"line":122,"column":62}}},"19":{"name":"(anonymous_19)","decl":{"start":{"line":123,"column":8},"end":{"line":123,"column":9}},"loc":{"start":{"line":123,"column":31},"end":{"line":123,"column":73}}},"20":{"name":"(anonymous_20)","decl":{"start":{"line":124,"column":14},"end":{"line":124,"column":15}},"loc":{"start":{"line":124,"column":38},"end":{"line":124,"column":66}}},"21":{"name":"(anonymous_21)","decl":{"start":{"line":128,"column":8},"end":{"line":128,"column":9}},"loc":{"start":{"line":128,"column":26},"end":{"line":128,"column":57}}},"22":{"name":"(anonymous_22)","decl":{"start":{"line":130,"column":10},"end":{"line":130,"column":11}},"loc":{"start":{"line":130,"column":28},"end":{"line":130,"column":49}}},"23":{"name":"(anonymous_23)","decl":{"start":{"line":131,"column":15},"end":{"line":131,"column":16}},"loc":{"start":{"line":131,"column":38},"end":{"line":131,"column":64}}},"24":{"name":"(anonymous_24)","decl":{"start":{"line":132,"column":18},"end":{"line":132,"column":19}},"loc":{"start":{"line":132,"column":44},"end":{"line":132,"column":73}}},"25":{"name":"(anonymous_25)","decl":{"start":{"line":133,"column":19},"end":{"line":133,"column":20}},"loc":{"start":{"line":133,"column":46},"end":{"line":133,"column":76}}},"26":{"name":"(anonymous_26)","decl":{"start":{"line":134,"column":19},"end":{"line":134,"column":20}},"loc":{"start":{"line":134,"column":46},"end":{"line":134,"column":76}}},"27":{"name":"(anonymous_27)","decl":{"start":{"line":135,"column":19},"end":{"line":135,"column":20}},"loc":{"start":{"line":135,"column":46},"end":{"line":135,"column":76}}},"28":{"name":"(anonymous_28)","decl":{"start":{"line":136,"column":12},"end":{"line":136,"column":13}},"loc":{"start":{"line":136,"column":32},"end":{"line":136,"column":55}}},"29":{"name":"(anonymous_29)","decl":{"start":{"line":137,"column":16},"end":{"line":137,"column":17}},"loc":{"start":{"line":137,"column":40},"end":{"line":137,"column":67}}},"30":{"name":"(anonymous_30)","decl":{"start":{"line":138,"column":11},"end":{"line":138,"column":12}},"loc":{"start":{"line":138,"column":30},"end":{"line":138,"column":52}}},"31":{"name":"(anonymous_31)","decl":{"start":{"line":139,"column":14},"end":{"line":139,"column":15}},"loc":{"start":{"line":139,"column":37},"end":{"line":139,"column":63}}},"32":{"name":"(anonymous_32)","decl":{"start":{"line":140,"column":20},"end":{"line":140,"column":21}},"loc":{"start":{"line":140,"column":48},"end":{"line":140,"column":79}}},"33":{"name":"(anonymous_33)","decl":{"start":{"line":153,"column":14},"end":{"line":153,"column":15}},"loc":{"start":{"line":153,"column":39},"end":{"line":156,"column":4}}},"34":{"name":"(anonymous_34)","decl":{"start":{"line":157,"column":12},"end":{"line":157,"column":13}},"loc":{"start":{"line":157,"column":29},"end":{"line":160,"column":4}}},"35":{"name":"(anonymous_35)","decl":{"start":{"line":161,"column":8},"end":{"line":161,"column":9}},"loc":{"start":{"line":161,"column":23},"end":{"line":164,"column":4}}},"36":{"name":"(anonymous_36)","decl":{"start":{"line":165,"column":26},"end":{"line":165,"column":27}},"loc":{"start":{"line":165,"column":64},"end":{"line":168,"column":4}}},"37":{"name":"(anonymous_37)","decl":{"start":{"line":169,"column":28},"end":{"line":169,"column":29}},"loc":{"start":{"line":169,"column":59},"end":{"line":172,"column":4}}}},"branchMap":{"0":{"loc":{"start":{"line":31,"column":2},"end":{"line":31,"column":27}},"type":"default-arg","locations":[{"start":{"line":31,"column":25},"end":{"line":31,"column":27}}]},"1":{"loc":{"start":{"line":33,"column":9},"end":{"line":33,"column":37}},"type":"binary-expr","locations":[{"start":{"line":33,"column":9},"end":{"line":33,"column":21}},{"start":{"line":33,"column":25},"end":{"line":33,"column":37}}]},"2":{"loc":{"start":{"line":38,"column":2},"end":{"line":38,"column":26}},"type":"default-arg","locations":[{"start":{"line":38,"column":25},"end":{"line":38,"column":26}}]},"3":{"loc":{"start":{"line":40,"column":9},"end":{"line":40,"column":64}},"type":"cond-expr","locations":[{"start":{"line":40,"column":26},"end":{"line":40,"column":49}},{"start":{"line":40,"column":52},"end":{"line":40,"column":64}}]},"4":{"loc":{"start":{"line":46,"column":9},"end":{"line":46,"column":61}},"type":"cond-expr","locations":[{"start":{"line":46,"column":26},"end":{"line":46,"column":49}},{"start":{"line":46,"column":52},"end":{"line":46,"column":61}}]},"5":{"loc":{"start":{"line":51,"column":2},"end":{"line":51,"column":31}},"type":"default-arg","locations":[{"start":{"line":51,"column":26},"end":{"line":51,"column":31}}]},"6":{"loc":{"start":{"line":53,"column":9},"end":{"line":53,"column":42}},"type":"binary-expr","locations":[{"start":{"line":53,"column":9},"end":{"line":53,"column":26}},{"start":{"line":53,"column":30},"end":{"line":53,"column":42}}]}},"s":{"0":23,"1":23,"2":14,"3":23,"4":1,"5":23,"6":1,"7":23,"8":220,"9":23,"10":54,"11":23,"12":23,"13":41,"14":23,"15":23,"16":4,"17":23,"18":23,"19":10,"20":23,"21":23,"22":23,"23":2,"24":11,"25":8,"26":1,"27":1,"28":1,"29":1,"30":2,"31":4,"32":2,"33":2,"34":2,"35":1,"36":14,"37":1,"38":1,"39":2,"40":6,"41":1,"42":1,"43":2,"44":1,"45":1,"46":1,"47":6,"48":23,"49":23,"50":7,"51":3,"52":10,"53":1,"54":1},"f":{"0":14,"1":1,"2":1,"3":220,"4":54,"5":41,"6":4,"7":10,"8":2,"9":11,"10":8,"11":1,"12":1,"13":1,"14":1,"15":2,"16":4,"17":2,"18":2,"19":2,"20":1,"21":14,"22":1,"23":1,"24":2,"25":6,"26":1,"27":1,"28":2,"29":1,"30":1,"31":1,"32":6,"33":7,"34":3,"35":10,"36":1,"37":1},"b":{"0":[53],"1":[54,35],"2":[39],"3":[9,32],"4":[2,2],"5":[9],"6":[10,8]}}
,"G:\\Work\\Apps\\oi-gamez-room-api\\lambda\\packages\\dynamodb\\src\\helpers\\index.ts": {"path":"G:\\Work\\Apps\\oi-gamez-room-api\\lambda\\packages\\dynamodb\\src\\helpers\\index.ts","statementMap":{"0":{"start":{"line":1,"column":0},"end":{"line":1,"column":32}},"1":{"start":{"line":2,"column":0},"end":{"line":2,"column":24}}},"fnMap":{},"branchMap":{},"s":{"0":22,"1":22},"f":{},"b":{}}
,"G:\\Work\\Apps\\oi-gamez-room-api\\lambda\\packages\\dynamodb\\src\\helpers\\types.ts": {"path":"G:\\Work\\Apps\\oi-gamez-room-api\\lambda\\packages\\dynamodb\\src\\helpers\\types.ts","statementMap":{"0":{"start":{"line":104,"column":0},"end":{"line":104,"column":null}},"1":{"start":{"line":105,"column":2},"end":{"line":105,"column":null}},"2":{"start":{"line":106,"column":2},"end":{"line":106,"column":null}},"3":{"start":{"line":107,"column":2},"end":{"line":107,"column":null}},"4":{"start":{"line":108,"column":2},"end":{"line":108,"column":null}}},"fnMap":{"0":{"name":"(anonymous_0)","decl":{"start":{"line":104,"column":0},"end":{"line":104,"column":12}},"loc":{"start":{"line":104,"column":22},"end":{"line":109,"column":1}}}},"branchMap":{"0":{"loc":{"start":{"line":104,"column":12},"end":{"line":104,"column":null}},"type":"binary-expr","locations":[{"start":{"line":104,"column":12},"end":{"line":104,"column":22}},{"start":{"line":104,"column":22},"end":{"line":104,"column":null}}]}},"s":{"0":23,"1":23,"2":23,"3":23,"4":23},"f":{"0":23},"b":{"0":[23,23]}}
,"G:\\Work\\Apps\\oi-gamez-room-api\\lambda\\packages\\dynamodb\\src\\parameters\\index.ts": {"path":"G:\\Work\\Apps\\oi-gamez-room-api\\lambda\\packages\\dynamodb\\src\\parameters\\index.ts","statementMap":{"0":{"start":{"line":1,"column":0},"end":{"line":1,"column":29}}},"fnMap":{},"branchMap":{},"s":{"0":22},"f":{},"b":{}}
,"G:\\Work\\Apps\\oi-gamez-room-api\\lambda\\packages\\dynamodb\\src\\parameters\\parameters.ts": {"path":"G:\\Work\\Apps\\oi-gamez-room-api\\lambda\\packages\\dynamodb\\src\\parameters\\parameters.ts","statementMap":{"0":{"start":{"line":1,"column":13},"end":{"line":1,"column":44}}},"fnMap":{},"branchMap":{},"s":{"0":22},"f":{},"b":{}}
,"G:\\Work\\Apps\\oi-gamez-room-api\\lambda\\packages\\event-bridge\\src\\index.ts": {"path":"G:\\Work\\Apps\\oi-gamez-room-api\\lambda\\packages\\event-bridge\\src\\index.ts","statementMap":{"0":{"start":{"line":1,"column":0},"end":{"line":1,"column":25}},"1":{"start":{"line":2,"column":0},"end":{"line":2,"column":25}},"2":{"start":{"line":3,"column":0},"end":{"line":3,"column":29}}},"fnMap":{},"branchMap":{},"s":{"0":2,"1":2,"2":2},"f":{},"b":{}}
,"G:\\Work\\Apps\\oi-gamez-room-api\\lambda\\packages\\event-bridge\\src\\client\\client.ts": {"path":"G:\\Work\\Apps\\oi-gamez-room-api\\lambda\\packages\\event-bridge\\src\\client\\client.ts","statementMap":{"0":{"start":{"line":1,"column":0},"end":{"line":1,"column":64}},"1":{"start":{"line":3,"column":13},"end":{"line":5,"column":3}}},"fnMap":{},"branchMap":{},"s":{"0":3,"1":3},"f":{},"b":{}}
,"G:\\Work\\Apps\\oi-gamez-room-api\\lambda\\packages\\event-bridge\\src\\client\\index.ts": {"path":"G:\\Work\\Apps\\oi-gamez-room-api\\lambda\\packages\\event-bridge\\src\\client\\index.ts","statementMap":{"0":{"start":{"line":1,"column":0},"end":{"line":1,"column":25}}},"fnMap":{},"branchMap":{},"s":{"0":3},"f":{},"b":{}}
,"G:\\Work\\Apps\\oi-gamez-room-api\\lambda\\packages\\event-bridge\\src\\events\\event-bridge-event.ts": {"path":"G:\\Work\\Apps\\oi-gamez-room-api\\lambda\\packages\\event-bridge\\src\\events\\event-bridge-event.ts","statementMap":{"0":{"start":{"line":6,"column":11},"end":{"line":6,"column":null}},"1":{"start":{"line":9,"column":11},"end":{"line":9,"column":29}},"2":{"start":{"line":4,"column":0},"end":{"line":4,"column":22}}},"fnMap":{"0":{"name":"(anonymous_0)","decl":{"start":{"line":5,"column":2},"end":{"line":5,"column":null}},"loc":{"start":{"line":9,"column":29},"end":{"line":10,"column":6}}}},"branchMap":{},"s":{"0":18,"1":18,"2":14},"f":{"0":18},"b":{}}
,"G:\\Work\\Apps\\oi-gamez-room-api\\lambda\\packages\\event-bridge\\src\\events\\index.ts": {"path":"G:\\Work\\Apps\\oi-gamez-room-api\\lambda\\packages\\event-bridge\\src\\events\\index.ts","statementMap":{"0":{"start":{"line":1,"column":0},"end":{"line":1,"column":27}},"1":{"start":{"line":2,"column":0},"end":{"line":2,"column":37}},"2":{"start":{"line":3,"column":0},"end":{"line":3,"column":27}},"3":{"start":{"line":4,"column":0},"end":{"line":4,"column":27}}},"fnMap":{},"branchMap":{},"s":{"0":3,"1":3,"2":3,"3":3},"f":{},"b":{}}
,"G:\\Work\\Apps\\oi-gamez-room-api\\lambda\\packages\\event-bridge\\src\\events\\external\\event-bridge-external-event.ts": {"path":"G:\\Work\\Apps\\oi-gamez-room-api\\lambda\\packages\\event-bridge\\src\\events\\external\\event-bridge-external-event.ts","statementMap":{"0":{"start":{"line":1,"column":0},"end":{"line":1,"column":57}},"1":{"start":{"line":10,"column":4},"end":{"line":10,"column":34}},"2":{"start":{"line":7,"column":11},"end":{"line":7,"column":51}},"3":{"start":{"line":8,"column":11},"end":{"line":8,"column":29}},"4":{"start":{"line":5,"column":0},"end":{"line":5,"column":22}}},"fnMap":{"0":{"name":"(anonymous_0)","decl":{"start":{"line":6,"column":2},"end":{"line":6,"column":null}},"loc":{"start":{"line":8,"column":29},"end":{"line":11,"column":3}}}},"branchMap":{},"s":{"0":8,"1":7,"2":7,"3":7,"4":8},"f":{"0":7},"b":{}}
,"G:\\Work\\Apps\\oi-gamez-room-api\\lambda\\packages\\event-bridge\\src\\events\\external\\host-change-external-event.ts": {"path":"G:\\Work\\Apps\\oi-gamez-room-api\\lambda\\packages\\event-bridge\\src\\events\\external\\host-change-external-event.ts","statementMap":{"0":{"start":{"line":1,"column":0},"end":{"line":1,"column":73}},"1":{"start":{"line":2,"column":0},"end":{"line":2,"column":55}},"2":{"start":{"line":11,"column":4},"end":{"line":11,"column":64}},"3":{"start":{"line":6,"column":11},"end":{"line":6,"column":27}},"4":{"start":{"line":7,"column":11},"end":{"line":7,"column":34}},"5":{"start":{"line":8,"column":11},"end":{"line":8,"column":34}},"6":{"start":{"line":4,"column":0},"end":{"line":4,"column":13}}},"fnMap":{"0":{"name":"(anonymous_0)","decl":{"start":{"line":5,"column":2},"end":{"line":5,"column":null}},"loc":{"start":{"line":9,"column":22},"end":{"line":12,"column":3}}}},"branchMap":{},"s":{"0":4,"1":4,"2":1,"3":1,"4":1,"5":1,"6":4},"f":{"0":1},"b":{}}
,"G:\\Work\\Apps\\oi-gamez-room-api\\lambda\\packages\\event-bridge\\src\\events\\external\\index.ts": {"path":"G:\\Work\\Apps\\oi-gamez-room-api\\lambda\\packages\\event-bridge\\src\\events\\external\\index.ts","statementMap":{"0":{"start":{"line":1,"column":0},"end":{"line":1,"column":24}},"1":{"start":{"line":2,"column":0},"end":{"line":2,"column":46}},"2":{"start":{"line":3,"column":0},"end":{"line":3,"column":45}},"3":{"start":{"line":4,"column":0},"end":{"line":4,"column":46}},"4":{"start":{"line":5,"column":0},"end":{"line":5,"column":46}},"5":{"start":{"line":6,"column":0},"end":{"line":6,"column":45}},"6":{"start":{"line":7,"column":0},"end":{"line":7,"column":43}}},"fnMap":{},"branchMap":{},"s":{"0":3,"1":3,"2":3,"3":3,"4":3,"5":3,"6":3},"f":{},"b":{}}
,"G:\\Work\\Apps\\oi-gamez-room-api\\lambda\\packages\\event-bridge\\src\\events\\external\\room-created-external-event.ts": {"path":"G:\\Work\\Apps\\oi-gamez-room-api\\lambda\\packages\\event-bridge\\src\\events\\external\\room-created-external-event.ts","statementMap":{"0":{"start":{"line":1,"column":0},"end":{"line":1,"column":73}},"1":{"start":{"line":2,"column":0},"end":{"line":2,"column":55}},"2":{"start":{"line":10,"column":4},"end":{"line":10,"column":64}},"3":{"start":{"line":6,"column":11},"end":{"line":6,"column":27}},"4":{"start":{"line":7,"column":11},"end":{"line":7,"column":31}},"5":{"start":{"line":4,"column":0},"end":{"line":4,"column":13}}},"fnMap":{"0":{"name":"(anonymous_0)","decl":{"start":{"line":5,"column":2},"end":{"line":5,"column":null}},"loc":{"start":{"line":8,"column":22},"end":{"line":11,"column":3}}}},"branchMap":{},"s":{"0":4,"1":4,"2":1,"3":1,"4":1,"5":4},"f":{"0":1},"b":{}}
,"G:\\Work\\Apps\\oi-gamez-room-api\\lambda\\packages\\event-bridge\\src\\events\\external\\room-removed-external-event.ts": {"path":"G:\\Work\\Apps\\oi-gamez-room-api\\lambda\\packages\\event-bridge\\src\\events\\external\\room-removed-external-event.ts","statementMap":{"0":{"start":{"line":1,"column":0},"end":{"line":1,"column":73}},"1":{"start":{"line":2,"column":0},"end":{"line":2,"column":55}},"2":{"start":{"line":6,"column":4},"end":{"line":6,"column":64}},"3":{"start":{"line":5,"column":21},"end":{"line":5,"column":37}},"4":{"start":{"line":4,"column":0},"end":{"line":4,"column":13}}},"fnMap":{"0":{"name":"(anonymous_0)","decl":{"start":{"line":5,"column":2},"end":{"line":5,"column":21}},"loc":{"start":{"line":5,"column":57},"end":{"line":7,"column":3}}}},"branchMap":{},"s":{"0":4,"1":4,"2":1,"3":1,"4":4},"f":{"0":1},"b":{}}
,"G:\\Work\\Apps\\oi-gamez-room-api\\lambda\\packages\\event-bridge\\src\\events\\external\\user-joined-external-event.ts": {"path":"G:\\Work\\Apps\\oi-gamez-room-api\\lambda\\packages\\event-bridge\\src\\events\\external\\user-joined-external-event.ts","statementMap":{"0":{"start":{"line":1,"column":0},"end":{"line":1,"column":73}},"1":{"start":{"line":2,"column":0},"end":{"line":2,"column":55}},"2":{"start":{"line":11,"column":4},"end":{"line":11,"column":63}},"3":{"start":{"line":6,"column":11},"end":{"line":6,"column":27}},"4":{"start":{"line":7,"column":11},"end":{"line":7,"column":27}},"5":{"start":{"line":8,"column":11},"end":{"line":8,"column":39}},"6":{"start":{"line":4,"column":0},"end":{"line":4,"column":13}}},"fnMap":{"0":{"name":"(anonymous_0)","decl":{"start":{"line":5,"column":2},"end":{"line":5,"column":null}},"loc":{"start":{"line":9,"column":22},"end":{"line":12,"column":3}}}},"branchMap":{},"s":{"0":4,"1":4,"2":1,"3":1,"4":1,"5":1,"6":4},"f":{"0":1},"b":{}}
,"G:\\Work\\Apps\\oi-gamez-room-api\\lambda\\packages\\event-bridge\\src\\events\\external\\user-left-external-event.ts": {"path":"G:\\Work\\Apps\\oi-gamez-room-api\\lambda\\packages\\event-bridge\\src\\events\\external\\user-left-external-event.ts","statementMap":{"0":{"start":{"line":1,"column":0},"end":{"line":1,"column":73}},"1":{"start":{"line":2,"column":0},"end":{"line":2,"column":55}},"2":{"start":{"line":11,"column":4},"end":{"line":11,"column":61}},"3":{"start":{"line":6,"column":11},"end":{"line":6,"column":27}},"4":{"start":{"line":7,"column":11},"end":{"line":7,"column":27}},"5":{"start":{"line":8,"column":11},"end":{"line":8,"column":39}},"6":{"start":{"line":4,"column":0},"end":{"line":4,"column":13}}},"fnMap":{"0":{"name":"(anonymous_0)","decl":{"start":{"line":5,"column":2},"end":{"line":5,"column":null}},"loc":{"start":{"line":9,"column":22},"end":{"line":12,"column":3}}}},"branchMap":{},"s":{"0":4,"1":4,"2":1,"3":1,"4":1,"5":1,"6":4},"f":{"0":1},"b":{}}
,"G:\\Work\\Apps\\oi-gamez-room-api\\lambda\\packages\\event-bridge\\src\\events\\external\\types\\index.ts": {"path":"G:\\Work\\Apps\\oi-gamez-room-api\\lambda\\packages\\event-bridge\\src\\events\\external\\types\\index.ts","statementMap":{"0":{"start":{"line":1,"column":0},"end":{"line":1,"column":24}}},"fnMap":{},"branchMap":{},"s":{"0":8},"f":{},"b":{}}
,"G:\\Work\\Apps\\oi-gamez-room-api\\lambda\\packages\\event-bridge\\src\\events\\external\\types\\types.ts": {"path":"G:\\Work\\Apps\\oi-gamez-room-api\\lambda\\packages\\event-bridge\\src\\events\\external\\types\\types.ts","statementMap":{"0":{"start":{"line":1,"column":0},"end":{"line":1,"column":null}},"1":{"start":{"line":2,"column":2},"end":{"line":2,"column":null}},"2":{"start":{"line":3,"column":2},"end":{"line":3,"column":null}},"3":{"start":{"line":4,"column":2},"end":{"line":4,"column":null}},"4":{"start":{"line":5,"column":2},"end":{"line":5,"column":null}},"5":{"start":{"line":6,"column":2},"end":{"line":6,"column":null}}},"fnMap":{"0":{"name":"(anonymous_0)","decl":{"start":{"line":1,"column":0},"end":{"line":1,"column":12}},"loc":{"start":{"line":1,"column":40},"end":{"line":7,"column":1}}}},"branchMap":{"0":{"loc":{"start":{"line":1,"column":12},"end":{"line":1,"column":null}},"type":"binary-expr","locations":[{"start":{"line":1,"column":12},"end":{"line":1,"column":40}},{"start":{"line":1,"column":40},"end":{"line":1,"column":null}}]}},"s":{"0":8,"1":8,"2":8,"3":8,"4":8,"5":8},"f":{"0":8},"b":{"0":[8,8]}}
,"G:\\Work\\Apps\\oi-gamez-room-api\\lambda\\packages\\event-bridge\\src\\events\\internal\\event-bridge-internal-event.ts": {"path":"G:\\Work\\Apps\\oi-gamez-room-api\\lambda\\packages\\event-bridge\\src\\events\\internal\\event-bridge-internal-event.ts","statementMap":{"0":{"start":{"line":1,"column":0},"end":{"line":1,"column":57}},"1":{"start":{"line":10,"column":4},"end":{"line":10,"column":34}},"2":{"start":{"line":7,"column":11},"end":{"line":7,"column":51}},"3":{"start":{"line":8,"column":11},"end":{"line":8,"column":29}},"4":{"start":{"line":5,"column":0},"end":{"line":5,"column":22}}},"fnMap":{"0":{"name":"(anonymous_0)","decl":{"start":{"line":6,"column":2},"end":{"line":6,"column":null}},"loc":{"start":{"line":8,"column":29},"end":{"line":11,"column":3}}}},"branchMap":{},"s":{"0":9,"1":11,"2":11,"3":11,"4":9},"f":{"0":11},"b":{}}
,"G:\\Work\\Apps\\oi-gamez-room-api\\lambda\\packages\\event-bridge\\src\\events\\internal\\host-change-internal-event.ts": {"path":"G:\\Work\\Apps\\oi-gamez-room-api\\lambda\\packages\\event-bridge\\src\\events\\internal\\host-change-internal-event.ts","statementMap":{"0":{"start":{"line":1,"column":0},"end":{"line":1,"column":73}},"1":{"start":{"line":2,"column":0},"end":{"line":2,"column":55}},"2":{"start":{"line":11,"column":4},"end":{"line":11,"column":64}},"3":{"start":{"line":6,"column":11},"end":{"line":6,"column":27}},"4":{"start":{"line":7,"column":11},"end":{"line":7,"column":34}},"5":{"start":{"line":8,"column":11},"end":{"line":8,"column":34}},"6":{"start":{"line":4,"column":0},"end":{"line":4,"column":13}}},"fnMap":{"0":{"name":"(anonymous_0)","decl":{"start":{"line":5,"column":2},"end":{"line":5,"column":null}},"loc":{"start":{"line":9,"column":22},"end":{"line":12,"column":3}}}},"branchMap":{},"s":{"0":4,"1":4,"2":2,"3":2,"4":2,"5":2,"6":4},"f":{"0":2},"b":{}}
,"G:\\Work\\Apps\\oi-gamez-room-api\\lambda\\packages\\event-bridge\\src\\events\\internal\\host-connection-expired-internal-event.ts": {"path":"G:\\Work\\Apps\\oi-gamez-room-api\\lambda\\packages\\event-bridge\\src\\events\\internal\\host-connection-expired-internal-event.ts","statementMap":{"0":{"start":{"line":1,"column":0},"end":{"line":1,"column":73}},"1":{"start":{"line":2,"column":0},"end":{"line":2,"column":55}},"2":{"start":{"line":11,"column":4},"end":{"line":11,"column":74}},"3":{"start":{"line":6,"column":11},"end":{"line":6,"column":27}},"4":{"start":{"line":7,"column":11},"end":{"line":7,"column":27}},"5":{"start":{"line":8,"column":11},"end":{"line":8,"column":36}},"6":{"start":{"line":4,"column":0},"end":{"line":4,"column":13}}},"fnMap":{"0":{"name":"(anonymous_0)","decl":{"start":{"line":5,"column":2},"end":{"line":5,"column":null}},"loc":{"start":{"line":9,"column":22},"end":{"line":12,"column":3}}}},"branchMap":{},"s":{"0":4,"1":4,"2":1,"3":1,"4":1,"5":1,"6":4},"f":{"0":1},"b":{}}
[...]
,"G:\\Work\\Apps\\oi-gamez-room-api\\lambda\\packages\\repositories\\src\\update-room-status\\update-room-status.ts": {"path":"G:\\Work\\Apps\\oi-gamez-room-api\\lambda\\packages\\repositories\\src\\update-room-status\\update-room-status.ts","statementMap":{"0":{"start":{"line":1,"column":0},"end":{"line":1,"column":null}},"1":{"start":{"line":6,"column":0},"end":{"line":6,"column":59}},"2":{"start":{"line":7,"column":0},"end":{"line":7,"column":null}},"3":{"start":{"line":16,"column":32},"end":{"line":36,"column":1}},"4":{"start":{"line":20,"column":57},"end":{"line":31,"column":4}},"5":{"start":{"line":33,"column":28},"end":{"line":33,"column":73}},"6":{"start":{"line":35,"column":2},"end":{"line":35,"column":41}},"7":{"start":{"line":16,"column":13},"end":{"line":16,"column":32}}},"fnMap":{"0":{"name":"(anonymous_0)","decl":{"start":{"line":16,"column":32},"end":{"line":16,"column":37}},"loc":{"start":{"line":19,"column":19},"end":{"line":36,"column":1}}}},"branchMap":{},"s":{"0":3,"1":3,"2":3,"3":3,"4":1,"5":1,"6":1,"7":3},"f":{"0":1},"b":{}}
,"G:\\Work\\Apps\\oi-gamez-room-api\\lambda\\packages\\responses\\src\\bad-request\\bad-request.ts": {"path":"G:\\Work\\Apps\\oi-gamez-room-api\\lambda\\packages\\responses\\src\\bad-request\\bad-request.ts","statementMap":{"0":{"start":{"line":3,"column":34},"end":{"line":13,"column":1}},"1":{"start":{"line":6,"column":2},"end":{"line":12,"column":4}},"2":{"start":{"line":3,"column":13},"end":{"line":3,"column":34}}},"fnMap":{"0":{"name":"(anonymous_0)","decl":{"start":{"line":3,"column":34},"end":{"line":3,"column":null}},"loc":{"start":{"line":5,"column":27},"end":{"line":13,"column":1}}}},"branchMap":{},"s":{"0":1,"1":1,"2":1},"f":{"0":1},"b":{}}
,"G:\\Work\\Apps\\oi-gamez-room-api\\lambda\\packages\\responses\\src\\cors-bad-request\\cors-bad-request.ts": {"path":"G:\\Work\\Apps\\oi-gamez-room-api\\lambda\\packages\\responses\\src\\cors-bad-request\\cors-bad-request.ts","statementMap":{"0":{"start":{"line":2,"column":0},"end":{"line":2,"column":62}},"1":{"start":{"line":4,"column":38},"end":{"line":15,"column":1}},"2":{"start":{"line":7,"column":2},"end":{"line":14,"column":4}},"3":{"start":{"line":4,"column":13},"end":{"line":4,"column":38}}},"fnMap":{"0":{"name":"(anonymous_0)","decl":{"start":{"line":4,"column":38},"end":{"line":4,"column":null}},"loc":{"start":{"line":6,"column":27},"end":{"line":15,"column":1}}}},"branchMap":{},"s":{"0":1,"1":1,"2":1,"3":1},"f":{"0":1},"b":{}}
,"G:\\Work\\Apps\\oi-gamez-room-api\\lambda\\packages\\responses\\src\\cors-ok-response\\cors-ok-response.ts": {"path":"G:\\Work\\Apps\\oi-gamez-room-api\\lambda\\packages\\responses\\src\\cors-ok-response\\cors-ok-response.ts","statementMap":{"0":{"start":{"line":3,"column":0},"end":{"line":3,"column":62}},"1":{"start":{"line":5,"column":30},"end":{"line":16,"column":1}},"2":{"start":{"line":8,"column":2},"end":{"line":15,"column":4}},"3":{"start":{"line":5,"column":13},"end":{"line":5,"column":30}}},"fnMap":{"0":{"name":"(anonymous_0)","decl":{"start":{"line":5,"column":30},"end":{"line":5,"column":null}},"loc":{"start":{"line":7,"column":27},"end":{"line":16,"column":1}}}},"branchMap":{"0":{"loc":{"start":{"line":6,"column":2},"end":{"line":6,"column":26}},"type":"default-arg","locations":[{"start":{"line":6,"column":23},"end":{"line":6,"column":26}}]}},"s":{"0":1,"1":1,"2":2,"3":1},"f":{"0":2},"b":{"0":[1]}}
,"G:\\Work\\Apps\\oi-gamez-room-api\\lambda\\packages\\responses\\src\\cors-ok-response-with-data\\cors-ok-response-with-data.ts": {"path":"G:\\Work\\Apps\\oi-gamez-room-api\\lambda\\packages\\responses\\src\\cors-ok-response-with-data\\cors-ok-response-with-data.ts","statementMap":{"0":{"start":{"line":2,"column":0},"end":{"line":2,"column":62}},"1":{"start":{"line":4,"column":38},"end":{"line":13,"column":1}},"2":{"start":{"line":5,"column":2},"end":{"line":12,"column":4}},"3":{"start":{"line":4,"column":13},"end":{"line":4,"column":38}}},"fnMap":{"0":{"name":"(anonymous_0)","decl":{"start":{"line":4,"column":38},"end":{"line":4,"column":42}},"loc":{"start":{"line":4,"column":76},"end":{"line":13,"column":1}}}},"branchMap":{},"s":{"0":1,"1":1,"2":1,"3":1},"f":{"0":1},"b":{}}
,"G:\\Work\\Apps\\oi-gamez-room-api\\lambda\\packages\\responses\\src\\fatal-error-response\\fatal-error-response.ts": {"path":"G:\\Work\\Apps\\oi-gamez-room-api\\lambda\\packages\\responses\\src\\fatal-error-response\\fatal-error-response.ts","statementMap":{"0":{"start":{"line":3,"column":34},"end":{"line":13,"column":1}},"1":{"start":{"line":4,"column":2},"end":{"line":12,"column":4}},"2":{"start":{"line":3,"column":13},"end":{"line":3,"column":34}}},"fnMap":{"0":{"name":"(anonymous_0)","decl":{"start":{"line":3,"column":34},"end":{"line":3,"column":35}},"loc":{"start":{"line":3,"column":75},"end":{"line":13,"column":1}}}},"branchMap":{},"s":{"0":1,"1":1,"2":1},"f":{"0":1},"b":{}}
,"G:\\Work\\Apps\\oi-gamez-room-api\\lambda\\packages\\responses\\src\\ok-response\\ok-response.ts": {"path":"G:\\Work\\Apps\\oi-gamez-room-api\\lambda\\packages\\responses\\src\\ok-response\\ok-response.ts","statementMap":{"0":{"start":{"line":3,"column":26},"end":{"line":11,"column":1}},"1":{"start":{"line":4,"column":2},"end":{"line":10,"column":4}},"2":{"start":{"line":3,"column":13},"end":{"line":3,"column":26}}},"fnMap":{"0":{"name":"(anonymous_0)","decl":{"start":{"line":3,"column":26},"end":{"line":3,"column":27}},"loc":{"start":{"line":3,"column":78},"end":{"line":11,"column":1}}}},"branchMap":{"0":{"loc":{"start":{"line":3,"column":27},"end":{"line":3,"column":51}},"type":"default-arg","locations":[{"start":{"line":3,"column":48},"end":{"line":3,"column":51}}]}},"s":{"0":1,"1":1,"2":1},"f":{"0":1},"b":{"0":[1]}}
,"G:\\Work\\Apps\\oi-gamez-room-api\\lambda\\packages\\services\\src\\get-room-and-connections\\get-room-and-connections.service.ts": {"path":"G:\\Work\\Apps\\oi-gamez-room-api\\lambda\\packages\\services\\src\\get-room-and-connections\\get-room-and-connections.service.ts","statementMap":{"0":{"start":{"line":2,"column":0},"end":{"line":2,"column":74}},"1":{"start":{"line":4,"column":37},"end":{"line":12,"column":1}},"2":{"start":{"line":8,"column":22},"end":{"line":8,"column":50}},"3":{"start":{"line":9,"column":29},"end":{"line":9,"column":62}},"4":{"start":{"line":11,"column":2},"end":{"line":11,"column":62}},"5":{"start":{"line":4,"column":13},"end":{"line":4,"column":37}}},"fnMap":{"0":{"name":"(anonymous_0)","decl":{"start":{"line":4,"column":37},"end":{"line":4,"column":42}},"loc":{"start":{"line":7,"column":51},"end":{"line":12,"column":1}}}},"branchMap":{},"s":{"0":1,"1":1,"2":1,"3":1,"4":1,"5":1},"f":{"0":1},"b":{}}
,"G:\\Work\\Apps\\oi-gamez-room-api\\lambda\\packages\\services\\src\\handle-host-disconnection\\handle-host-disconnection.service.ts": {"path":"G:\\Work\\Apps\\oi-gamez-room-api\\lambda\\packages\\services\\src\\handle-host-disconnection\\handle-host-disconnection.service.ts","statementMap":{"0":{"start":{"line":1,"column":0},"end":{"line":1,"column":null}},"1":{"start":{"line":7,"column":0},"end":{"line":7,"column":74}},"2":{"start":{"line":9,"column":0},"end":{"line":9,"column":53}},"3":{"start":{"line":11,"column":19},"end":{"line":34,"column":1}},"4":{"start":{"line":18,"column":2},"end":{"line":18,"column":73}},"5":{"start":{"line":21,"column":4},"end":{"line":21,"column":75}},"6":{"start":{"line":23,"column":2},"end":{"line":33,"column":null}},"7":{"start":{"line":24,"column":4},"end":{"line":24,"column":54}},"8":{"start":{"line":25,"column":4},"end":{"line":32,"column":7}},"9":{"start":{"line":36,"column":18},"end":{"line":47,"column":1}},"10":{"start":{"line":42,"column":2},"end":{"line":42,"column":50}},"11":{"start":{"line":44,"column":2},"end":{"line":46,"column":5}},"12":{"start":{"line":49,"column":39},"end":{"line":73,"column":1}},"13":{"start":{"line":56,"column":27},"end":{"line":58,"column":17}},"14":{"start":{"line":57,"column":11},"end":{"line":57,"column":34}},"15":{"start":{"line":60,"column":2},"end":{"line":72,"column":null}},"16":{"start":{"line":61,"column":4},"end":{"line":61,"column":71}},"17":{"start":{"line":63,"column":29},"end":{"line":63,"column":79}},"18":{"start":{"line":63,"column":55},"end":{"line":63,"column":78}},"19":{"start":{"line":65,"column":4},"end":{"line":71,"column":6}},"20":{"start":{"line":49,"column":13},"end":{"line":49,"column":39}}},"fnMap":{"0":{"name":"(anonymous_0)","decl":{"start":{"line":11,"column":19},"end":{"line":11,"column":24}},"loc":{"start":{"line":17,"column":19},"end":{"line":34,"column":1}}},"1":{"name":"(anonymous_1)","decl":{"start":{"line":36,"column":18},"end":{"line":36,"column":23}},"loc":{"start":{"line":41,"column":19},"end":{"line":47,"column":1}}},"2":{"name":"(anonymous_2)","decl":{"start":{"line":49,"column":39},"end":{"line":49,"column":44}},"loc":{"start":{"line":55,"column":19},"end":{"line":73,"column":1}}},"3":{"name":"(anonymous_3)","decl":{"start":{"line":57,"column":4},"end":{"line":57,"column":5}},"loc":{"start":{"line":57,"column":11},"end":{"line":57,"column":34}}},"4":{"name":"(anonymous_4)","decl":{"start":{"line":63,"column":48},"end":{"line":63,"column":49}},"loc":{"start":{"line":63,"column":55},"end":{"line":63,"column":78}}}},"branchMap":{"0":{"loc":{"start":{"line":21,"column":4},"end":{"line":21,"column":75}},"type":"cond-expr","locations":[{"start":{"line":21,"column":34},"end":{"line":21,"column":63}},{"start":{"line":21,"column":66},"end":{"line":21,"column":75}}]},"1":{"loc":{"start":{"line":23,"column":2},"end":{"line":33,"column":null}},"type":"if","locations":[{"start":{"line":23,"column":2},"end":{"line":33,"column":null}}]},"2":{"loc":{"start":{"line":60,"column":2},"end":{"line":72,"column":null}},"type":"if","locations":[{"start":{"line":60,"column":2},"end":{"line":72,"column":null}},{"start":{"line":62,"column":9},"end":{"line":72,"column":null}}]}},"s":{"0":1,"1":1,"2":1,"3":1,"4":2,"5":2,"6":2,"7":1,"8":1,"9":1,"10":1,"11":1,"12":1,"13":3,"14":3,"15":3,"16":1,"17":2,"18":3,"19":2,"20":1},"f":{"0":2,"1":1,"2":3,"3":3,"4":3},"b":{"0":[1,1],"1":[1],"2":[1,2]}}
,"G:\\Work\\Apps\\oi-gamez-room-api\\lambda\\packages\\services\\src\\handle-user-left\\index.ts": {"path":"G:\\Work\\Apps\\oi-gamez-room-api\\lambda\\packages\\services\\src\\handle-user-left\\index.ts","statementMap":{"0":{"start":{"line":1,"column":0},"end":{"line":1,"column":36}}},"fnMap":{},"branchMap":{},"s":{"0":1},"f":{},"b":{}}
,"G:\\Work\\Apps\\oi-gamez-room-api\\lambda\\packages\\services\\src\\handle-user-left\\user-left.service.ts": {"path":"G:\\Work\\Apps\\oi-gamez-room-api\\lambda\\packages\\services\\src\\handle-user-left\\user-left.service.ts","statementMap":{"0":{"start":{"line":1,"column":0},"end":{"line":1,"column":null}},"1":{"start":{"line":6,"column":0},"end":{"line":6,"column":59}},"2":{"start":{"line":8,"column":30},"end":{"line":19,"column":1}},"3":{"start":{"line":14,"column":2},"end":{"line":14,"column":43}},"4":{"start":{"line":16,"column":2},"end":{"line":18,"column":5}},"5":{"start":{"line":8,"column":13},"end":{"line":8,"column":30}}},"fnMap":{"0":{"name":"(anonymous_0)","decl":{"start":{"line":8,"column":30},"end":{"line":8,"column":35}},"loc":{"start":{"line":13,"column":19},"end":{"line":19,"column":1}}}},"branchMap":{},"s":{"0":1,"1":1,"2":1,"3":0,"4":0,"5":1},"f":{"0":0},"b":{}}
,"G:\\Work\\Apps\\oi-gamez-room-api\\lambda\\packages\\services\\src\\increment-and-convert-to-seconds\\increment-and-convert-to-seconds.service.ts": {"path":"G:\\Work\\Apps\\oi-gamez-room-api\\lambda\\packages\\services\\src\\increment-and-convert-to-seconds\\increment-and-convert-to-seconds.service.ts","statementMap":{"0":{"start":{"line":1,"column":0},"end":{"line":1,"column":78}},"1":{"start":{"line":3,"column":43},"end":{"line":10,"column":1}},"2":{"start":{"line":7,"column":2},"end":{"line":9,"column":4}},"3":{"start":{"line":3,"column":13},"end":{"line":3,"column":43}}},"fnMap":{"0":{"name":"(anonymous_0)","decl":{"start":{"line":3,"column":43},"end":{"line":3,"column":null}},"loc":{"start":{"line":6,"column":12},"end":{"line":10,"column":1}}}},"branchMap":{},"s":{"0":1,"1":1,"2":2,"3":1},"f":{"0":2},"b":{}}
,"G:\\Work\\Apps\\oi-gamez-room-api\\lambda\\packages\\services\\src\\milliseconds-to-seconds\\index.ts": {"path":"G:\\Work\\Apps\\oi-gamez-room-api\\lambda\\packages\\services\\src\\milliseconds-to-seconds\\index.ts","statementMap":{"0":{"start":{"line":1,"column":0},"end":{"line":1,"column":50}}},"fnMap":{},"branchMap":{},"s":{"0":1},"f":{},"b":{}}
,"G:\\Work\\Apps\\oi-gamez-room-api\\lambda\\packages\\services\\src\\milliseconds-to-seconds\\milliseconds-to-seconds.service.ts": {"path":"G:\\Work\\Apps\\oi-gamez-room-api\\lambda\\packages\\services\\src\\milliseconds-to-seconds\\milliseconds-to-seconds.service.ts","statementMap":{"0":{"start":{"line":1,"column":48},"end":{"line":5,"column":1}},"1":{"start":{"line":4,"column":2},"end":{"line":4,"column":46}},"2":{"start":{"line":1,"column":13},"end":{"line":1,"column":48}}},"fnMap":{"0":{"name":"(anonymous_0)","decl":{"start":{"line":1,"column":48},"end":{"line":1,"column":null}},"loc":{"start":{"line":3,"column":12},"end":{"line":5,"column":1}}}},"branchMap":{},"s":{"0":2,"1":4,"2":2},"f":{"0":4},"b":{}}
,"G:\\Work\\Apps\\oi-gamez-room-api\\lambda\\packages\\validators\\src\\cors-origin\\cors-origin.validator.ts": {"path":"G:\\Work\\Apps\\oi-gamez-room-api\\lambda\\packages\\validators\\src\\cors-origin\\cors-origin.validator.ts","statementMap":{"0":{"start":{"line":1,"column":0},"end":{"line":1,"column":62}},"1":{"start":{"line":5,"column":30},"end":{"line":17,"column":1}},"2":{"start":{"line":6,"column":2},"end":{"line":14,"column":null}},"3":{"start":{"line":10,"column":4},"end":{"line":13,"column":6}},"4":{"start":{"line":16,"column":2},"end":{"line":16,"column":51}},"5":{"start":{"line":5,"column":13},"end":{"line":5,"column":30}}},"fnMap":{"0":{"name":"(anonymous_0)","decl":{"start":{"line":5,"column":30},"end":{"line":5,"column":31}},"loc":{"start":{"line":5,"column":68},"end":{"line":17,"column":1}}}},"branchMap":{"0":{"loc":{"start":{"line":6,"column":2},"end":{"line":14,"column":null}},"type":"if","locations":[{"start":{"line":6,"column":2},"end":{"line":14,"column":null}}]},"1":{"loc":{"start":{"line":7,"column":4},"end":{"line":8,"column":70}},"type":"binary-expr","locations":[{"start":{"line":7,"column":4},"end":{"line":7,"column":11}},{"start":{"line":8,"column":4},"end":{"line":8,"column":70}}]}},"s":{"0":1,"1":1,"2":3,"3":2,"4":1,"5":1},"f":{"0":3},"b":{"0":[2],"1":[3,2]}}
,"G:\\Work\\Apps\\oi-gamez-room-api\\lambda\\packages\\validators\\src\\game-type-id\\game-type-id.validator.ts": {"path":"G:\\Work\\Apps\\oi-gamez-room-api\\lambda\\packages\\validators\\src\\game-type-id\\game-type-id.validator.ts","statementMap":{"0":{"start":{"line":3,"column":34},"end":{"line":22,"column":1}},"1":{"start":{"line":4,"column":2},"end":{"line":9,"column":null}},"2":{"start":{"line":5,"column":4},"end":{"line":8,"column":6}},"3":{"start":{"line":11,"column":2},"end":{"line":16,"column":null}},"4":{"start":{"line":12,"column":4},"end":{"line":15,"column":6}},"5":{"start":{"line":18,"column":2},"end":{"line":21,"column":4}},"6":{"start":{"line":3,"column":13},"end":{"line":3,"column":34}}},"fnMap":{"0":{"name":"(anonymous_0)","decl":{"start":{"line":3,"column":34},"end":{"line":3,"column":35}},"loc":{"start":{"line":3,"column":76},"end":{"line":22,"column":1}}}},"branchMap":{"0":{"loc":{"start":{"line":4,"column":2},"end":{"line":9,"column":null}},"type":"if","locations":[{"start":{"line":4,"column":2},"end":{"line":9,"column":null}}]},"1":{"loc":{"start":{"line":11,"column":2},"end":{"line":16,"column":null}},"type":"if","locations":[{"start":{"line":11,"column":2},"end":{"line":16,"column":null}}]},"2":{"loc":{"start":{"line":11,"column":6},"end":{"line":11,"column":42}},"type":"binary-expr","locations":[{"start":{"line":11,"column":6},"end":{"line":11,"column":23}},{"start":{"line":11,"column":27},"end":{"line":11,"column":42}}]}},"s":{"0":1,"1":4,"2":1,"3":3,"4":2,"5":1,"6":1},"f":{"0":4},"b":{"0":[1],"1":[2],"2":[3,2]}}
,"G:\\Work\\Apps\\oi-gamez-room-api\\lambda\\packages\\validators\\src\\room-code\\room-code.validator.ts": {"path":"G:\\Work\\Apps\\oi-gamez-room-api\\lambda\\packages\\validators\\src\\room-code\\room-code.validator.ts","statementMap":{"0":{"start":{"line":3,"column":32},"end":{"line":25,"column":1}},"1":{"start":{"line":4,"column":2},"end":{"line":9,"column":null}},"2":{"start":{"line":5,"column":4},"end":{"line":8,"column":6}},"3":{"start":{"line":11,"column":34},"end":{"line":11,"column":36}},"4":{"start":{"line":13,"column":2},"end":{"line":15,"column":null}},"5":{"start":{"line":14,"column":4},"end":{"line":14,"column":64}},"6":{"start":{"line":17,"column":2},"end":{"line":22,"column":null}},"7":{"start":{"line":18,"column":4},"end":{"line":21,"column":6}},"8":{"start":{"line":24,"column":2},"end":{"line":24,"column":51}},"9":{"start":{"line":3,"column":13},"end":{"line":3,"column":32}}},"fnMap":{"0":{"name":"(anonymous_0)","decl":{"start":{"line":3,"column":32},"end":{"line":3,"column":33}},"loc":{"start":{"line":3,"column":72},"end":{"line":25,"column":1}}}},"branchMap":{"0":{"loc":{"start":{"line":4,"column":2},"end":{"line":9,"column":null}},"type":"if","locations":[{"start":{"line":4,"column":2},"end":{"line":9,"column":null}}]},"1":{"loc":{"start":{"line":13,"column":2},"end":{"line":15,"column":null}},"type":"if","locations":[{"start":{"line":13,"column":2},"end":{"line":15,"column":null}}]},"2":{"loc":{"start":{"line":17,"column":2},"end":{"line":22,"column":null}},"type":"if","locations":[{"start":{"line":17,"column":2},"end":{"line":22,"column":null}}]}},"s":{"0":1,"1":5,"2":1,"3":4,"4":4,"5":3,"6":4,"7":3,"8":1,"9":1},"f":{"0":5},"b":{"0":[1],"1":[3],"2":[3]}}
,"G:\\Work\\Apps\\oi-gamez-room-api\\lambda\\packages\\validators\\src\\username\\username.validator.ts": {"path":"G:\\Work\\Apps\\oi-gamez-room-api\\lambda\\packages\\validators\\src\\username\\username.validator.ts","statementMap":{"0":{"start":{"line":3,"column":32},"end":{"line":29,"column":1}},"1":{"start":{"line":4,"column":2},"end":{"line":9,"column":null}},"2":{"start":{"line":5,"column":4},"end":{"line":8,"column":6}},"3":{"start":{"line":11,"column":34},"end":{"line":11,"column":36}},"4":{"start":{"line":13,"column":2},"end":{"line":15,"column":null}},"5":{"start":{"line":14,"column":4},"end":{"line":14,"column":65}},"6":{"start":{"line":17,"column":2},"end":{"line":19,"column":null}},"7":{"start":{"line":18,"column":4},"end":{"line":18,"column":70}},"8":{"start":{"line":21,"column":2},"end":{"line":26,"column":null}},"9":{"start":{"line":22,"column":4},"end":{"line":25,"column":6}},"10":{"start":{"line":28,"column":2},"end":{"line":28,"column":51}},"11":{"start":{"line":3,"column":13},"end":{"line":3,"column":32}}},"fnMap":{"0":{"name":"(anonymous_0)","decl":{"start":{"line":3,"column":32},"end":{"line":3,"column":33}},"loc":{"start":{"line":3,"column":72},"end":{"line":29,"column":1}}}},"branchMap":{"0":{"loc":{"start":{"line":4,"column":2},"end":{"line":9,"column":null}},"type":"if","locations":[{"start":{"line":4,"column":2},"end":{"line":9,"column":null}}]},"1":{"loc":{"start":{"line":13,"column":2},"end":{"line":15,"column":null}},"type":"if","locations":[{"start":{"line":13,"column":2},"end":{"line":15,"column":null}}]},"2":{"loc":{"start":{"line":17,"column":2},"end":{"line":19,"column":null}},"type":"if","locations":[{"start":{"line":17,"column":2},"end":{"line":19,"column":null}}]},"3":{"loc":{"start":{"line":21,"column":2},"end":{"line":26,"column":null}},"type":"if","locations":[{"start":{"line":21,"column":2},"end":{"line":26,"column":null}}]}},"s":{"0":1,"1":6,"2":1,"3":5,"4":5,"5":1,"6":5,"7":1,"8":5,"9":2,"10":3,"11":1},"f":{"0":6},"b":{"0":[1],"1":[1],"2":[1],"3":[2]}}
}
