{"G:\\Work\\Apps\\oi-gamez-room-api\\lambda\\packages\\communication\\src\\client\\client.ts": {"path":"G:\\Work\\Apps\\oi-gamez-room-api\\lambda\\packages\\communication\\src\\client\\client.ts","statementMap":{"0":{"start":{"line":1,"column":0},"end":{"line":1,"column":88}},"1":{"start":{"line":3,"column":0},"end":{"line":3,"column":66}},"2":{"start":{"line":5,"column":13},"end":{"line":7,"column":3}}},"fnMap":{},"branchMap":{},"s":{"0":1,"1":1,"2":1},"f":{},"b":{}}
,"G:\\Work\\Apps\\oi-gamez-room-api\\lambda\\packages\\communication\\src\\client\\index.ts": {"path":"G:\\Work\\Apps\\oi-gamez-room-api\\lambda\\packages\\communication\\src\\client\\index.ts","statementMap":{"0":{"start":{"line":1,"column":0},"end":{"line":1,"column":25}}},"fnMap":{},"branchMap":{},"s":{"0":1},"f":{},"b":{}}
,"G:\\Work\\Apps\\oi-gamez-room-api\\lambda\\packages\\communication\\src\\communication-service\\communication-service.ts": {"path":"G:\\Work\\Apps\\oi-gamez-room-api\\lambda\\packages\\communication\\src\\communication-service\\communication-service.ts","statementMap":{"0":{"start":{"line":1,"column":0},"end":{"line":1,"column":null}},"1":{"start":{"line":8,"column":0},"end":{"line":8,"column":35}},"2":{"start":{"line":10,"column":31},"end":{"line":29,"column":1}},"3":{"start":{"line":14,"column":2},"end":{"line":28,"column":null}},"4":{"start":{"line":15,"column":4},"end":{"line":27,"column":null}},"5":{"start":{"line":16,"column":22},"end":{"line":19,"column":8}},"6":{"start":{"line":21,"column":6},"end":{"line":21,"column":33}},"7":{"start":{"line":23,"column":6},"end":{"line":26,"column":8}},"8":{"start":{"line":31,"column":25},"end":{"line":40,"column":1}},"9":{"start":{"line":35,"column":24},"end":{"line":36,"column":null}},"10":{"start":{"line":36,"column":4},"end":{"line":36,"column":51}},"11":{"start":{"line":39,"column":2},"end":{"line":39,"column":35}},"12":{"start":{"line":31,"column":13},"end":{"line":31,"column":25}},"13":{"start":{"line":42,"column":31},"end":{"line":54,"column":1}},"14":{"start":{"line":43,"column":2},"end":{"line":53,"column":null}},"15":{"start":{"line":44,"column":4},"end":{"line":52,"column":null}},"16":{"start":{"line":45,"column":22},"end":{"line":47,"column":8}},"17":{"start":{"line":49,"column":6},"end":{"line":49,"column":33}},"18":{"start":{"line":51,"column":6},"end":{"line":51,"column":64}},"19":{"start":{"line":42,"column":13},"end":{"line":42,"column":31}}},"fnMap":{"0":{"name":"(anonymous_0)","decl":{"start":{"line":10,"column":31},"end":{"line":10,"column":36}},"loc":{"start":{"line":13,"column":19},"end":{"line":29,"column":1}}},"1":{"name":"(anonymous_1)","decl":{"start":{"line":31,"column":25},"end":{"line":31,"column":30}},"loc":{"start":{"line":34,"column":19},"end":{"line":40,"column":1}}},"2":{"name":"(anonymous_2)","decl":{"start":{"line":35,"column":40},"end":{"line":35,"column":41}},"loc":{"start":{"line":36,"column":4},"end":{"line":36,"column":51}}},"3":{"name":"(anonymous_3)","decl":{"start":{"line":42,"column":31},"end":{"line":42,"column":36}},"loc":{"start":{"line":42,"column":77},"end":{"line":54,"column":1}}}},"branchMap":{"0":{"loc":{"start":{"line":14,"column":2},"end":{"line":28,"column":null}},"type":"if","locations":[{"start":{"line":14,"column":2},"end":{"line":28,"column":null}}]},"1":{"loc":{"start":{"line":14,"column":6},"end":{"line":14,"column":47}},"type":"binary-expr","locations":[{"start":{"line":14,"column":6},"end":{"line":14,"column":18}},{"start":{"line":14,"column":22},"end":{"line":14,"column":47}}]},"2":{"loc":{"start":{"line":43,"column":2},"end":{"line":53,"column":null}},"type":"if","locations":[{"start":{"line":43,"column":2},"end":{"line":53,"column":null}}]}},"s":{"0":1,"1":1,"2":1,"3":3,"4":3,"5":3,"6":3,"7":0,"8":1,"9":1,"10":3,"11":1,"12":1,"13":1,"14":0,"15":0,"16":0,"17":0,"18":0,"19":1},"f":{"0":3,"1":1,"2":3,"3":0},"b":{"0":[3],"1":[3,3],"2":[0]}}
,"G:\\Work\\Apps\\oi-gamez-room-api\\lambda\\packages\\configuration\\src\\index.ts": {"path":"G:\\Work\\Apps\\oi-gamez-room-api\\lambda\\packages\\configuration\\src\\index.ts","statementMap":{"0":{"start":{"line":1,"column":0},"end":{"line":1,"column":44}},"1":{"start":{"line":2,"column":0},"end":{"line":2,"column":38}},"2":{"start":{"line":3,"column":0},"end":{"line":3,"column":36}},"3":{"start":{"line":4,"column":0},"end":{"line":4,"column":47}},"4":{"start":{"line":5,"column":0},"end":{"line":5,"column":54}},"5":{"start":{"line":6,"column":0},"end":{"line":6,"column":47}},"6":{"start":{"line":7,"column":0},"end":{"line":7,"column":38}},"7":{"start":{"line":8,"column":0},"end":{"line":8,"column":48}},"8":{"start":{"line":9,"column":0},"end":{"line":9,"column":38}},"9":{"start":{"line":10,"column":0},"end":{"line":10,"column":48}},"10":{"start":{"line":11,"column":0},"end":{"line":11,"column":58}},"11":{"start":{"line":12,"column":0},"end":{"line":12,"column":39}},"12":{"start":{"line":13,"column":0},"end":{"line":13,"column":43}},"13":{"start":{"line":14,"column":0},"end":{"line":14,"column":43}},"14":{"start":{"line":15,"column":0},"end":{"line":15,"column":41}},"15":{"start":{"line":16,"column":0},"end":{"line":16,"column":42}}},"fnMap":{},"branchMap":{},"s":{"0":1,"1":1,"2":1,"3":1,"4":1,"5":1,"6":1,"7":1,"8":1,"9":1,"10":1,"11":1,"12":1,"13":1,"14":1,"15":1},"f":{},"b":{}}
,"G:\\Work\\Apps\\oi-gamez-room-api\\lambda\\packages\\configuration\\src\\connect-window-in-seconds\\connection-window-in-seconds.ts": {"path":"G:\\Work\\Apps\\oi-gamez-room-api\\lambda\\packages\\configuration\\src\\connect-window-in-seconds\\connection-window-in-seconds.ts","statementMap":{"0":{"start":{"line":1,"column":13},"end":{"line":4,"column":2}}},"fnMap":{},"branchMap":{"0":{"loc":{"start":{"line":2,"column":2},"end":{"line":2,"column":45}},"type":"binary-expr","locations":[{"start":{"line":2,"column":2},"end":{"line":2,"column":39}},{"start":{"line":2,"column":43},"end":{"line":2,"column":45}}]}},"s":{"0":1},"f":{},"b":{"0":[1,1]}}
,"G:\\Work\\Apps\\oi-gamez-room-api\\lambda\\packages\\configuration\\src\\connect-window-in-seconds\\index.ts": {"path":"G:\\Work\\Apps\\oi-gamez-room-api\\lambda\\packages\\configuration\\src\\connect-window-in-seconds\\index.ts","statementMap":{"0":{"start":{"line":1,"column":0},"end":{"line":1,"column":47}},"1":{"start":{"line":2,"column":0},"end":{"line":2,"column":54}}},"fnMap":{},"branchMap":{},"s":{"0":1,"1":1},"f":{},"b":{}}
,"G:\\Work\\Apps\\oi-gamez-room-api\\lambda\\packages\\configuration\\src\\connect-window-in-seconds\\verify-connection-window-in-seconds.ts": {"path":"G:\\Work\\Apps\\oi-gamez-room-api\\lambda\\packages\\configuration\\src\\connect-window-in-seconds\\verify-connection-window-in-seconds.ts","statementMap":{"0":{"start":{"line":1,"column":0},"end":{"line":1,"column":75}},"1":{"start":{"line":3,"column":47},"end":{"line":8,"column":1}},"2":{"start":{"line":4,"column":2},"end":{"line":7,"column":null}},"3":{"start":{"line":5,"column":4},"end":{"line":6,"column":78}},"4":{"start":{"line":3,"column":13},"end":{"line":3,"column":47}}},"fnMap":{"0":{"name":"(anonymous_0)","decl":{"start":{"line":3,"column":47},"end":{"line":3,"column":56}},"loc":{"start":{"line":3,"column":58},"end":{"line":8,"column":1}}}},"branchMap":{"0":{"loc":{"start":{"line":4,"column":2},"end":{"line":7,"column":null}},"type":"if","locations":[{"start":{"line":4,"column":2},"end":{"line":7,"column":null}}]}},"s":{"0":1,"1":1,"2":0,"3":0,"4":1},"f":{"0":0},"b":{"0":[0]}}
,"G:\\Work\\Apps\\oi-gamez-room-api\\lambda\\packages\\configuration\\src\\cors-allowed-origin\\cors-allowed-origin.ts": {"path":"G:\\Work\\Apps\\oi-gamez-room-api\\lambda\\packages\\configuration\\src\\cors-allowed-origin\\cors-allowed-origin.ts","statementMap":{"0":{"start":{"line":1,"column":13},"end":{"line":1,"column":75}}},"fnMap":{},"branchMap":{"0":{"loc":{"start":{"line":1,"column":36},"end":{"line":1,"column":74}},"type":"binary-expr","locations":[{"start":{"line":1,"column":36},"end":{"line":1,"column":68}},{"start":{"line":1,"column":72},"end":{"line":1,"column":74}}]}},"s":{"0":1},"f":{},"b":{"0":[1,1]}}
,"G:\\Work\\Apps\\oi-gamez-room-api\\lambda\\packages\\configuration\\src\\cors-allowed-origin\\index.ts": {"path":"G:\\Work\\Apps\\oi-gamez-room-api\\lambda\\packages\\configuration\\src\\cors-allowed-origin\\index.ts","statementMap":{"0":{"start":{"line":1,"column":0},"end":{"line":1,"column":38}},"1":{"start":{"line":2,"column":0},"end":{"line":2,"column":45}}},"fnMap":{},"branchMap":{},"s":{"0":1,"1":1},"f":{},"b":{}}
,"G:\\Work\\Apps\\oi-gamez-room-api\\lambda\\packages\\configuration\\src\\cors-allowed-origin\\verify-cors-allowed-origin.ts": {"path":"G:\\Work\\Apps\\oi-gamez-room-api\\lambda\\packages\\configuration\\src\\cors-allowed-origin\\verify-cors-allowed-origin.ts","statementMap":{"0":{"start":{"line":1,"column":0},"end":{"line":1,"column":61}},"1":{"start":{"line":3,"column":39},"end":{"line":7,"column":1}},"2":{"start":{"line":4,"column":2},"end":{"line":6,"column":null}},"3":{"start":{"line":5,"column":4},"end":{"line":5,"column":76}},"4":{"start":{"line":3,"column":13},"end":{"line":3,"column":39}}},"fnMap":{"0":{"name":"(anonymous_0)","decl":{"start":{"line":3,"column":39},"end":{"line":3,"column":48}},"loc":{"start":{"line":3,"column":50},"end":{"line":7,"column":1}}}},"branchMap":{"0":{"loc":{"start":{"line":4,"column":2},"end":{"line":6,"column":null}},"type":"if","locations":[{"start":{"line":4,"column":2},"end":{"line":6,"column":null}}]}},"s":{"0":1,"1":1,"2":0,"3":0,"4":1},"f":{"0":0},"b":{"0":[0]}}
,"G:\\Work\\Apps\\oi-gamez-room-api\\lambda\\packages\\configuration\\src\\dynamo-connection-index-name\\dynamo-connection-index-name.ts": {"path":"G:\\Work\\Apps\\oi-gamez-room-api\\lambda\\packages\\configuration\\src\\dynamo-connection-index-name\\dynamo-connection-index-name.ts","statementMap":{"0":{"start":{"line":1,"column":13},"end":{"line":2,"column":49}}},"fnMap":{},"branchMap":{"0":{"loc":{"start":{"line":2,"column":2},"end":{"line":2,"column":48}},"type":"binary-expr","locations":[{"start":{"line":2,"column":2},"end":{"line":2,"column":42}},{"start":{"line":2,"column":46},"end":{"line":2,"column":48}}]}},"s":{"0":1},"f":{},"b":{"0":[1,1]}}
,"G:\\Work\\Apps\\oi-gamez-room-api\\lambda\\packages\\configuration\\src\\dynamo-connection-index-name\\index.ts": {"path":"G:\\Work\\Apps\\oi-gamez-room-api\\lambda\\packages\\configuration\\src\\dynamo-connection-index-name\\index.ts","statementMap":{"0":{"start":{"line":1,"column":0},"end":{"line":1,"column":47}},"1":{"start":{"line":2,"column":0},"end":{"line":2,"column":54}}},"fnMap":{},"branchMap":{},"s":{"0":1,"1":1},"f":{},"b":{}}
,"G:\\Work\\Apps\\oi-gamez-room-api\\lambda\\packages\\configuration\\src\\dynamo-connection-index-name\\verify-dynamo-connection-index-name.ts": {"path":"G:\\Work\\Apps\\oi-gamez-room-api\\lambda\\packages\\configuration\\src\\dynamo-connection-index-name\\verify-dynamo-connection-index-name.ts","statementMap":{"0":{"start":{"line":1,"column":0},"end":{"line":1,"column":78}},"1":{"start":{"line":3,"column":47},"end":{"line":9,"column":1}},"2":{"start":{"line":4,"column":2},"end":{"line":8,"column":null}},"3":{"start":{"line":5,"column":4},"end":{"line":7,"column":6}},"4":{"start":{"line":3,"column":13},"end":{"line":3,"column":47}}},"fnMap":{"0":{"name":"(anonymous_0)","decl":{"start":{"line":3,"column":47},"end":{"line":3,"column":56}},"loc":{"start":{"line":3,"column":58},"end":{"line":9,"column":1}}}},"branchMap":{"0":{"loc":{"start":{"line":4,"column":2},"end":{"line":8,"column":null}},"type":"if","locations":[{"start":{"line":4,"column":2},"end":{"line":8,"column":null}}]}},"s":{"0":1,"1":1,"2":0,"3":0,"4":1},"f":{"0":0},"b":{"0":[0]}}
,"G:\\Work\\Apps\\oi-gamez-room-api\\lambda\\packages\\configuration\\src\\dynamo-connection-table-name\\dynamo-connection-table-name.ts": {"path":"G:\\Work\\Apps\\oi-gamez-room-api\\lambda\\packages\\configuration\\src\\dynamo-connection-table-name\\dynamo-connection-table-name.ts","statementMap":{"0":{"start":{"line":1,"column":13},"end":{"line":2,"column":49}}},"fnMap":{},"branchMap":{"0":{"loc":{"start":{"line":2,"column":2},"end":{"line":2,"column":48}},"type":"binary-expr","locations":[{"start":{"line":2,"column":2},"end":{"line":2,"column":42}},{"start":{"line":2,"column":46},"end":{"line":2,"column":48}}]}},"s":{"0":1},"f":{},"b":{"0":[1,1]}}
,"G:\\Work\\Apps\\oi-gamez-room-api\\lambda\\packages\\configuration\\src\\dynamo-connection-table-name\\index.ts": {"path":"G:\\Work\\Apps\\oi-gamez-room-api\\lambda\\packages\\configuration\\src\\dynamo-connection-table-name\\index.ts","statementMap":{"0":{"start":{"line":1,"column":0},"end":{"line":1,"column":47}},"1":{"start":{"line":2,"column":0},"end":{"line":2,"column":54}}},"fnMap":{},"branchMap":{},"s":{"0":1,"1":1},"f":{},"b":{}}
,"G:\\Work\\Apps\\oi-gamez-room-api\\lambda\\packages\\configuration\\src\\dynamo-connection-table-name\\verify-dynamo-connection-table-name.ts": {"path":"G:\\Work\\Apps\\oi-gamez-room-api\\lambda\\packages\\configuration\\src\\dynamo-connection-table-name\\verify-dynamo-connection-table-name.ts","statementMap":{"0":{"start":{"line":1,"column":0},"end":{"line":1,"column":78}},"1":{"start":{"line":3,"column":47},"end":{"line":9,"column":1}},"2":{"start":{"line":4,"column":2},"end":{"line":8,"column":null}},"3":{"start":{"line":5,"column":4},"end":{"line":7,"column":6}},"4":{"start":{"line":3,"column":13},"end":{"line":3,"column":47}}},"fnMap":{"0":{"name":"(anonymous_0)","decl":{"start":{"line":3,"column":47},"end":{"line":3,"column":56}},"loc":{"start":{"line":3,"column":58},"end":{"line":9,"column":1}}}},"branchMap":{"0":{"loc":{"start":{"line":4,"column":2},"end":{"line":8,"column":null}},"type":"if","locations":[{"start":{"line":4,"column":2},"end":{"line":8,"column":null}}]}},"s":{"0":1,"1":1,"2":0,"3":0,"4":1},"f":{"0":0},"b":{"0":[0]}}
,"G:\\Work\\Apps\\oi-gamez-room-api\\lambda\\packages\\configuration\\src\\dynamo-last-disconnected-index-name\\dynamo-last-disconnected-index-name.ts": {"path":"G:\\Work\\Apps\\oi-gamez-room-api\\lambda\\packages\\configuration\\src\\dynamo-last-disconnected-index-name\\dynamo-last-disconnected-index-name.ts","statementMap":{"0":{"start":{"line":1,"column":13},"end":{"line":2,"column":67}}},"fnMap":{},"branchMap":{"0":{"loc":{"start":{"line":2,"column":2},"end":{"line":2,"column":66}},"type":"binary-expr","locations":[{"start":{"line":2,"column":2},"end":{"line":2,"column":60}},{"start":{"line":2,"column":64},"end":{"line":2,"column":66}}]}},"s":{"0":1},"f":{},"b":{"0":[1,1]}}
,"G:\\Work\\Apps\\oi-gamez-room-api\\lambda\\packages\\configuration\\src\\dynamo-last-disconnected-index-name\\index.ts": {"path":"G:\\Work\\Apps\\oi-gamez-room-api\\lambda\\packages\\configuration\\src\\dynamo-last-disconnected-index-name\\index.ts","statementMap":{"0":{"start":{"line":1,"column":0},"end":{"line":1,"column":54}},"1":{"start":{"line":2,"column":0},"end":{"line":2,"column":61}}},"fnMap":{},"branchMap":{},"s":{"0":1,"1":1},"f":{},"b":{}}
,"G:\\Work\\Apps\\oi-gamez-room-api\\lambda\\packages\\configuration\\src\\dynamo-last-disconnected-index-name\\verify-dynamo-last-disconnected-index-name.ts": {"path":"G:\\Work\\Apps\\oi-gamez-room-api\\lambda\\packages\\configuration\\src\\dynamo-last-disconnected-index-name\\verify-dynamo-last-disconnected-index-name.ts","statementMap":{"0":{"start":{"line":1,"column":0},"end":{"line":1,"column":103}},"1":{"start":{"line":3,"column":53},"end":{"line":9,"column":1}},"2":{"start":{"line":4,"column":2},"end":{"line":8,"column":null}},"3":{"start":{"line":5,"column":4},"end":{"line":7,"column":6}},"4":{"start":{"line":3,"column":13},"end":{"line":3,"column":53}}},"fnMap":{"0":{"name":"(anonymous_0)","decl":{"start":{"line":3,"column":53},"end":{"line":3,"column":62}},"loc":{"start":{"line":3,"column":64},"end":{"line":9,"column":1}}}},"branchMap":{"0":{"loc":{"start":{"line":4,"column":2},"end":{"line":8,"column":null}},"type":"if","locations":[{"start":{"line":4,"column":2},"end":{"line":8,"column":null}}]}},"s":{"0":1,"1":1,"2":0,"3":0,"4":1},"f":{"0":0},"b":{"0":[0]}}
,"G:\\Work\\Apps\\oi-gamez-room-api\\lambda\\packages\\configuration\\src\\dynamo-table-name\\dynamo-table-name.ts": {"path":"G:\\Work\\Apps\\oi-gamez-room-api\\lambda\\packages\\configuration\\src\\dynamo-table-name\\dynamo-table-name.ts","statementMap":{"0":{"start":{"line":1,"column":13},"end":{"line":1,"column":69}}},"fnMap":{},"branchMap":{"0":{"loc":{"start":{"line":1,"column":33},"end":{"line":1,"column":68}},"type":"binary-expr","locations":[{"start":{"line":1,"column":33},"end":{"line":1,"column":62}},{"start":{"line":1,"column":66},"end":{"line":1,"column":68}}]}},"s":{"0":1},"f":{},"b":{"0":[1,1]}}
,"G:\\Work\\Apps\\oi-gamez-room-api\\lambda\\packages\\configuration\\src\\dynamo-table-name\\index.ts": {"path":"G:\\Work\\Apps\\oi-gamez-room-api\\lambda\\packages\\configuration\\src\\dynamo-table-name\\index.ts","statementMap":{"0":{"start":{"line":1,"column":0},"end":{"line":1,"column":36}},"1":{"start":{"line":2,"column":0},"end":{"line":2,"column":43}}},"fnMap":{},"branchMap":{},"s":{"0":1,"1":1},"f":{},"b":{}}
,"G:\\Work\\Apps\\oi-gamez-room-api\\lambda\\packages\\configuration\\src\\dynamo-table-name\\verify-dynamo-table-name.ts": {"path":"G:\\Work\\Apps\\oi-gamez-room-api\\lambda\\packages\\configuration\\src\\dynamo-table-name\\verify-dynamo-table-name.ts","statementMap":{"0":{"start":{"line":1,"column":0},"end":{"line":1,"column":56}},"1":{"start":{"line":3,"column":37},"end":{"line":7,"column":1}},"2":{"start":{"line":4,"column":2},"end":{"line":6,"column":null}},"3":{"start":{"line":5,"column":4},"end":{"line":5,"column":73}},"4":{"start":{"line":3,"column":13},"end":{"line":3,"column":37}}},"fnMap":{"0":{"name":"(anonymous_0)","decl":{"start":{"line":3,"column":37},"end":{"line":3,"column":46}},"loc":{"start":{"line":3,"column":48},"end":{"line":7,"column":1}}}},"branchMap":{"0":{"loc":{"start":{"line":4,"column":2},"end":{"line":6,"column":null}},"type":"if","locations":[{"start":{"line":4,"column":2},"end":{"line":6,"column":null}}]}},"s":{"0":1,"1":1,"2":0,"3":0,"4":1},"f":{"0":0},"b":{"0":[0]}}
,"G:\\Work\\Apps\\oi-gamez-room-api\\lambda\\packages\\configuration\\src\\eb-external-eb-name\\eb-external-eb-name.ts": {"path":"G:\\Work\\Apps\\oi-gamez-room-api\\lambda\\packages\\configuration\\src\\eb-external-eb-name\\eb-external-eb-name.ts","statementMap":{"0":{"start":{"line":1,"column":13},"end":{"line":1,"column":73}}},"fnMap":{},"branchMap":{"0":{"loc":{"start":{"line":1,"column":35},"end":{"line":1,"column":72}},"type":"binary-expr","locations":[{"start":{"line":1,"column":35},"end":{"line":1,"column":66}},{"start":{"line":1,"column":70},"end":{"line":1,"column":72}}]}},"s":{"0":1},"f":{},"b":{"0":[1,1]}}
,"G:\\Work\\Apps\\oi-gamez-room-api\\lambda\\packages\\configuration\\src\\eb-external-eb-name\\index.ts": {"path":"G:\\Work\\Apps\\oi-gamez-room-api\\lambda\\packages\\configuration\\src\\eb-external-eb-name\\index.ts","statementMap":{"0":{"start":{"line":1,"column":0},"end":{"line":1,"column":38}},"1":{"start":{"line":2,"column":0},"end":{"line":2,"column":45}}},"fnMap":{},"branchMap":{},"s":{"0":1,"1":1},"f":{},"b":{}}
,"G:\\Work\\Apps\\oi-gamez-room-api\\lambda\\packages\\configuration\\src\\eb-external-eb-name\\verify-eb-external-eb-name.ts": {"path":"G:\\Work\\Apps\\oi-gamez-room-api\\lambda\\packages\\configuration\\src\\eb-external-eb-name\\verify-eb-external-eb-name.ts","statementMap":{"0":{"start":{"line":1,"column":0},"end":{"line":1,"column":60}},"1":{"start":{"line":3,"column":36},"end":{"line":7,"column":1}},"2":{"start":{"line":4,"column":2},"end":{"line":6,"column":null}},"3":{"start":{"line":5,"column":4},"end":{"line":5,"column":75}},"4":{"start":{"line":3,"column":13},"end":{"line":3,"column":36}}},"fnMap":{"0":{"name":"(anonymous_0)","decl":{"start":{"line":3,"column":36},"end":{"line":3,"column":45}},"loc":{"start":{"line":3,"column":47},"end":{"line":7,"column":1}}}},"branchMap":{"0":{"loc":{"start":{"line":4,"column":2},"end":{"line":6,"column":null}},"type":"if","locations":[{"start":{"line":4,"column":2},"end":{"line":6,"column":null}}]}},"s":{"0":1,"1":1,"2":0,"3":0,"4":1},"f":{"0":0},"b":{"0":[0]}}
,"G:\\Work\\Apps\\oi-gamez-room-api\\lambda\\packages\\configuration\\src\\eb-external-event-source-name\\eb-external-event-source-name.ts": {"path":"G:\\Work\\Apps\\oi-gamez-room-api\\lambda\\packages\\configuration\\src\\eb-external-event-source-name\\eb-external-event-source-name.ts","statementMap":{"0":{"start":{"line":1,"column":13},"end":{"line":2,"column":50}}},"fnMap":{},"branchMap":{"0":{"loc":{"start":{"line":2,"column":2},"end":{"line":2,"column":49}},"type":"binary-expr","locations":[{"start":{"line":2,"column":2},"end":{"line":2,"column":43}},{"start":{"line":2,"column":47},"end":{"line":2,"column":49}}]}},"s":{"0":1},"f":{},"b":{"0":[1,1]}}
,"G:\\Work\\Apps\\oi-gamez-room-api\\lambda\\packages\\configuration\\src\\eb-external-event-source-name\\index.ts": {"path":"G:\\Work\\Apps\\oi-gamez-room-api\\lambda\\packages\\configuration\\src\\eb-external-event-source-name\\index.ts","statementMap":{"0":{"start":{"line":1,"column":0},"end":{"line":1,"column":48}},"1":{"start":{"line":2,"column":0},"end":{"line":2,"column":55}}},"fnMap":{},"branchMap":{},"s":{"0":1,"1":1},"f":{},"b":{}}
,"G:\\Work\\Apps\\oi-gamez-room-api\\lambda\\packages\\configuration\\src\\eb-external-event-source-name\\verify-eb-external-event-source-name.ts": {"path":"G:\\Work\\Apps\\oi-gamez-room-api\\lambda\\packages\\configuration\\src\\eb-external-event-source-name\\verify-eb-external-event-source-name.ts","statementMap":{"0":{"start":{"line":1,"column":0},"end":{"line":1,"column":80}},"1":{"start":{"line":3,"column":47},"end":{"line":9,"column":1}},"2":{"start":{"line":4,"column":2},"end":{"line":8,"column":null}},"3":{"start":{"line":5,"column":4},"end":{"line":7,"column":6}},"4":{"start":{"line":3,"column":13},"end":{"line":3,"column":47}}},"fnMap":{"0":{"name":"(anonymous_0)","decl":{"start":{"line":3,"column":47},"end":{"line":3,"column":56}},"loc":{"start":{"line":3,"column":58},"end":{"line":9,"column":1}}}},"branchMap":{"0":{"loc":{"start":{"line":4,"column":2},"end":{"line":8,"column":null}},"type":"if","locations":[{"start":{"line":4,"column":2},"end":{"line":8,"column":null}}]}},"s":{"0":1,"1":1,"2":0,"3":0,"4":1},"f":{"0":0},"b":{"0":[0]}}
,"G:\\Work\\Apps\\oi-gamez-room-api\\lambda\\packages\\configuration\\src\\eb-internal-eb-name\\eb-internal-eb-name.ts": {"path":"G:\\Work\\Apps\\oi-gamez-room-api\\lambda\\packages\\configuration\\src\\eb-internal-eb-name\\eb-internal-eb-name.ts","statementMap":{"0":{"start":{"line":1,"column":13},"end":{"line":1,"column":73}}},"fnMap":{},"branchMap":{"0":{"loc":{"start":{"line":1,"column":35},"end":{"line":1,"column":72}},"type":"binary-expr","locations":[{"start":{"line":1,"column":35},"end":{"line":1,"column":66}},{"start":{"line":1,"column":70},"end":{"line":1,"column":72}}]}},"s":{"0":1},"f":{},"b":{"0":[1,1]}}
,"G:\\Work\\Apps\\oi-gamez-room-api\\lambda\\packages\\configuration\\src\\eb-internal-eb-name\\index.ts": {"path":"G:\\Work\\Apps\\oi-gamez-room-api\\lambda\\packages\\configuration\\src\\eb-internal-eb-name\\index.ts","statementMap":{"0":{"start":{"line":1,"column":0},"end":{"line":1,"column":38}},"1":{"start":{"line":2,"column":0},"end":{"line":2,"column":45}}},"fnMap":{},"branchMap":{},"s":{"0":1,"1":1},"f":{},"b":{}}
,"G:\\Work\\Apps\\oi-gamez-room-api\\lambda\\packages\\configuration\\src\\eb-internal-eb-name\\verify-eb-internal-eb-name.ts": {"path":"G:\\Work\\Apps\\oi-gamez-room-api\\lambda\\packages\\configuration\\src\\eb-internal-eb-name\\verify-eb-internal-eb-name.ts","statementMap":{"0":{"start":{"line":1,"column":0},"end":{"line":1,"column":60}},"1":{"start":{"line":3,"column":28},"end":{"line":7,"column":1}},"2":{"start":{"line":4,"column":2},"end":{"line":6,"column":null}},"3":{"start":{"line":5,"column":4},"end":{"line":5,"column":75}},"4":{"start":{"line":3,"column":13},"end":{"line":3,"column":28}}},"fnMap":{"0":{"name":"(anonymous_0)","decl":{"start":{"line":3,"column":28},"end":{"line":3,"column":37}},"loc":{"start":{"line":3,"column":39},"end":{"line":7,"column":1}}}},"branchMap":{"0":{"loc":{"start":{"line":4,"column":2},"end":{"line":6,"column":null}},"type":"if","locations":[{"start":{"line":4,"column":2},"end":{"line":6,"column":null}}]}},"s":{"0":1,"1":1,"2":0,"3":0,"4":1},"f":{"0":0},"b":{"0":[0]}}
,"G:\\Work\\Apps\\oi-gamez-room-api\\lambda\\packages\\configuration\\src\\eb-internal-event-source-name\\eb-internal-event-source-name.ts": {"path":"G:\\Work\\Apps\\oi-gamez-room-api\\lambda\\packages\\configuration\\src\\eb-internal-event-source-name\\eb-internal-event-source-name.ts","statementMap":{"0":{"start":{"line":1,"column":13},"end":{"line":2,"column":50}}},"fnMap":{},"branchMap":{"0":{"loc":{"start":{"line":2,"column":2},"end":{"line":2,"column":49}},"type":"binary-expr","locations":[{"start":{"line":2,"column":2},"end":{"line":2,"column":43}},{"start":{"line":2,"column":47},"end":{"line":2,"column":49}}]}},"s":{"0":1},"f":{},"b":{"0":[1,1]}}
,"G:\\Work\\Apps\\oi-gamez-room-api\\lambda\\packages\\configuration\\src\\eb-internal-event-source-name\\index.ts": {"path":"G:\\Work\\Apps\\oi-gamez-room-api\\lambda\\packages\\configuration\\src\\eb-internal-event-source-name\\index.ts","statementMap":{"0":{"start":{"line":1,"column":0},"end":{"line":1,"column":48}},"1":{"start":{"line":2,"column":0},"end":{"line":2,"column":55}}},"fnMap":{},"branchMap":{},"s":{"0":1,"1":1},"f":{},"b":{}}
,"G:\\Work\\Apps\\oi-gamez-room-api\\lambda\\packages\\configuration\\src\\eb-internal-event-source-name\\verify-eb-internal-event-source-name.ts": {"path":"G:\\Work\\Apps\\oi-gamez-room-api\\lambda\\packages\\configuration\\src\\eb-internal-event-source-name\\verify-eb-internal-event-source-name.ts","statementMap":{"0":{"start":{"line":1,"column":0},"end":{"line":1,"column":80}},"1":{"start":{"line":3,"column":47},"end":{"line":9,"column":1}},"2":{"start":{"line":4,"column":2},"end":{"line":8,"column":null}},"3":{"start":{"line":5,"column":4},"end":{"line":7,"column":6}},"4":{"start":{"line":3,"column":13},"end":{"line":3,"column":47}}},"fnMap":{"0":{"name":"(anonymous_0)","decl":{"start":{"line":3,"column":47},"end":{"line":3,"column":56}},"loc":{"start":{"line":3,"column":58},"end":{"line":9,"column":1}}}},"branchMap":{"0":{"loc":{"start":{"line":4,"column":2},"end":{"line":8,"column":null}},"type":"if","locations":[{"start":{"line":4,"column":2},"end":{"line":8,"column":null}}]}},"s":{"0":1,"1":1,"2":0,"3":0,"4":1},"f":{"0":0},"b":{"0":[0]}}
,"G:\\Work\\Apps\\oi-gamez-room-api\\lambda\\packages\\configuration\\src\\expired-disconnection-window-in-seconds\\expired-disconnection-window-in-seconds.ts": {"path":"G:\\Work\\Apps\\oi-gamez-room-api\\lambda\\packages\\configuration\\src\\expired-disconnection-window-in-seconds\\expired-disconnection-window-in-seconds.ts","statementMap":{"0":{"start":{"line":1,"column":13},"end":{"line":4,"column":2}}},"fnMap":{},"branchMap":{"0":{"loc":{"start":{"line":2,"column":2},"end":{"line":2,"column":59}},"type":"binary-expr","locations":[{"start":{"line":2,"column":2},"end":{"line":2,"column":53}},{"start":{"line":2,"column":57},"end":{"line":2,"column":59}}]}},"s":{"0":1},"f":{},"b":{"0":[1,1]}}
,"G:\\Work\\Apps\\oi-gamez-room-api\\lambda\\packages\\configuration\\src\\expired-disconnection-window-in-seconds\\index.ts": {"path":"G:\\Work\\Apps\\oi-gamez-room-api\\lambda\\packages\\configuration\\src\\expired-disconnection-window-in-seconds\\index.ts","statementMap":{"0":{"start":{"line":1,"column":0},"end":{"line":1,"column":58}},"1":{"start":{"line":2,"column":0},"end":{"line":2,"column":65}}},"fnMap":{},"branchMap":{},"s":{"0":1,"1":1},"f":{},"b":{}}
,"G:\\Work\\Apps\\oi-gamez-room-api\\lambda\\packages\\configuration\\src\\expired-disconnection-window-in-seconds\\verify-expired-disconnection-window-in-seconds.ts": {"path":"G:\\Work\\Apps\\oi-gamez-room-api\\lambda\\packages\\configuration\\src\\expired-disconnection-window-in-seconds\\verify-expired-disconnection-window-in-seconds.ts","statementMap":{"0":{"start":{"line":1,"column":0},"end":{"line":1,"column":100}},"1":{"start":{"line":3,"column":57},"end":{"line":8,"column":1}},"2":{"start":{"line":4,"column":2},"end":{"line":7,"column":null}},"3":{"start":{"line":5,"column":4},"end":{"line":6,"column":78}},"4":{"start":{"line":3,"column":13},"end":{"line":3,"column":57}}},"fnMap":{"0":{"name":"(anonymous_0)","decl":{"start":{"line":3,"column":57},"end":{"line":3,"column":66}},"loc":{"start":{"line":3,"column":68},"end":{"line":8,"column":1}}}},"branchMap":{"0":{"loc":{"start":{"line":4,"column":2},"end":{"line":7,"column":null}},"type":"if","locations":[{"start":{"line":4,"column":2},"end":{"line":7,"column":null}}]}},"s":{"0":1,"1":1,"2":0,"3":0,"4":1},"f":{"0":0},"b":{"0":[0]}}
,"G:\\Work\\Apps\\oi-gamez-room-api\\lambda\\packages\\configuration\\src\\host-room-index-name\\host-room-index-name.ts": {"path":"G:\\Work\\Apps\\oi-gamez-room-api\\lambda\\packages\\configuration\\src\\host-room-index-name\\host-room-index-name.ts","statementMap":{"0":{"start":{"line":1,"column":13},"end":{"line":1,"column":75}}},"fnMap":{},"branchMap":{"0":{"loc":{"start":{"line":1,"column":36},"end":{"line":1,"column":74}},"type":"binary-expr","locations":[{"start":{"line":1,"column":36},"end":{"line":1,"column":68}},{"start":{"line":1,"column":72},"end":{"line":1,"column":74}}]}},"s":{"0":1},"f":{},"b":{"0":[1,1]}}
,"G:\\Work\\Apps\\oi-gamez-room-api\\lambda\\packages\\configuration\\src\\host-room-index-name\\index.ts": {"path":"G:\\Work\\Apps\\oi-gamez-room-api\\lambda\\packages\\configuration\\src\\host-room-index-name\\index.ts","statementMap":{"0":{"start":{"line":1,"column":0},"end":{"line":1,"column":39}},"1":{"start":{"line":2,"column":0},"end":{"line":2,"column":53}}},"fnMap":{},"branchMap":{},"s":{"0":1,"1":1},"f":{},"b":{}}
,"G:\\Work\\Apps\\oi-gamez-room-api\\lambda\\packages\\configuration\\src\\host-room-index-name\\verify-dynamo-host-room-index-name.ts": {"path":"G:\\Work\\Apps\\oi-gamez-room-api\\lambda\\packages\\configuration\\src\\host-room-index-name\\verify-dynamo-host-room-index-name.ts","statementMap":{"0":{"start":{"line":1,"column":0},"end":{"line":1,"column":62}},"1":{"start":{"line":3,"column":45},"end":{"line":7,"column":1}},"2":{"start":{"line":4,"column":2},"end":{"line":6,"column":null}},"3":{"start":{"line":5,"column":4},"end":{"line":5,"column":76}},"4":{"start":{"line":3,"column":13},"end":{"line":3,"column":45}}},"fnMap":{"0":{"name":"(anonymous_0)","decl":{"start":{"line":3,"column":45},"end":{"line":3,"column":54}},"loc":{"start":{"line":3,"column":56},"end":{"line":7,"column":1}}}},"branchMap":{"0":{"loc":{"start":{"line":4,"column":2},"end":{"line":6,"column":null}},"type":"if","locations":[{"start":{"line":4,"column":2},"end":{"line":6,"column":null}}]}},"s":{"0":1,"1":1,"2":0,"3":0,"4":1},"f":{"0":0},"b":{"0":[0]}}
,"G:\\Work\\Apps\\oi-gamez-room-api\\lambda\\packages\\configuration\\src\\public-rooms-to-retrieve\\index.ts": {"path":"G:\\Work\\Apps\\oi-gamez-room-api\\lambda\\packages\\configuration\\src\\public-rooms-to-retrieve\\index.ts","statementMap":{"0":{"start":{"line":1,"column":0},"end":{"line":1,"column":43}},"1":{"start":{"line":2,"column":0},"end":{"line":2,"column":50}}},"fnMap":{},"branchMap":{},"s":{"0":1,"1":1},"f":{},"b":{}}
,"G:\\Work\\Apps\\oi-gamez-room-api\\lambda\\packages\\configuration\\src\\public-rooms-to-retrieve\\public-rooms-to-retrieve.ts": {"path":"G:\\Work\\Apps\\oi-gamez-room-api\\lambda\\packages\\configuration\\src\\public-rooms-to-retrieve\\public-rooms-to-retrieve.ts","statementMap":{"0":{"start":{"line":1,"column":13},"end":{"line":4,"column":2}}},"fnMap":{},"branchMap":{"0":{"loc":{"start":{"line":2,"column":2},"end":{"line":2,"column":44}},"type":"binary-expr","locations":[{"start":{"line":2,"column":2},"end":{"line":2,"column":38}},{"start":{"line":2,"column":42},"end":{"line":2,"column":44}}]}},"s":{"0":1},"f":{},"b":{"0":[1,1]}}
,"G:\\Work\\Apps\\oi-gamez-room-api\\lambda\\packages\\configuration\\src\\public-rooms-to-retrieve\\verify-public-rooms-to-retrieve.ts": {"path":"G:\\Work\\Apps\\oi-gamez-room-api\\lambda\\packages\\configuration\\src\\public-rooms-to-retrieve\\verify-public-rooms-to-retrieve.ts","statementMap":{"0":{"start":{"line":1,"column":0},"end":{"line":1,"column":70}},"1":{"start":{"line":3,"column":43},"end":{"line":7,"column":1}},"2":{"start":{"line":4,"column":2},"end":{"line":6,"column":null}},"3":{"start":{"line":5,"column":4},"end":{"line":5,"column":80}},"4":{"start":{"line":3,"column":13},"end":{"line":3,"column":43}}},"fnMap":{"0":{"name":"(anonymous_0)","decl":{"start":{"line":3,"column":43},"end":{"line":3,"column":52}},"loc":{"start":{"line":3,"column":54},"end":{"line":7,"column":1}}}},"branchMap":{"0":{"loc":{"start":{"line":4,"column":2},"end":{"line":6,"column":null}},"type":"if","locations":[{"start":{"line":4,"column":2},"end":{"line":6,"column":null}}]}},"s":{"0":1,"1":1,"2":0,"3":0,"4":1},"f":{"0":0},"b":{"0":[0]}}
,"G:\\Work\\Apps\\oi-gamez-room-api\\lambda\\packages\\configuration\\src\\room-socket-api-endpoint\\index.ts": {"path":"G:\\Work\\Apps\\oi-gamez-room-api\\lambda\\packages\\configuration\\src\\room-socket-api-endpoint\\index.ts","statementMap":{"0":{"start":{"line":1,"column":0},"end":{"line":1,"column":43}},"1":{"start":{"line":2,"column":0},"end":{"line":2,"column":50}}},"fnMap":{},"branchMap":{},"s":{"0":1,"1":1},"f":{},"b":{}}
,"G:\\Work\\Apps\\oi-gamez-room-api\\lambda\\packages\\configuration\\src\\room-socket-api-endpoint\\room-socket-api-endpoint.ts": {"path":"G:\\Work\\Apps\\oi-gamez-room-api\\lambda\\packages\\configuration\\src\\room-socket-api-endpoint\\room-socket-api-endpoint.ts","statementMap":{"0":{"start":{"line":1,"column":13},"end":{"line":2,"column":45}}},"fnMap":{},"branchMap":{"0":{"loc":{"start":{"line":2,"column":2},"end":{"line":2,"column":44}},"type":"binary-expr","locations":[{"start":{"line":2,"column":2},"end":{"line":2,"column":38}},{"start":{"line":2,"column":42},"end":{"line":2,"column":44}}]}},"s":{"0":1},"f":{},"b":{"0":[1,1]}}
,"G:\\Work\\Apps\\oi-gamez-room-api\\lambda\\packages\\configuration\\src\\room-socket-api-endpoint\\verify-room-socket-api-endpoint.ts": {"path":"G:\\Work\\Apps\\oi-gamez-room-api\\lambda\\packages\\configuration\\src\\room-socket-api-endpoint\\verify-room-socket-api-endpoint.ts","statementMap":{"0":{"start":{"line":1,"column":0},"end":{"line":1,"column":70}},"1":{"start":{"line":3,"column":43},"end":{"line":7,"column":1}},"2":{"start":{"line":4,"column":2},"end":{"line":6,"column":null}},"3":{"start":{"line":5,"column":4},"end":{"line":5,"column":80}},"4":{"start":{"line":3,"column":13},"end":{"line":3,"column":43}}},"fnMap":{"0":{"name":"(anonymous_0)","decl":{"start":{"line":3,"column":43},"end":{"line":3,"column":52}},"loc":{"start":{"line":3,"column":54},"end":{"line":7,"column":1}}}},"branchMap":{"0":{"loc":{"start":{"line":4,"column":2},"end":{"line":6,"column":null}},"type":"if","locations":[{"start":{"line":4,"column":2},"end":{"line":6,"column":null}}]}},"s":{"0":1,"1":1,"2":0,"3":0,"4":1},"f":{"0":0},"b":{"0":[0]}}
,"G:\\Work\\Apps\\oi-gamez-room-api\\lambda\\packages\\configuration\\src\\updated-connect-window\\index.ts": {"path":"G:\\Work\\Apps\\oi-gamez-room-api\\lambda\\packages\\configuration\\src\\updated-connect-window\\index.ts","statementMap":{"0":{"start":{"line":1,"column":0},"end":{"line":1,"column":41}},"1":{"start":{"line":2,"column":0},"end":{"line":2,"column":48}}},"fnMap":{},"branchMap":{},"s":{"0":1,"1":1},"f":{},"b":{}}
,"G:\\Work\\Apps\\oi-gamez-room-api\\lambda\\packages\\configuration\\src\\updated-connect-window\\updated-connect-window.ts": {"path":"G:\\Work\\Apps\\oi-gamez-room-api\\lambda\\packages\\configuration\\src\\updated-connect-window\\updated-connect-window.ts","statementMap":{"0":{"start":{"line":1,"column":13},"end":{"line":4,"column":2}}},"fnMap":{},"branchMap":{"0":{"loc":{"start":{"line":2,"column":2},"end":{"line":2,"column":53}},"type":"binary-expr","locations":[{"start":{"line":2,"column":2},"end":{"line":2,"column":47}},{"start":{"line":2,"column":51},"end":{"line":2,"column":53}}]}},"s":{"0":1},"f":{},"b":{"0":[1,1]}}
,"G:\\Work\\Apps\\oi-gamez-room-api\\lambda\\packages\\configuration\\src\\updated-connect-window\\verify-updated-connect-window.ts": {"path":"G:\\Work\\Apps\\oi-gamez-room-api\\lambda\\packages\\configuration\\src\\updated-connect-window\\verify-updated-connect-window.ts","statementMap":{"0":{"start":{"line":1,"column":0},"end":{"line":1,"column":77}},"1":{"start":{"line":3,"column":51},"end":{"line":10,"column":1}},"2":{"start":{"line":4,"column":2},"end":{"line":9,"column":null}},"3":{"start":{"line":5,"column":4},"end":{"line":8,"column":6}},"4":{"start":{"line":3,"column":13},"end":{"line":3,"column":51}}},"fnMap":{"0":{"name":"(anonymous_0)","decl":{"start":{"line":3,"column":51},"end":{"line":3,"column":60}},"loc":{"start":{"line":3,"column":62},"end":{"line":10,"column":1}}}},"branchMap":{"0":{"loc":{"start":{"line":4,"column":2},"end":{"line":9,"column":null}},"type":"if","locations":[{"start":{"line":4,"column":2},"end":{"line":9,"column":null}}]}},"s":{"0":1,"1":1,"2":0,"3":0,"4":1},"f":{"0":0},"b":{"0":[0]}}
,"G:\\Work\\Apps\\oi-gamez-room-api\\lambda\\packages\\configuration\\src\\visible-room-index-name\\index.ts": {"path":"G:\\Work\\Apps\\oi-gamez-room-api\\lambda\\packages\\configuration\\src\\visible-room-index-name\\index.ts","statementMap":{"0":{"start":{"line":1,"column":0},"end":{"line":1,"column":42}},"1":{"start":{"line":2,"column":0},"end":{"line":2,"column":56}}},"fnMap":{},"branchMap":{},"s":{"0":1,"1":1},"f":{},"b":{}}
,"G:\\Work\\Apps\\oi-gamez-room-api\\lambda\\packages\\configuration\\src\\visible-room-index-name\\verify-dynamo-visible-room-index-name.ts": {"path":"G:\\Work\\Apps\\oi-gamez-room-api\\lambda\\packages\\configuration\\src\\visible-room-index-name\\verify-dynamo-visible-room-index-name.ts","statementMap":{"0":{"start":{"line":1,"column":0},"end":{"line":1,"column":68}},"1":{"start":{"line":3,"column":48},"end":{"line":7,"column":1}},"2":{"start":{"line":4,"column":2},"end":{"line":6,"column":null}},"3":{"start":{"line":5,"column":4},"end":{"line":5,"column":79}},"4":{"start":{"line":3,"column":13},"end":{"line":3,"column":48}}},"fnMap":{"0":{"name":"(anonymous_0)","decl":{"start":{"line":3,"column":48},"end":{"line":3,"column":57}},"loc":{"start":{"line":3,"column":59},"end":{"line":7,"column":1}}}},"branchMap":{"0":{"loc":{"start":{"line":4,"column":2},"end":{"line":6,"column":null}},"type":"if","locations":[{"start":{"line":4,"column":2},"end":{"line":6,"column":null}}]}},"s":{"0":1,"1":1,"2":0,"3":0,"4":1},"f":{"0":0},"b":{"0":[0]}}
,"G:\\Work\\Apps\\oi-gamez-room-api\\lambda\\packages\\configuration\\src\\visible-room-index-name\\visible-room-index-name.ts": {"path":"G:\\Work\\Apps\\oi-gamez-room-api\\lambda\\packages\\configuration\\src\\visible-room-index-name\\visible-room-index-name.ts","statementMap":{"0":{"start":{"line":1,"column":13},"end":{"line":2,"column":44}}},"fnMap":{},"branchMap":{"0":{"loc":{"start":{"line":2,"column":2},"end":{"line":2,"column":43}},"type":"binary-expr","locations":[{"start":{"line":2,"column":2},"end":{"line":2,"column":37}},{"start":{"line":2,"column":41},"end":{"line":2,"column":43}}]}},"s":{"0":1},"f":{},"b":{"0":[1,1]}}
}
