TN:
SF:lambda\packages\communication\src\client\client.ts
FNF:0
FNH:0
DA:1,1
DA:3,1
DA:5,1
LF:3
LH:3
BRF:0
BRH:0
end_of_record
TN:
SF:lambda\packages\communication\src\client\index.ts
FNF:0
FNH:0
DA:1,1
LF:1
LH:1
BRF:0
BRH:0
end_of_record
TN:
SF:lambda\packages\communication\src\communication-service\communication-service.ts
FN:10,(anonymous_0)
FN:31,(anonymous_1)
FN:35,(anonymous_2)
FN:42,(anonymous_3)
FNF:4
FNH:3
FNDA:3,(anonymous_0)
FNDA:1,(anonymous_1)
FNDA:3,(anonymous_2)
FNDA:0,(anonymous_3)
DA:1,1
DA:8,1
DA:10,1
DA:14,3
DA:15,3
DA:16,3
DA:21,3
DA:23,0
DA:31,1
DA:35,1
DA:36,3
DA:39,1
DA:42,1
DA:43,0
DA:44,0
DA:45,0
DA:49,0
DA:51,0
LF:18
LH:12
BRDA:14,0,0,3
BRDA:14,1,0,3
BRDA:14,1,1,3
BRDA:43,2,0,0
BRF:4
BRH:3
end_of_record
TN:
SF:lambda\packages\configuration\src\index.ts
FNF:0
FNH:0
DA:1,1
DA:2,1
DA:3,1
DA:4,1
DA:5,1
DA:6,1
DA:7,1
DA:8,1
DA:9,1
DA:10,1
DA:11,1
DA:12,1
DA:13,1
DA:14,1
DA:15,1
DA:16,1
LF:16
LH:16
BRF:0
BRH:0
end_of_record
TN:
SF:lambda\packages\configuration\src\connect-window-in-seconds\connection-window-in-seconds.ts
FNF:0
FNH:0
DA:1,1
LF:1
LH:1
BRDA:2,0,0,1
BRDA:2,0,1,1
BRF:2
BRH:2
end_of_record
TN:
SF:lambda\packages\configuration\src\connect-window-in-seconds\index.ts
FNF:0
FNH:0
DA:1,1
DA:2,1
LF:2
LH:2
BRF:0
BRH:0
end_of_record
TN:
SF:lambda\packages\configuration\src\connect-window-in-seconds\verify-connection-window-in-seconds.ts
FN:3,(anonymous_0)
FNF:1
FNH:0
FNDA:0,(anonymous_0)
DA:1,1
DA:3,1
DA:4,0
DA:5,0
LF:4
LH:2
BRDA:4,0,0,0
BRF:1
BRH:0
end_of_record
TN:
SF:lambda\packages\configuration\src\cors-allowed-origin\cors-allowed-origin.ts
FNF:0
FNH:0
DA:1,1
LF:1
LH:1
BRDA:1,0,0,1
BRDA:1,0,1,1
BRF:2
BRH:2
end_of_record
TN:
SF:lambda\packages\configuration\src\cors-allowed-origin\index.ts
FNF:0
FNH:0
DA:1,1
DA:2,1
LF:2
LH:2
BRF:0
BRH:0
end_of_record
TN:
SF:lambda\packages\configuration\src\cors-allowed-origin\verify-cors-allowed-origin.ts
FN:3,(anonymous_0)
FNF:1
FNH:0
FNDA:0,(anonymous_0)
DA:1,1
DA:3,1
DA:4,0
DA:5,0
LF:4
LH:2
BRDA:4,0,0,0
BRF:1
BRH:0
end_of_record
TN:
SF:lambda\packages\configuration\src\dynamo-connection-index-name\dynamo-connection-index-name.ts
FNF:0
FNH:0
DA:1,1
LF:1
LH:1
BRDA:2,0,0,1
BRDA:2,0,1,1
BRF:2
BRH:2
end_of_record
TN:
SF:lambda\packages\configuration\src\dynamo-connection-index-name\index.ts
FNF:0
FNH:0
DA:1,1
DA:2,1
LF:2
LH:2
BRF:0
BRH:0
end_of_record
TN:
SF:lambda\packages\configuration\src\dynamo-connection-index-name\verify-dynamo-connection-index-name.ts
FN:3,(anonymous_0)
FNF:1
FNH:0
FNDA:0,(anonymous_0)
DA:1,1
DA:3,1
DA:4,0
DA:5,0
LF:4
LH:2
BRDA:4,0,0,0
BRF:1
BRH:0
end_of_record
TN:
SF:lambda\packages\configuration\src\dynamo-connection-table-name\dynamo-connection-table-name.ts
FNF:0
FNH:0
DA:1,1
LF:1
LH:1
BRDA:2,0,0,1
BRDA:2,0,1,1
BRF:2
BRH:2
end_of_record
TN:
SF:lambda\packages\configuration\src\dynamo-connection-table-name\index.ts
FNF:0
FNH:0
DA:1,1
DA:2,1
LF:2
LH:2
BRF:0
BRH:0
end_of_record
TN:
SF:lambda\packages\configuration\src\dynamo-connection-table-name\verify-dynamo-connection-table-name.ts
FN:3,(anonymous_0)
FNF:1
FNH:0
FNDA:0,(anonymous_0)
DA:1,1
DA:3,1
DA:4,0
DA:5,0
LF:4
LH:2
BRDA:4,0,0,0
BRF:1
BRH:0
end_of_record
TN:
SF:lambda\packages\configuration\src\dynamo-last-disconnected-index-name\dynamo-last-disconnected-index-name.ts
FNF:0
FNH:0
DA:1,1
LF:1
LH:1
BRDA:2,0,0,1
BRDA:2,0,1,1
BRF:2
BRH:2
end_of_record
TN:
SF:lambda\packages\configuration\src\dynamo-last-disconnected-index-name\index.ts
FNF:0
FNH:0
DA:1,1
DA:2,1
LF:2
LH:2
BRF:0
BRH:0
end_of_record
TN:
SF:lambda\packages\configuration\src\dynamo-last-disconnected-index-name\verify-dynamo-last-disconnected-index-name.ts
FN:3,(anonymous_0)
FNF:1
FNH:0
FNDA:0,(anonymous_0)
DA:1,1
DA:3,1
DA:4,0
DA:5,0
LF:4
LH:2
BRDA:4,0,0,0
BRF:1
BRH:0
end_of_record
TN:
SF:lambda\packages\configuration\src\dynamo-table-name\dynamo-table-name.ts
FNF:0
FNH:0
DA:1,1
LF:1
LH:1
BRDA:1,0,0,1
BRDA:1,0,1,1
BRF:2
BRH:2
end_of_record
TN:
SF:lambda\packages\configuration\src\dynamo-table-name\index.ts
FNF:0
FNH:0
DA:1,1
DA:2,1
LF:2
LH:2
BRF:0
BRH:0
end_of_record
TN:
SF:lambda\packages\configuration\src\dynamo-table-name\verify-dynamo-table-name.ts
FN:3,(anonymous_0)
FNF:1
FNH:0
FNDA:0,(anonymous_0)
DA:1,1
DA:3,1
DA:4,0
DA:5,0
LF:4
LH:2
BRDA:4,0,0,0
BRF:1
BRH:0
end_of_record
TN:
SF:lambda\packages\configuration\src\eb-external-eb-name\eb-external-eb-name.ts
FNF:0
FNH:0
DA:1,1
LF:1
LH:1
BRDA:1,0,0,1
BRDA:1,0,1,1
BRF:2
BRH:2
end_of_record
TN:
SF:lambda\packages\configuration\src\eb-external-eb-name\index.ts
FNF:0
FNH:0
DA:1,1
DA:2,1
LF:2
LH:2
BRF:0
BRH:0
end_of_record
TN:
SF:lambda\packages\configuration\src\eb-external-eb-name\verify-eb-external-eb-name.ts
FN:3,(anonymous_0)
FNF:1
FNH:0
FNDA:0,(anonymous_0)
DA:1,1
DA:3,1
DA:4,0
DA:5,0
LF:4
LH:2
BRDA:4,0,0,0
BRF:1
BRH:0
end_of_record
TN:
SF:lambda\packages\configuration\src\eb-external-event-source-name\eb-external-event-source-name.ts
FNF:0
FNH:0
DA:1,1
LF:1
LH:1
BRDA:2,0,0,1
BRDA:2,0,1,1
BRF:2
BRH:2
end_of_record
TN:
SF:lambda\packages\configuration\src\eb-external-event-source-name\index.ts
FNF:0
FNH:0
DA:1,1
DA:2,1
LF:2
LH:2
BRF:0
BRH:0
end_of_record
TN:
SF:lambda\packages\configuration\src\eb-external-event-source-name\verify-eb-external-event-source-name.ts
FN:3,(anonymous_0)
FNF:1
FNH:0
FNDA:0,(anonymous_0)
DA:1,1
DA:3,1
DA:4,0
DA:5,0
LF:4
LH:2
BRDA:4,0,0,0
BRF:1
BRH:0
end_of_record
TN:
SF:lambda\packages\configuration\src\eb-internal-eb-name\eb-internal-eb-name.ts
FNF:0
FNH:0
DA:1,1
LF:1
LH:1
BRDA:1,0,0,1
BRDA:1,0,1,1
BRF:2
BRH:2
end_of_record
TN:
SF:lambda\packages\configuration\src\eb-internal-eb-name\index.ts
FNF:0
FNH:0
DA:1,1
DA:2,1
LF:2
LH:2
BRF:0
BRH:0
end_of_record
TN:
SF:lambda\packages\configuration\src\eb-internal-eb-name\verify-eb-internal-eb-name.ts
FN:3,(anonymous_0)
FNF:1
FNH:0
FNDA:0,(anonymous_0)
DA:1,1
DA:3,1
DA:4,0
DA:5,0
LF:4
LH:2
BRDA:4,0,0,0
BRF:1
BRH:0
end_of_record
TN:
SF:lambda\packages\configuration\src\eb-internal-event-source-name\eb-internal-event-source-name.ts
FNF:0
FNH:0
DA:1,1
LF:1
LH:1
BRDA:2,0,0,1
BRDA:2,0,1,1
BRF:2
BRH:2
end_of_record
TN:
SF:lambda\packages\configuration\src\eb-internal-event-source-name\index.ts
FNF:0
FNH:0
DA:1,1
DA:2,1
LF:2
LH:2
BRF:0
BRH:0
end_of_record
TN:
SF:lambda\packages\configuration\src\eb-internal-event-source-name\verify-eb-internal-event-source-name.ts
FN:3,(anonymous_0)
FNF:1
FNH:0
FNDA:0,(anonymous_0)
DA:1,1
DA:3,1
DA:4,0
DA:5,0
LF:4
LH:2
BRDA:4,0,0,0
BRF:1
BRH:0
end_of_record
TN:
SF:lambda\packages\configuration\src\expired-disconnection-window-in-seconds\expired-disconnection-window-in-seconds.ts
FNF:0
FNH:0
DA:1,1
LF:1
LH:1
BRDA:2,0,0,1
BRDA:2,0,1,1
BRF:2
BRH:2
end_of_record
TN:
SF:lambda\packages\configuration\src\expired-disconnection-window-in-seconds\index.ts
FNF:0
FNH:0
DA:1,1
DA:2,1
LF:2
LH:2
BRF:0
BRH:0
end_of_record
TN:
SF:lambda\packages\configuration\src\expired-disconnection-window-in-seconds\verify-expired-disconnection-window-in-seconds.ts
FN:3,(anonymous_0)
FNF:1
FNH:0
FNDA:0,(anonymous_0)
DA:1,1
DA:3,1
DA:4,0
DA:5,0
LF:4
LH:2
BRDA:4,0,0,0
BRF:1
BRH:0
end_of_record
TN:
SF:lambda\packages\configuration\src\host-room-index-name\host-room-index-name.ts
FNF:0
FNH:0
DA:1,1
LF:1
LH:1
BRDA:1,0,0,1
BRDA:1,0,1,1
BRF:2
BRH:2
end_of_record
TN:
SF:lambda\packages\configuration\src\host-room-index-name\index.ts
FNF:0
FNH:0
DA:1,1
DA:2,1
LF:2
LH:2
BRF:0
BRH:0
end_of_record
TN:
SF:lambda\packages\configuration\src\host-room-index-name\verify-dynamo-host-room-index-name.ts
FN:3,(anonymous_0)
FNF:1
FNH:0
FNDA:0,(anonymous_0)
DA:1,1
DA:3,1
DA:4,0
DA:5,0
LF:4
LH:2
BRDA:4,0,0,0
BRF:1
BRH:0
end_of_record
TN:
SF:lambda\packages\configuration\src\public-rooms-to-retrieve\index.ts
FNF:0
FNH:0
DA:1,1
DA:2,1
LF:2
LH:2
BRF:0
BRH:0
end_of_record
TN:
SF:lambda\packages\configuration\src\public-rooms-to-retrieve\public-rooms-to-retrieve.ts
FNF:0
FNH:0
DA:1,1
LF:1
LH:1
BRDA:2,0,0,1
BRDA:2,0,1,1
BRF:2
BRH:2
end_of_record
TN:
SF:lambda\packages\configuration\src\public-rooms-to-retrieve\verify-public-rooms-to-retrieve.ts
FN:3,(anonymous_0)
FNF:1
FNH:0
FNDA:0,(anonymous_0)
DA:1,1
DA:3,1
DA:4,0
DA:5,0
LF:4
LH:2
BRDA:4,0,0,0
BRF:1
BRH:0
end_of_record
TN:
SF:lambda\packages\configuration\src\room-socket-api-endpoint\index.ts
FNF:0
FNH:0
DA:1,1
DA:2,1
LF:2
LH:2
BRF:0
BRH:0
end_of_record
TN:
SF:lambda\packages\configuration\src\room-socket-api-endpoint\room-socket-api-endpoint.ts
FNF:0
FNH:0
DA:1,1
LF:1
LH:1
BRDA:2,0,0,1
BRDA:2,0,1,1
BRF:2
BRH:2
end_of_record
TN:
SF:lambda\packages\configuration\src\room-socket-api-endpoint\verify-room-socket-api-endpoint.ts
FN:3,(anonymous_0)
FNF:1
FNH:0
FNDA:0,(anonymous_0)
DA:1,1
DA:3,1
DA:4,0
DA:5,0
LF:4
LH:2
BRDA:4,0,0,0
BRF:1
BRH:0
end_of_record
TN:
SF:lambda\packages\configuration\src\updated-connect-window\index.ts
FNF:0
FNH:0
DA:1,1
DA:2,1
LF:2
LH:2
BRF:0
BRH:0
end_of_record
TN:
SF:lambda\packages\configuration\src\updated-connect-window\updated-connect-window.ts
FNF:0
FNH:0
DA:1,1
LF:1
LH:1
BRDA:2,0,0,1
BRDA:2,0,1,1
BRF:2
BRH:2
end_of_record
TN:
SF:lambda\packages\configuration\src\updated-connect-window\verify-updated-connect-window.ts
FN:3,(anonymous_0)
FNF:1
FNH:0
FNDA:0,(anonymous_0)
DA:1,1
DA:3,1
DA:4,0
DA:5,0
LF:4
LH:2
BRDA:4,0,0,0
BRF:1
BRH:0
end_of_record
TN:
SF:lambda\packages\configuration\src\visible-room-index-name\index.ts
FNF:0
FNH:0
DA:1,1
DA:2,1
LF:2
LH:2
BRF:0
BRH:0
end_of_record
TN:
SF:lambda\packages\configuration\src\visible-room-index-name\verify-dynamo-visible-room-index-name.ts
FN:3,(anonymous_0)
FNF:1
FNH:0
FNDA:0,(anonymous_0)
DA:1,1
DA:3,1
DA:4,0
DA:5,0
LF:4
LH:2
BRDA:4,0,0,0
BRF:1
BRH:0
end_of_record
TN:
SF:lambda\packages\configuration\src\visible-room-index-name\visible-room-index-name.ts
FNF:0
FNH:0
DA:1,1
LF:1
LH:1
BRDA:2,0,0,1
BRDA:2,0,1,1
BRF:2
BRH:2
end_of_record
