TN:
SF:lambda\packages\communication\src\client\client.ts
FNF:0
FNH:0
DA:1,1
DA:3,1
DA:5,1
LF:3
LH:3
BRF:0
BRH:0
end_of_record
TN:
SF:lambda\packages\communication\src\client\index.ts
FNF:0
FNH:0
DA:1,1
LF:1
LH:1
BRF:0
BRH:0
end_of_record
TN:
SF:lambda\packages\communication\src\communication-service\communication-service.ts
FN:10,(anonymous_0)
FN:31,(anonymous_1)
FN:35,(anonymous_2)
FN:42,(anonymous_3)
FNF:4
FNH:4
FNDA:9,(anonymous_0)
FNDA:3,(anonymous_1)
FNDA:9,(anonymous_2)
FNDA:3,(anonymous_3)
DA:1,1
DA:8,1
DA:10,1
DA:14,9
DA:15,5
DA:16,5
DA:21,5
DA:23,1
DA:31,1
DA:35,3
DA:36,9
DA:39,3
DA:42,1
DA:43,3
DA:44,2
DA:45,2
DA:49,2
DA:51,1
LF:18
LH:18
BRDA:14,0,0,5
BRDA:14,1,0,9
BRDA:14,1,1,8
BRDA:43,2,0,2
BRF:4
BRH:4
end_of_record
TN:
SF:lambda\packages\communication\src\events\change-host-communication-event.ts
FN:5,(anonymous_0)
FNF:1
FNH:1
FNDA:1,(anonymous_0)
DA:1,1
DA:2,1
DA:4,1
DA:5,1
DA:6,1
LF:5
LH:5
BRF:0
BRH:0
end_of_record
TN:
SF:lambda\packages\communication\src\events\communication-event.ts
FN:4,(anonymous_0)
FNF:1
FNH:1
FNDA:10,(anonymous_0)
DA:3,10
DA:4,10
LF:2
LH:2
BRF:0
BRH:0
end_of_record
TN:
SF:lambda\packages\communication\src\events\disable-game-start-communication-event.ts
FN:5,(anonymous_0)
FNF:1
FNH:1
FNDA:1,(anonymous_0)
DA:1,1
DA:2,1
DA:4,1
DA:6,1
LF:4
LH:4
BRF:0
BRH:0
end_of_record
TN:
SF:lambda\packages\communication\src\events\enable-game-start-communication-event.ts
FN:5,(anonymous_0)
FNF:1
FNH:1
FNDA:1,(anonymous_0)
DA:1,1
DA:2,1
DA:4,1
DA:6,1
LF:4
LH:4
BRF:0
BRH:0
end_of_record
TN:
SF:lambda\packages\communication\src\events\game-completed-communication-event.ts
FN:5,(anonymous_0)
FNF:1
FNH:1
FNDA:1,(anonymous_0)
DA:1,1
DA:2,1
DA:4,1
DA:6,1
LF:4
LH:4
BRF:0
BRH:0
end_of_record
TN:
SF:lambda\packages\communication\src\events\game-initialized-communication-event.ts
FN:5,(anonymous_0)
FNF:1
FNH:1
FNDA:1,(anonymous_0)
DA:1,1
DA:2,1
DA:4,1
DA:6,1
LF:4
LH:4
BRF:0
BRH:0
end_of_record
TN:
SF:lambda\packages\communication\src\events\game-started-communication-event.ts
FN:5,(anonymous_0)
FNF:1
FNH:1
FNDA:1,(anonymous_0)
DA:1,1
DA:2,1
DA:4,1
DA:6,1
LF:4
LH:4
BRF:0
BRH:0
end_of_record
TN:
SF:lambda\packages\communication\src\events\generic-communication-event.ts
FN:4,(anonymous_0)
FNF:1
FNH:1
FNDA:1,(anonymous_0)
DA:1,1
DA:3,1
DA:4,1
DA:5,1
LF:4
LH:4
BRF:0
BRH:0
end_of_record
TN:
SF:lambda\packages\communication\src\events\host-transfer-communication-event.ts
FN:5,(anonymous_0)
FNF:1
FNH:1
FNDA:1,(anonymous_0)
DA:1,1
DA:2,1
DA:4,1
DA:6,1
LF:4
LH:4
BRF:0
BRH:0
end_of_record
TN:
SF:lambda\packages\communication\src\events\user-joined-communication-event.ts
FN:5,(anonymous_0)
FNF:1
FNH:1
FNDA:1,(anonymous_0)
DA:1,1
DA:2,1
DA:4,1
DA:5,1
DA:6,1
LF:5
LH:5
BRF:0
BRH:0
end_of_record
TN:
SF:lambda\packages\communication\src\events\user-left-communication-event.ts
FN:5,(anonymous_0)
FNF:1
FNH:1
FNDA:1,(anonymous_0)
DA:1,1
DA:2,1
DA:4,1
DA:5,1
DA:6,1
LF:5
LH:5
BRF:0
BRH:0
end_of_record
TN:
SF:lambda\packages\communication\src\events\communication-action-types\communication-action-types.ts
FN:1,(anonymous_0)
FNF:1
FNH:1
FNDA:10,(anonymous_0)
DA:1,10
DA:2,10
DA:3,10
DA:4,10
DA:5,10
DA:6,10
DA:7,10
DA:8,10
DA:9,10
DA:10,10
DA:11,10
LF:11
LH:11
BRDA:1,0,0,10
BRDA:1,0,1,10
BRF:2
BRH:2
end_of_record
TN:
SF:lambda\packages\communication\src\events\communication-action-types\index.ts
FNF:0
FNH:0
DA:1,9
LF:1
LH:1
BRF:0
BRH:0
end_of_record
TN:
SF:lambda\packages\configuration\src\index.ts
FNF:0
FNH:0
DA:1,5
DA:2,5
DA:3,5
DA:4,5
DA:5,5
DA:6,5
DA:7,5
DA:8,5
DA:9,5
DA:10,5
DA:11,5
DA:12,5
DA:13,5
DA:14,5
DA:15,5
DA:16,5
LF:16
LH:16
BRF:0
BRH:0
end_of_record
TN:
SF:lambda\packages\configuration\src\connect-window-in-seconds\connection-window-in-seconds.ts
FNF:0
FNH:0
DA:1,8
LF:1
LH:1
BRDA:2,0,0,8
BRDA:2,0,1,7
BRF:2
BRH:2
end_of_record
TN:
SF:lambda\packages\configuration\src\connect-window-in-seconds\index.ts
FNF:0
FNH:0
DA:1,5
DA:2,5
LF:2
LH:2
BRF:0
BRH:0
end_of_record
TN:
SF:lambda\packages\configuration\src\connect-window-in-seconds\verify-connection-window-in-seconds.ts
FN:3,(anonymous_0)
FNF:1
FNH:1
FNDA:3,(anonymous_0)
DA:1,8
DA:3,8
DA:4,3
DA:5,2
LF:4
LH:4
BRDA:4,0,0,2
BRF:1
BRH:1
end_of_record
TN:
SF:lambda\packages\configuration\src\cors-allowed-origin\cors-allowed-origin.ts
FNF:0
FNH:0
DA:1,8
LF:1
LH:1
BRDA:1,0,0,8
BRDA:1,0,1,7
BRF:2
BRH:2
end_of_record
TN:
SF:lambda\packages\configuration\src\cors-allowed-origin\index.ts
FNF:0
FNH:0
DA:1,5
DA:2,5
LF:2
LH:2
BRF:0
BRH:0
end_of_record
TN:
SF:lambda\packages\configuration\src\cors-allowed-origin\verify-cors-allowed-origin.ts
FN:3,(anonymous_0)
FNF:1
FNH:1
FNDA:2,(anonymous_0)
DA:1,7
DA:3,7
DA:4,2
DA:5,1
LF:4
LH:4
BRDA:4,0,0,1
BRF:1
BRH:1
end_of_record
TN:
SF:lambda\packages\configuration\src\dynamo-connection-index-name\dynamo-connection-index-name.ts
FNF:0
FNH:0
DA:1,8
LF:1
LH:1
BRDA:2,0,0,8
BRDA:2,0,1,7
BRF:2
BRH:2
end_of_record
TN:
SF:lambda\packages\configuration\src\dynamo-connection-index-name\index.ts
FNF:0
FNH:0
DA:1,5
DA:2,5
LF:2
LH:2
BRF:0
BRH:0
end_of_record
TN:
SF:lambda\packages\configuration\src\dynamo-connection-index-name\verify-dynamo-connection-index-name.ts
FN:3,(anonymous_0)
FNF:1
FNH:1
FNDA:2,(anonymous_0)
DA:1,7
DA:3,7
DA:4,2
DA:5,1
LF:4
LH:4
BRDA:4,0,0,1
BRF:1
BRH:1
end_of_record
TN:
SF:lambda\packages\configuration\src\dynamo-connection-table-name\dynamo-connection-table-name.ts
FNF:0
FNH:0
DA:1,8
LF:1
LH:1
BRDA:2,0,0,8
BRDA:2,0,1,7
BRF:2
BRH:2
end_of_record
TN:
SF:lambda\packages\configuration\src\dynamo-connection-table-name\index.ts
FNF:0
FNH:0
DA:1,5
DA:2,5
LF:2
LH:2
BRF:0
BRH:0
end_of_record
TN:
SF:lambda\packages\configuration\src\dynamo-connection-table-name\verify-dynamo-connection-table-name.ts
FN:3,(anonymous_0)
FNF:1
FNH:1
FNDA:2,(anonymous_0)
DA:1,7
DA:3,7
DA:4,2
DA:5,1
LF:4
LH:4
BRDA:4,0,0,1
BRF:1
BRH:1
end_of_record
TN:
SF:lambda\packages\configuration\src\dynamo-last-disconnected-index-name\dynamo-last-disconnected-index-name.ts
FNF:0
FNH:0
DA:1,8
LF:1
LH:1
BRDA:2,0,0,8
BRDA:2,0,1,7
BRF:2
BRH:2
end_of_record
TN:
SF:lambda\packages\configuration\src\dynamo-last-disconnected-index-name\index.ts
FNF:0
FNH:0
DA:1,5
DA:2,5
LF:2
LH:2
BRF:0
BRH:0
end_of_record
TN:
SF:lambda\packages\configuration\src\dynamo-last-disconnected-index-name\verify-dynamo-last-disconnected-index-name.ts
FN:3,(anonymous_0)
FNF:1
FNH:1
FNDA:2,(anonymous_0)
DA:1,7
DA:3,7
DA:4,2
DA:5,1
LF:4
LH:4
BRDA:4,0,0,1
BRF:1
BRH:1
end_of_record
TN:
SF:lambda\packages\configuration\src\dynamo-table-name\dynamo-table-name.ts
FNF:0
FNH:0
DA:1,8
LF:1
LH:1
BRDA:1,0,0,8
BRDA:1,0,1,7
BRF:2
BRH:2
end_of_record
TN:
SF:lambda\packages\configuration\src\dynamo-table-name\index.ts
FNF:0
FNH:0
DA:1,5
DA:2,5
LF:2
LH:2
BRF:0
BRH:0
end_of_record
TN:
SF:lambda\packages\configuration\src\dynamo-table-name\verify-dynamo-table-name.ts
FN:3,(anonymous_0)
FNF:1
FNH:1
FNDA:2,(anonymous_0)
DA:1,7
DA:3,7
DA:4,2
DA:5,1
LF:4
LH:4
BRDA:4,0,0,1
BRF:1
BRH:1
end_of_record
TN:
SF:lambda\packages\configuration\src\eb-external-eb-name\eb-external-eb-name.ts
FNF:0
FNH:0
DA:1,8
LF:1
LH:1
BRDA:1,0,0,8
BRDA:1,0,1,7
BRF:2
BRH:2
end_of_record
TN:
SF:lambda\packages\configuration\src\eb-external-eb-name\index.ts
FNF:0
FNH:0
DA:1,5
DA:2,5
LF:2
LH:2
BRF:0
BRH:0
end_of_record
TN:
SF:lambda\packages\configuration\src\eb-external-eb-name\verify-eb-external-eb-name.ts
FN:3,(anonymous_0)
FNF:1
FNH:1
FNDA:2,(anonymous_0)
DA:1,7
DA:3,7
DA:4,2
DA:5,1
LF:4
LH:4
BRDA:4,0,0,1
BRF:1
BRH:1
end_of_record
TN:
SF:lambda\packages\configuration\src\eb-external-event-source-name\eb-external-event-source-name.ts
FNF:0
FNH:0
DA:1,8
LF:1
LH:1
BRDA:2,0,0,8
BRDA:2,0,1,7
BRF:2
BRH:2
end_of_record
TN:
SF:lambda\packages\configuration\src\eb-external-event-source-name\index.ts
FNF:0
FNH:0
DA:1,5
DA:2,5
LF:2
LH:2
BRF:0
BRH:0
end_of_record
TN:
SF:lambda\packages\configuration\src\eb-external-event-source-name\verify-eb-external-event-source-name.ts
FN:3,(anonymous_0)
FNF:1
FNH:1
FNDA:2,(anonymous_0)
DA:1,7
DA:3,7
DA:4,2
DA:5,1
LF:4
LH:4
BRDA:4,0,0,1
BRF:1
BRH:1
end_of_record
TN:
SF:lambda\packages\configuration\src\eb-internal-eb-name\eb-internal-eb-name.ts
FNF:0
FNH:0
DA:1,8
LF:1
LH:1
BRDA:1,0,0,8
BRDA:1,0,1,7
BRF:2
BRH:2
end_of_record
TN:
SF:lambda\packages\configuration\src\eb-internal-eb-name\index.ts
FNF:0
FNH:0
DA:1,5
DA:2,5
LF:2
LH:2
BRF:0
BRH:0
end_of_record
TN:
SF:lambda\packages\configuration\src\eb-internal-eb-name\verify-eb-internal-eb-name.ts
FN:3,(anonymous_0)
FNF:1
FNH:1
FNDA:2,(anonymous_0)
DA:1,7
DA:3,7
DA:4,2
DA:5,1
LF:4
LH:4
BRDA:4,0,0,1
BRF:1
BRH:1
end_of_record
TN:
SF:lambda\packages\configuration\src\eb-internal-event-source-name\eb-internal-event-source-name.ts
FNF:0
FNH:0
DA:1,8
LF:1
LH:1
BRDA:2,0,0,8
BRDA:2,0,1,7
BRF:2
BRH:2
end_of_record
TN:
SF:lambda\packages\configuration\src\eb-internal-event-source-name\index.ts
FNF:0
FNH:0
DA:1,5
DA:2,5
LF:2
LH:2
BRF:0
BRH:0
end_of_record
TN:
SF:lambda\packages\configuration\src\eb-internal-event-source-name\verify-eb-internal-event-source-name.ts
FN:3,(anonymous_0)
FNF:1
FNH:1
FNDA:2,(anonymous_0)
DA:1,7
DA:3,7
DA:4,2
DA:5,1
LF:4
LH:4
BRDA:4,0,0,1
BRF:1
BRH:1
end_of_record
TN:
SF:lambda\packages\configuration\src\expired-disconnection-window-in-seconds\expired-disconnection-window-in-seconds.ts
FNF:0
FNH:0
DA:1,8
LF:1
LH:1
BRDA:2,0,0,8
BRDA:2,0,1,7
BRF:2
BRH:2
end_of_record
TN:
SF:lambda\packages\configuration\src\expired-disconnection-window-in-seconds\index.ts
FNF:0
FNH:0
DA:1,5
DA:2,5
LF:2
LH:2
BRF:0
BRH:0
end_of_record
TN:
SF:lambda\packages\configuration\src\expired-disconnection-window-in-seconds\verify-expired-disconnection-window-in-seconds.ts
FN:3,(anonymous_0)
FNF:1
FNH:1
FNDA:3,(anonymous_0)
DA:1,8
DA:3,8
DA:4,3
DA:5,2
LF:4
LH:4
BRDA:4,0,0,2
BRF:1
BRH:1
end_of_record
TN:
SF:lambda\packages\configuration\src\host-room-index-name\host-room-index-name.ts
FNF:0
FNH:0
DA:1,8
LF:1
LH:1
BRDA:1,0,0,8
BRDA:1,0,1,7
BRF:2
BRH:2
end_of_record
TN:
SF:lambda\packages\configuration\src\host-room-index-name\index.ts
FNF:0
FNH:0
DA:1,5
DA:2,5
LF:2
LH:2
BRF:0
BRH:0
end_of_record
TN:
SF:lambda\packages\configuration\src\host-room-index-name\verify-dynamo-host-room-index-name.ts
FN:3,(anonymous_0)
FNF:1
FNH:1
FNDA:2,(anonymous_0)
DA:1,7
DA:3,7
DA:4,2
DA:5,1
LF:4
LH:4
BRDA:4,0,0,1
BRF:1
BRH:1
end_of_record
TN:
SF:lambda\packages\configuration\src\public-rooms-to-retrieve\index.ts
FNF:0
FNH:0
DA:1,5
DA:2,5
LF:2
LH:2
BRF:0
BRH:0
end_of_record
TN:
SF:lambda\packages\configuration\src\public-rooms-to-retrieve\public-rooms-to-retrieve.ts
FNF:0
FNH:0
DA:1,8
LF:1
LH:1
BRDA:2,0,0,8
BRDA:2,0,1,7
BRF:2
BRH:2
end_of_record
TN:
SF:lambda\packages\configuration\src\public-rooms-to-retrieve\verify-public-rooms-to-retrieve.ts
FN:3,(anonymous_0)
FNF:1
FNH:1
FNDA:3,(anonymous_0)
DA:1,8
DA:3,8
DA:4,3
DA:5,2
LF:4
LH:4
BRDA:4,0,0,2
BRF:1
BRH:1
end_of_record
TN:
SF:lambda\packages\configuration\src\room-socket-api-endpoint\index.ts
FNF:0
FNH:0
DA:1,5
DA:2,5
LF:2
LH:2
BRF:0
BRH:0
end_of_record
TN:
SF:lambda\packages\configuration\src\room-socket-api-endpoint\room-socket-api-endpoint.ts
FNF:0
FNH:0
DA:1,8
LF:1
LH:1
BRDA:2,0,0,8
BRDA:2,0,1,7
BRF:2
BRH:2
end_of_record
TN:
SF:lambda\packages\configuration\src\room-socket-api-endpoint\verify-room-socket-api-endpoint.ts
FN:3,(anonymous_0)
FNF:1
FNH:1
FNDA:2,(anonymous_0)
DA:1,7
DA:3,7
DA:4,2
DA:5,1
LF:4
LH:4
BRDA:4,0,0,1
BRF:1
BRH:1
end_of_record
TN:
SF:lambda\packages\configuration\src\updated-connect-window\index.ts
FNF:0
FNH:0
DA:1,5
DA:2,5
LF:2
LH:2
BRF:0
BRH:0
end_of_record
TN:
SF:lambda\packages\configuration\src\updated-connect-window\updated-connect-window.ts
FNF:0
FNH:0
DA:1,8
LF:1
LH:1
BRDA:2,0,0,8
BRDA:2,0,1,7
BRF:2
BRH:2
end_of_record
TN:
SF:lambda\packages\configuration\src\updated-connect-window\verify-updated-connect-window.ts
FN:3,(anonymous_0)
FNF:1
FNH:1
FNDA:3,(anonymous_0)
DA:1,8
DA:3,8
DA:4,3
DA:5,2
LF:4
LH:4
BRDA:4,0,0,2
BRF:1
BRH:1
end_of_record
TN:
SF:lambda\packages\configuration\src\visible-room-index-name\index.ts
FNF:0
FNH:0
DA:1,5
DA:2,5
LF:2
LH:2
BRF:0
BRH:0
end_of_record
TN:
SF:lambda\packages\configuration\src\visible-room-index-name\verify-dynamo-visible-room-index-name.ts
FN:3,(anonymous_0)
FNF:1
FNH:1
FNDA:2,(anonymous_0)
DA:1,7
DA:3,7
DA:4,2
DA:5,1
LF:4
LH:4
BRDA:4,0,0,1
BRF:1
BRH:1
end_of_record
TN:
SF:lambda\packages\configuration\src\visible-room-index-name\visible-room-index-name.ts
FNF:0
FNH:0
DA:1,8
LF:1
LH:1
BRDA:2,0,0,8
BRDA:2,0,1,7
BRF:2
BRH:2
end_of_record
TN:
SF:lambda\packages\dynamodb\src\index.ts
FNF:0
FNH:0
DA:1,22
DA:2,22
DA:3,22
LF:3
LH:3
BRF:0
BRH:0
end_of_record
TN:
SF:lambda\packages\dynamodb\src\client\client.ts
FNF:0
FNH:0
DA:1,22
DA:3,22
LF:2
LH:2
BRF:0
BRH:0
end_of_record
TN:
SF:lambda\packages\dynamodb\src\client\index.ts
FNF:0
FNH:0
DA:1,22
LF:1
LH:1
BRF:0
BRH:0
end_of_record
TN:
SF:lambda\packages\dynamodb\src\helpers\field-helpers.ts
FN:11,(anonymous_0)
FN:15,(anonymous_1)
FN:21,(anonymous_2)
FN:25,(anonymous_3)
FN:29,(anonymous_4)
FN:36,(anonymous_5)
FN:43,(anonymous_6)
FN:49,(anonymous_7)
FN:97,(anonymous_8)
FN:100,(anonymous_9)
FN:101,(anonymous_10)
FN:102,(anonymous_11)
FN:103,(anonymous_12)
FN:104,(anonymous_13)
FN:105,(anonymous_14)
FN:107,(anonymous_15)
FN:111,(anonymous_16)
FN:116,(anonymous_17)
FN:121,(anonymous_18)
FN:123,(anonymous_19)
FN:124,(anonymous_20)
FN:128,(anonymous_21)
FN:130,(anonymous_22)
FN:131,(anonymous_23)
FN:132,(anonymous_24)
FN:133,(anonymous_25)
FN:134,(anonymous_26)
FN:135,(anonymous_27)
FN:136,(anonymous_28)
FN:137,(anonymous_29)
FN:138,(anonymous_30)
FN:139,(anonymous_31)
FN:140,(anonymous_32)
FN:153,(anonymous_33)
FN:157,(anonymous_34)
FN:161,(anonymous_35)
FN:165,(anonymous_36)
FN:169,(anonymous_37)
FNF:38
FNH:38
FNDA:14,(anonymous_0)
FNDA:1,(anonymous_1)
FNDA:1,(anonymous_2)
FNDA:220,(anonymous_3)
FNDA:54,(anonymous_4)
FNDA:41,(anonymous_5)
FNDA:4,(anonymous_6)
FNDA:10,(anonymous_7)
FNDA:2,(anonymous_8)
FNDA:11,(anonymous_9)
FNDA:8,(anonymous_10)
FNDA:1,(anonymous_11)
FNDA:1,(anonymous_12)
FNDA:1,(anonymous_13)
FNDA:1,(anonymous_14)
FNDA:2,(anonymous_15)
FNDA:4,(anonymous_16)
FNDA:2,(anonymous_17)
FNDA:2,(anonymous_18)
FNDA:2,(anonymous_19)
FNDA:1,(anonymous_20)
FNDA:14,(anonymous_21)
FNDA:1,(anonymous_22)
FNDA:1,(anonymous_23)
FNDA:2,(anonymous_24)
FNDA:6,(anonymous_25)
FNDA:1,(anonymous_26)
FNDA:1,(anonymous_27)
FNDA:2,(anonymous_28)
FNDA:1,(anonymous_29)
FNDA:1,(anonymous_30)
FNDA:1,(anonymous_31)
FNDA:6,(anonymous_32)
FNDA:7,(anonymous_33)
FNDA:3,(anonymous_34)
FNDA:10,(anonymous_35)
FNDA:1,(anonymous_36)
FNDA:1,(anonymous_37)
DA:3,23
DA:11,23
DA:15,23
DA:17,1
DA:21,23
DA:25,220
DA:29,23
DA:33,54
DA:36,23
DA:40,41
DA:43,23
DA:46,4
DA:49,23
DA:53,10
DA:56,23
DA:95,23
DA:97,2
DA:100,11
DA:101,8
DA:102,1
DA:103,1
DA:104,1
DA:106,1
DA:107,2
DA:111,4
DA:117,2
DA:122,2
DA:123,2
DA:124,1
DA:128,14
DA:130,1
DA:131,1
DA:132,2
DA:133,6
DA:134,1
DA:135,1
DA:136,2
DA:137,1
DA:138,1
DA:139,1
DA:140,6
DA:145,23
DA:152,23
DA:153,7
DA:157,3
DA:161,10
DA:165,1
DA:169,1
LF:48
LH:48
BRDA:31,0,0,53
BRDA:33,1,0,54
BRDA:33,1,1,35
BRDA:38,2,0,39
BRDA:40,3,0,9
BRDA:40,3,1,32
BRDA:46,4,0,2
BRDA:46,4,1,2
BRDA:51,5,0,9
BRDA:53,6,0,10
BRDA:53,6,1,8
BRF:11
BRH:11
end_of_record
TN:
SF:lambda\packages\dynamodb\src\helpers\index.ts
FNF:0
FNH:0
DA:1,22
DA:2,22
LF:2
LH:2
BRF:0
BRH:0
end_of_record
TN:
SF:lambda\packages\dynamodb\src\helpers\types.ts
FN:104,(anonymous_0)
FNF:1
FNH:1
FNDA:23,(anonymous_0)
DA:104,23
DA:105,23
DA:106,23
DA:107,23
DA:108,23
LF:5
LH:5
BRDA:104,0,0,23
BRDA:104,0,1,23
BRF:2
BRH:2
end_of_record
TN:
SF:lambda\packages\dynamodb\src\parameters\index.ts
FNF:0
FNH:0
DA:1,22
LF:1
LH:1
BRF:0
BRH:0
end_of_record
TN:
SF:lambda\packages\dynamodb\src\parameters\parameters.ts
FNF:0
FNH:0
DA:1,22
LF:1
LH:1
BRF:0
BRH:0
end_of_record
TN:
SF:lambda\packages\event-bridge\src\index.ts
FNF:0
FNH:0
DA:1,2
DA:2,2
DA:3,2
LF:3
LH:3
BRF:0
BRH:0
end_of_record
TN:
SF:lambda\packages\event-bridge\src\client\client.ts
FNF:0
FNH:0
DA:1,3
DA:3,3
LF:2
LH:2
BRF:0
BRH:0
end_of_record
TN:
SF:lambda\packages\event-bridge\src\client\index.ts
FNF:0
FNH:0
DA:1,3
LF:1
LH:1
BRF:0
BRH:0
end_of_record
TN:
SF:lambda\packages\event-bridge\src\events\event-bridge-event.ts
FN:5,(anonymous_0)
FNF:1
FNH:1
FNDA:18,(anonymous_0)
DA:4,14
DA:6,18
DA:9,18
LF:3
LH:3
BRF:0
BRH:0
end_of_record
TN:
SF:lambda\packages\event-bridge\src\events\index.ts
FNF:0
FNH:0
DA:1,3
DA:2,3
DA:3,3
DA:4,3
LF:4
LH:4
BRF:0
BRH:0
end_of_record
TN:
SF:lambda\packages\event-bridge\src\events\external\event-bridge-external-event.ts
FN:6,(anonymous_0)
FNF:1
FNH:1
FNDA:7,(anonymous_0)
DA:1,8
DA:5,8
DA:7,7
DA:8,7
DA:10,7
LF:5
LH:5
BRF:0
BRH:0
end_of_record
TN:
SF:lambda\packages\event-bridge\src\events\external\host-change-external-event.ts
FN:5,(anonymous_0)
FNF:1
FNH:1
FNDA:1,(anonymous_0)
DA:1,4
DA:2,4
DA:4,4
DA:6,1
DA:7,1
DA:8,1
DA:11,1
LF:7
LH:7
BRF:0
BRH:0
end_of_record
TN:
SF:lambda\packages\event-bridge\src\events\external\index.ts
FNF:0
FNH:0
DA:1,3
DA:2,3
DA:3,3
DA:4,3
DA:5,3
DA:6,3
DA:7,3
LF:7
LH:7
BRF:0
BRH:0
end_of_record
TN:
SF:lambda\packages\event-bridge\src\events\external\room-created-external-event.ts
FN:5,(anonymous_0)
FNF:1
FNH:1
FNDA:1,(anonymous_0)
DA:1,4
DA:2,4
DA:4,4
DA:6,1
DA:7,1
DA:10,1
LF:6
LH:6
BRF:0
BRH:0
end_of_record
TN:
SF:lambda\packages\event-bridge\src\events\external\room-removed-external-event.ts
FN:5,(anonymous_0)
FNF:1
FNH:1
FNDA:1,(anonymous_0)
DA:1,4
DA:2,4
DA:4,4
DA:5,1
DA:6,1
LF:5
LH:5
BRF:0
BRH:0
end_of_record
TN:
SF:lambda\packages\event-bridge\src\events\external\user-joined-external-event.ts
FN:5,(anonymous_0)
FNF:1
FNH:1
FNDA:1,(anonymous_0)
DA:1,4
DA:2,4
DA:4,4
DA:6,1
DA:7,1
DA:8,1
DA:11,1
LF:7
LH:7
BRF:0
BRH:0
end_of_record
TN:
SF:lambda\packages\event-bridge\src\events\external\user-left-external-event.ts
FN:5,(anonymous_0)
FNF:1
FNH:1
FNDA:1,(anonymous_0)
DA:1,4
DA:2,4
DA:4,4
DA:6,1
DA:7,1
DA:8,1
DA:11,1
LF:7
LH:7
BRF:0
BRH:0
end_of_record
TN:
SF:lambda\packages\event-bridge\src\events\external\types\index.ts
FNF:0
FNH:0
DA:1,8
LF:1
LH:1
BRF:0
BRH:0
end_of_record
TN:
SF:lambda\packages\event-bridge\src\events\external\types\types.ts
FN:1,(anonymous_0)
FNF:1
FNH:1
FNDA:8,(anonymous_0)
DA:1,8
DA:2,8
DA:3,8
DA:4,8
DA:5,8
DA:6,8
LF:6
LH:6
BRDA:1,0,0,8
BRDA:1,0,1,8
BRF:2
BRH:2
end_of_record
TN:
SF:lambda\packages\event-bridge\src\events\internal\event-bridge-internal-event.ts
FN:6,(anonymous_0)
FNF:1
FNH:1
FNDA:11,(anonymous_0)
DA:1,9
DA:5,9
DA:7,11
DA:8,11
DA:10,11
LF:5
LH:5
BRF:0
BRH:0
end_of_record
TN:
SF:lambda\packages\event-bridge\src\events\internal\host-change-internal-event.ts
FN:5,(anonymous_0)
FNF:1
FNH:1
FNDA:2,(anonymous_0)
DA:1,4
DA:2,4
DA:4,4
DA:6,2
DA:7,2
DA:8,2
DA:11,2
LF:7
LH:7
BRF:0
BRH:0
end_of_record
TN:
SF:lambda\packages\event-bridge\src\events\internal\host-connection-expired-internal-event.ts
FN:5,(anonymous_0)
FNF:1
FNH:1
FNDA:1,(anonymous_0)
DA:1,4
DA:2,4
DA:4,4
DA:6,1
DA:7,1
DA:8,1
DA:11,1
LF:7
LH:7
BRF:0
BRH:0
end_of_record
TN:
SF:lambda\packages\event-bridge\src\events\internal\index.ts
FNF:0
FNH:0
DA:1,3
DA:2,3
DA:3,3
DA:4,3
DA:5,3
DA:6,3
DA:7,3
DA:8,3
LF:8
LH:8
BRF:0
BRH:0
end_of_record
TN:
SF:lambda\packages\event-bridge\src\events\internal\room-removed-internal-event.ts
FN:5,(anonymous_0)
FNF:1
FNH:1
FNDA:2,(anonymous_0)
DA:1,4
DA:2,4
DA:4,4
DA:6,2
DA:7,2
DA:10,2
LF:6
LH:6
BRF:0
BRH:0
end_of_record
TN:
SF:lambda\packages\event-bridge\src\events\internal\user-connection-expired-internal-event.ts
FN:5,(anonymous_0)
FNF:1
FNH:1
FNDA:1,(anonymous_0)
DA:1,4
DA:2,4
DA:4,4
DA:6,1
DA:7,1
DA:10,1
LF:6
LH:6
BRF:0
BRH:0
end_of_record
TN:
SF:lambda\packages\event-bridge\src\events\internal\user-joined-internal-event.ts
FN:5,(anonymous_0)
FNF:1
FNH:1
FNDA:1,(anonymous_0)
DA:1,4
DA:2,4
DA:4,4
DA:6,1
DA:7,1
DA:10,1
LF:6
LH:6
BRF:0
BRH:0
end_of_record
TN:
SF:lambda\packages\event-bridge\src\events\internal\user-left-internal-event.ts
FN:5,(anonymous_0)
FNF:1
FNH:1
FNDA:2,(anonymous_0)
DA:1,4
DA:2,4
DA:4,4
DA:6,2
DA:7,2
DA:8,2
DA:11,2
LF:7
LH:7
BRF:0
BRH:0
end_of_record
TN:
SF:lambda\packages\event-bridge\src\events\internal\types\index.ts
FNF:0
FNH:0
DA:1,9
LF:1
LH:1
BRF:0
BRH:0
end_of_record
TN:
SF:lambda\packages\event-bridge\src\events\internal\types\types.ts
FN:1,(anonymous_0)
FNF:1
FNH:1
FNDA:9,(anonymous_0)
DA:1,9
DA:2,9
DA:3,9
DA:4,9
DA:5,9
DA:6,9
DA:7,9
DA:8,9
LF:8
LH:8
BRDA:1,0,0,9
BRDA:1,0,1,9
BRF:2
BRH:2
end_of_record
TN:
SF:lambda\packages\event-bridge\src\events\received\event-bridget-received-event.ts
FN:4,(anonymous_0)
FNF:1
FNH:1
FNDA:4,(anonymous_0)
DA:3,7
DA:4,4
LF:2
LH:2
BRF:0
BRH:0
end_of_record
TN:
SF:lambda\packages\event-bridge\src\events\received\game-completed-event.ts
FN:5,(anonymous_0)
FNF:1
FNH:1
FNDA:1,(anonymous_0)
DA:1,4
DA:2,4
DA:4,4
DA:5,1
DA:6,1
LF:5
LH:5
BRF:0
BRH:0
end_of_record
TN:
SF:lambda\packages\event-bridge\src\events\received\game-initialized-event.ts
FN:5,(anonymous_0)
FNF:1
FNH:1
FNDA:1,(anonymous_0)
DA:1,4
DA:2,4
DA:4,4
DA:5,1
DA:6,1
LF:5
LH:5
BRF:0
BRH:0
end_of_record
TN:
SF:lambda\packages\event-bridge\src\events\received\game-message-event.ts
FN:5,(anonymous_0)
FNF:1
FNH:1
FNDA:1,(anonymous_0)
DA:1,4
DA:2,4
DA:4,4
DA:6,1
DA:7,1
DA:8,1
DA:10,1
LF:7
LH:7
BRF:0
BRH:0
end_of_record
TN:
SF:lambda\packages\event-bridge\src\events\received\game-started-event.ts
FN:5,(anonymous_0)
FNF:1
FNH:1
FNDA:1,(anonymous_0)
DA:1,4
DA:2,4
DA:4,4
DA:5,1
DA:6,1
LF:5
LH:5
BRF:0
BRH:0
end_of_record
TN:
SF:lambda\packages\event-bridge\src\events\received\index.ts
FNF:0
FNH:0
DA:1,3
DA:2,3
DA:3,3
DA:4,3
DA:5,3
DA:6,3
LF:6
LH:6
BRF:0
BRH:0
end_of_record
TN:
SF:lambda\packages\event-bridge\src\events\received\types\index.ts
FNF:0
FNH:0
DA:1,7
LF:1
LH:1
BRF:0
BRH:0
end_of_record
TN:
SF:lambda\packages\event-bridge\src\events\received\types\types.ts
FN:1,(anonymous_0)
FNF:1
FNH:1
FNDA:7,(anonymous_0)
DA:1,7
DA:2,7
DA:3,7
DA:4,7
DA:5,7
LF:5
LH:5
BRDA:1,0,0,7
BRDA:1,0,1,7
BRF:2
BRH:2
end_of_record
TN:
SF:lambda\packages\event-bridge\src\publishing\event-publisher.ts
FN:17,(anonymous_0)
FN:27,(anonymous_1)
FN:47,(anonymous_2)
FN:57,(anonymous_3)
FNF:4
FNH:4
FNDA:4,(anonymous_0)
FNDA:4,(anonymous_1)
FNDA:2,(anonymous_2)
FNDA:2,(anonymous_3)
DA:1,3
DA:7,3
DA:14,3
DA:17,3
DA:24,4
DA:25,4
DA:27,4
DA:36,4
DA:38,4
DA:40,2
DA:47,3
DA:50,2
DA:57,3
DA:60,2
LF:14
LH:14
BRF:0
BRH:0
end_of_record
TN:
SF:lambda\packages\event-bridge\src\publishing\index.ts
FNF:0
FNH:0
DA:1,2
LF:1
LH:1
BRF:0
BRH:0
end_of_record
TN:
SF:lambda\packages\mappers\src\index.ts
FNF:0
FNH:0
DA:1,7
LF:1
LH:1
BRF:0
BRH:0
end_of_record
TN:
SF:lambda\packages\mappers\src\dynamo\index.ts
FNF:0
FNH:0
DA:1,7
DA:2,7
DA:3,7
LF:3
LH:3
BRF:0
BRH:0
end_of_record
TN:
SF:lambda\packages\mappers\src\dynamo\connection-mapper\connection.mapper.ts
FN:10,(anonymous_0)
FNF:1
FNH:1
FNDA:2,(anonymous_0)
DA:3,8
DA:10,8
DA:12,2
LF:3
LH:3
BRF:0
BRH:0
end_of_record
TN:
SF:lambda\packages\mappers\src\dynamo\connection-mapper\index.ts
FNF:0
FNH:0
DA:1,7
LF:1
LH:1
BRF:0
BRH:0
end_of_record
TN:
SF:lambda\packages\mappers\src\dynamo\game-type-mapper\game-type.mapper.ts
FN:10,(anonymous_0)
FNF:1
FNH:1
FNDA:1,(anonymous_0)
DA:3,8
DA:10,8
DA:13,1
LF:3
LH:3
BRF:0
BRH:0
end_of_record
TN:
SF:lambda\packages\mappers\src\dynamo\game-type-mapper\index.ts
FNF:0
FNH:0
DA:1,7
LF:1
LH:1
BRF:0
BRH:0
end_of_record
TN:
SF:lambda\packages\mappers\src\dynamo\room-mapper\index.ts
FNF:0
FNH:0
DA:1,7
LF:1
LH:1
BRF:0
BRH:0
end_of_record
TN:
SF:lambda\packages\mappers\src\dynamo\room-mapper\room.mapper.ts
FN:10,(anonymous_0)
FNF:1
FNH:1
FNDA:7,(anonymous_0)
DA:2,8
DA:10,8
DA:13,7
LF:3
LH:3
BRF:0
BRH:0
end_of_record
TN:
SF:lambda\packages\models\src\index.ts
FNF:0
FNH:0
DA:1,8
DA:2,8
DA:3,8
DA:4,8
DA:5,8
LF:5
LH:5
BRF:0
BRH:0
end_of_record
TN:
SF:lambda\packages\models\src\room-status.ts
FN:1,(anonymous_0)
FNF:1
FNH:1
FNDA:8,(anonymous_0)
DA:1,8
DA:2,8
DA:3,8
DA:4,8
DA:5,8
LF:5
LH:5
BRDA:1,0,0,8
BRDA:1,0,1,8
BRF:2
BRH:2
end_of_record
TN:
SF:lambda\packages\models\src\room-visiblity-type.ts
FN:1,(anonymous_0)
FNF:1
FNH:1
FNDA:8,(anonymous_0)
DA:1,8
DA:2,8
DA:3,8
LF:3
LH:3
BRDA:1,0,0,8
BRDA:1,0,1,8
BRF:2
BRH:2
end_of_record
TN:
SF:lambda\packages\repositories\src\index.ts
FNF:0
FNH:0
DA:1,2
DA:2,2
DA:3,2
DA:4,2
DA:5,2
DA:6,2
DA:7,2
DA:8,2
DA:9,2
LF:9
LH:9
BRF:0
BRH:0
end_of_record
TN:
SF:lambda\packages\repositories\src\get-all-game-types\get-all-game-types.ts
FN:13,(anonymous_0)
FNF:1
FNH:1
FNDA:2,(anonymous_0)
DA:1,3
DA:3,3
DA:4,3
DA:10,3
DA:13,3
DA:14,2
DA:25,2
DA:26,2
DA:28,2
DA:29,1
DA:32,1
LF:11
LH:11
BRDA:28,0,0,1
BRF:1
BRH:1
end_of_record
TN:
SF:lambda\packages\repositories\src\get-all-game-types\index.ts
FNF:0
FNH:0
DA:1,2
LF:1
LH:1
BRF:0
BRH:0
end_of_record
TN:
SF:lambda\packages\repositories\src\get-game-type-by-id\get-game-type-by-id.ts
FN:9,(anonymous_0)
FNF:1
FNH:1
FNDA:2,(anonymous_0)
DA:1,3
DA:3,3
DA:4,3
DA:6,3
DA:9,3
DA:12,2
DA:17,2
DA:18,2
DA:20,2
DA:21,1
DA:24,1
LF:11
LH:11
BRDA:20,0,0,1
BRF:1
BRH:1
end_of_record
TN:
SF:lambda\packages\repositories\src\get-game-type-by-id\index.ts
FNF:0
FNH:0
DA:1,2
LF:1
LH:1
BRF:0
BRH:0
end_of_record
TN:
SF:lambda\packages\repositories\src\get-room-by-code\get-room-by-code.ts
FN:12,(anonymous_0)
FNF:1
FNH:1
FNDA:3,(anonymous_0)
DA:1,3
DA:3,3
DA:4,3
DA:9,3
DA:12,3
DA:16,3
DA:29,3
DA:30,1
DA:31,1
DA:32,1
DA:36,3
DA:37,3
DA:39,3
DA:40,1
DA:43,2
LF:15
LH:15
BRDA:29,0,0,1
BRDA:39,1,0,1
BRDA:39,2,0,3
BRDA:39,2,1,3
BRF:4
BRH:4
end_of_record
TN:
SF:lambda\packages\repositories\src\get-room-by-code\index.ts
FNF:0
FNH:0
DA:1,2
LF:1
LH:1
BRF:0
BRH:0
end_of_record
TN:
SF:lambda\packages\repositories\src\get-room-connection\get-room-connection.ts
FN:8,(anonymous_0)
FNF:1
FNH:1
FNDA:2,(anonymous_0)
DA:1,3
DA:3,3
DA:4,3
DA:5,3
DA:8,3
DA:12,2
DA:17,2
DA:18,2
DA:20,2
DA:21,1
DA:24,1
LF:11
LH:11
BRDA:20,0,0,1
BRF:1
BRH:1
end_of_record
TN:
SF:lambda\packages\repositories\src\get-room-connection\index.ts
FNF:0
FNH:0
DA:1,2
LF:1
LH:1
BRF:0
BRH:0
end_of_record
TN:
SF:lambda\packages\repositories\src\get-room-connections\get-room-connections.ts
FN:12,(anonymous_0)
FNF:1
FNH:1
FNDA:3,(anonymous_0)
DA:1,3
DA:3,3
DA:4,3
DA:9,3
DA:12,3
DA:16,3
DA:27,3
DA:28,1
DA:29,1
DA:30,1
DA:34,3
DA:35,3
DA:37,3
DA:38,1
DA:41,2
LF:15
LH:15
BRDA:27,0,0,1
BRDA:37,1,0,1
BRDA:37,2,0,3
BRDA:37,2,1,3
BRF:4
BRH:4
end_of_record
TN:
SF:lambda\packages\repositories\src\get-room-connections\index.ts
FNF:0
FNH:0
DA:1,2
LF:1
LH:1
BRF:0
BRH:0
end_of_record
TN:
SF:lambda\packages\repositories\src\remove-room-and-host\index.ts
FNF:0
FNH:0
DA:1,2
LF:1
LH:1
BRF:0
BRH:0
end_of_record
TN:
SF:lambda\packages\repositories\src\remove-room-and-host\remove-room-and-host.ts
FN:10,(anonymous_0)
FNF:1
FNH:1
FNDA:1,(anonymous_0)
DA:1,3
DA:6,3
DA:8,3
DA:10,3
DA:14,1
DA:21,1
DA:25,1
LF:7
LH:7
BRF:0
BRH:0
end_of_record
TN:
SF:lambda\packages\repositories\src\remove-user-from-room\index.ts
FNF:0
FNH:0
DA:1,2
LF:1
LH:1
BRF:0
BRH:0
end_of_record
TN:
SF:lambda\packages\repositories\src\remove-user-from-room\remove-user-from-room.ts
FN:11,(anonymous_0)
FNF:1
FNH:1
FNDA:2,(anonymous_0)
DA:1,3
DA:6,3
DA:9,3
DA:11,3
DA:15,2
DA:22,2
DA:26,2
LF:7
LH:7
BRF:0
BRH:0
end_of_record
TN:
SF:lambda\packages\repositories\src\transact-writes\index.ts
FNF:0
FNH:0
DA:1,4
DA:2,4
DA:3,4
LF:3
LH:3
BRF:0
BRH:0
end_of_record
TN:
SF:lambda\packages\repositories\src\transact-writes\remove-room.ts
FN:6,(anonymous_0)
FNF:1
FNH:1
FNDA:2,(anonymous_0)
DA:3,5
DA:4,5
DA:6,5
DA:7,2
LF:4
LH:4
BRF:0
BRH:0
end_of_record
TN:
SF:lambda\packages\repositories\src\transact-writes\remove-user-connection.ts
FN:6,(anonymous_0)
FNF:1
FNH:1
FNDA:4,(anonymous_0)
DA:3,5
DA:4,5
DA:6,5
DA:10,4
LF:4
LH:4
BRF:0
BRH:0
end_of_record
TN:
SF:lambda\packages\repositories\src\transact-writes\update-room-user-count.ts
FN:12,(anonymous_0)
FNF:1
FNH:1
FNDA:5,(anonymous_0)
DA:3,5
DA:4,5
DA:10,5
DA:12,5
DA:17,5
DA:18,5
DA:22,5
LF:7
LH:7
BRDA:17,0,0,5
BRDA:17,0,1,3
BRDA:18,1,0,2
BRDA:18,1,1,3
BRF:4
BRH:4
end_of_record
TN:
SF:lambda\packages\repositories\src\update-room-host\index.ts
FNF:0
FNH:0
DA:1,2
LF:1
LH:1
BRF:0
BRH:0
end_of_record
TN:
SF:lambda\packages\repositories\src\update-room-host\update-room-host.ts
FN:15,(anonymous_0)
FNF:1
FNH:1
FNDA:1,(anonymous_0)
DA:1,3
DA:6,3
DA:7,3
DA:15,3
DA:19,1
DA:32,1
DA:34,1
LF:7
LH:7
BRF:0
BRH:0
end_of_record
TN:
SF:lambda\packages\repositories\src\update-room-status\index.ts
FNF:0
FNH:0
DA:1,2
LF:1
LH:1
BRF:0
BRH:0
end_of_record
TN:
SF:lambda\packages\repositories\src\update-room-status\update-room-status.ts
FN:16,(anonymous_0)
FNF:1
FNH:1
FNDA:1,(anonymous_0)
DA:1,3
DA:6,3
DA:7,3
DA:16,3
DA:20,1
DA:33,1
DA:35,1
LF:7
LH:7
BRF:0
BRH:0
end_of_record
TN:
SF:lambda\packages\responses\src\bad-request\bad-request.ts
FN:3,(anonymous_0)
FNF:1
FNH:1
FNDA:1,(anonymous_0)
DA:3,1
DA:6,1
LF:2
LH:2
BRF:0
BRH:0
end_of_record
TN:
SF:lambda\packages\responses\src\cors-bad-request\cors-bad-request.ts
FN:4,(anonymous_0)
FNF:1
FNH:1
FNDA:1,(anonymous_0)
DA:2,1
DA:4,1
DA:7,1
LF:3
LH:3
BRF:0
BRH:0
end_of_record
TN:
SF:lambda\packages\responses\src\cors-ok-response\cors-ok-response.ts
FN:5,(anonymous_0)
FNF:1
FNH:1
FNDA:2,(anonymous_0)
DA:3,1
DA:5,1
DA:8,2
LF:3
LH:3
BRDA:6,0,0,1
BRF:1
BRH:1
end_of_record
TN:
SF:lambda\packages\responses\src\cors-ok-response-with-data\cors-ok-response-with-data.ts
FN:4,(anonymous_0)
FNF:1
FNH:1
FNDA:1,(anonymous_0)
DA:2,1
DA:4,1
DA:5,1
LF:3
LH:3
BRF:0
BRH:0
end_of_record
TN:
SF:lambda\packages\responses\src\fatal-error-response\fatal-error-response.ts
FN:3,(anonymous_0)
FNF:1
FNH:1
FNDA:1,(anonymous_0)
DA:3,1
DA:4,1
LF:2
LH:2
BRF:0
BRH:0
end_of_record
TN:
SF:lambda\packages\responses\src\ok-response\ok-response.ts
FN:3,(anonymous_0)
FNF:1
FNH:1
FNDA:1,(anonymous_0)
DA:3,1
DA:4,1
LF:2
LH:2
BRDA:3,0,0,1
BRF:1
BRH:1
end_of_record
TN:
SF:lambda\packages\services\src\get-room-and-connections\get-room-and-connections.service.ts
FN:4,(anonymous_0)
FNF:1
FNH:1
FNDA:1,(anonymous_0)
DA:2,1
DA:4,1
DA:8,1
DA:9,1
DA:11,1
LF:5
LH:5
BRF:0
BRH:0
end_of_record
TN:
SF:lambda\packages\services\src\handle-host-disconnection\handle-host-disconnection.service.ts
FN:11,(anonymous_0)
FN:36,(anonymous_1)
FN:49,(anonymous_2)
FN:57,(anonymous_3)
FN:63,(anonymous_4)
FNF:5
FNH:5
FNDA:2,(anonymous_0)
FNDA:1,(anonymous_1)
FNDA:3,(anonymous_2)
FNDA:3,(anonymous_3)
FNDA:3,(anonymous_4)
DA:1,1
DA:7,1
DA:9,1
DA:11,1
DA:18,2
DA:21,2
DA:23,2
DA:24,1
DA:25,1
DA:36,1
DA:42,1
DA:44,1
DA:49,1
DA:56,3
DA:57,3
DA:60,3
DA:61,1
DA:63,3
DA:65,2
LF:19
LH:19
BRDA:21,0,0,1
BRDA:21,0,1,1
BRDA:23,1,0,1
BRDA:60,2,0,1
BRDA:60,2,1,2
BRF:5
BRH:5
end_of_record
TN:
SF:lambda\packages\services\src\handle-user-left\index.ts
FNF:0
FNH:0
DA:1,1
LF:1
LH:1
BRF:0
BRH:0
end_of_record
TN:
SF:lambda\packages\services\src\handle-user-left\user-left.service.ts
FN:8,(anonymous_0)
FNF:1
FNH:0
FNDA:0,(anonymous_0)
DA:1,1
DA:6,1
DA:8,1
DA:14,0
DA:16,0
LF:5
LH:3
BRF:0
BRH:0
end_of_record
TN:
SF:lambda\packages\services\src\increment-and-convert-to-seconds\increment-and-convert-to-seconds.service.ts
FN:3,(anonymous_0)
FNF:1
FNH:1
FNDA:2,(anonymous_0)
DA:1,1
DA:3,1
DA:7,2
LF:3
LH:3
BRF:0
BRH:0
end_of_record
TN:
SF:lambda\packages\services\src\milliseconds-to-seconds\index.ts
FNF:0
FNH:0
DA:1,1
LF:1
LH:1
BRF:0
BRH:0
end_of_record
TN:
SF:lambda\packages\services\src\milliseconds-to-seconds\milliseconds-to-seconds.service.ts
FN:1,(anonymous_0)
FNF:1
FNH:1
FNDA:4,(anonymous_0)
DA:1,2
DA:4,4
LF:2
LH:2
BRF:0
BRH:0
end_of_record
TN:
SF:lambda\packages\validators\src\cors-origin\cors-origin.validator.ts
FN:5,(anonymous_0)
FNF:1
FNH:1
FNDA:3,(anonymous_0)
DA:1,1
DA:5,1
DA:6,3
DA:10,2
DA:16,1
LF:5
LH:5
BRDA:6,0,0,2
BRDA:7,1,0,3
BRDA:7,1,1,2
BRF:3
BRH:3
end_of_record
TN:
SF:lambda\packages\validators\src\game-type-id\game-type-id.validator.ts
FN:3,(anonymous_0)
FNF:1
FNH:1
FNDA:4,(anonymous_0)
DA:3,1
DA:4,4
DA:5,1
DA:11,3
DA:12,2
DA:18,1
LF:6
LH:6
BRDA:4,0,0,1
BRDA:11,1,0,2
BRDA:11,2,0,3
BRDA:11,2,1,2
BRF:4
BRH:4
end_of_record
TN:
SF:lambda\packages\validators\src\room-code\room-code.validator.ts
FN:3,(anonymous_0)
FNF:1
FNH:1
FNDA:5,(anonymous_0)
DA:3,1
DA:4,5
DA:5,1
DA:11,4
DA:13,4
DA:14,3
DA:17,4
DA:18,3
DA:24,1
LF:9
LH:9
BRDA:4,0,0,1
BRDA:13,1,0,3
BRDA:17,2,0,3
BRF:3
BRH:3
end_of_record
TN:
SF:lambda\packages\validators\src\username\username.validator.ts
FN:3,(anonymous_0)
FNF:1
FNH:1
FNDA:6,(anonymous_0)
DA:3,1
DA:4,6
DA:5,1
DA:11,5
DA:13,5
DA:14,1
DA:17,5
DA:18,1
DA:21,5
DA:22,2
DA:28,3
LF:11
LH:11
BRDA:4,0,0,1
BRDA:13,1,0,1
BRDA:17,2,0,1
BRDA:21,3,0,2
BRF:4
BRH:4
end_of_record
